<start>
Summary of configuration for Project: Closure
--------------------------------------------------------------------------------
    Script dir: /Users/mac/Documents/GitHub/SOEN7481/defects4j/framework
      Base dir: /Users/mac/Documents/GitHub/SOEN7481/defects4j
    Major root: /Users/mac/Documents/GitHub/SOEN7481/defects4j/major
      Repo dir: /Users/mac/Documents/GitHub/SOEN7481/defects4j/project_repos
--------------------------------------------------------------------------------
    Project ID: Closure
       Program: closure-compiler
    Build file: /Users/mac/Documents/GitHub/SOEN7481/defects4j/framework/build-scripts/Closure/Closure.build.xml
--------------------------------------------------------------------------------
           Vcs: Vcs::Git
    Repository: /Users/mac/Documents/GitHub/SOEN7481/defects4j/project_repos/closure-compiler.git
     Commit db: /Users/mac/Documents/GitHub/SOEN7481/defects4j/framework/projects/Closure/commit-db
Number of bugs: 132
--------------------------------------------------------------------------------

Summary for Bug: 1
--------------------------------------------------------------------------------
Root cause in triggering tests:
 - com.google.javascript.jscomp.CommandLineRunnerTest::testSimpleModeLeavesUnusedParams
   --> junit.framework.AssertionFailedError: 
 - com.google.javascript.jscomp.CommandLineRunnerTest::testForwardDeclareDroppedTypes
   --> junit.framework.AssertionFailedError: 
 - com.google.javascript.jscomp.CommandLineRunnerTest::testDebugFlag1
   --> junit.framework.AssertionFailedError: 
 - com.google.javascript.jscomp.IntegrationTest::testIssue787
   --> junit.framework.AssertionFailedError: 
 - com.google.javascript.jscomp.RemoveUnusedVarsTest::testRemoveGlobal1
   --> junit.framework.AssertionFailedError: 
 - com.google.javascript.jscomp.RemoveUnusedVarsTest::testRemoveGlobal2
   --> junit.framework.AssertionFailedError: 
 - com.google.javascript.jscomp.RemoveUnusedVarsTest::testRemoveGlobal3
   --> junit.framework.AssertionFailedError: 
 - com.google.javascript.jscomp.RemoveUnusedVarsTest::testIssue168b
   --> junit.framework.AssertionFailedError: 
--------------------------------------------------------------------------------
List of modified sources:
 - com.google.javascript.jscomp.RemoveUnusedVars
--------------------------------------------------------------------------------
<end>
<start>
Summary of configuration for Project: Closure
--------------------------------------------------------------------------------
    Script dir: /Users/mac/Documents/GitHub/SOEN7481/defects4j/framework
      Base dir: /Users/mac/Documents/GitHub/SOEN7481/defects4j
    Major root: /Users/mac/Documents/GitHub/SOEN7481/defects4j/major
      Repo dir: /Users/mac/Documents/GitHub/SOEN7481/defects4j/project_repos
--------------------------------------------------------------------------------
    Project ID: Closure
       Program: closure-compiler
    Build file: /Users/mac/Documents/GitHub/SOEN7481/defects4j/framework/build-scripts/Closure/Closure.build.xml
--------------------------------------------------------------------------------
           Vcs: Vcs::Git
    Repository: /Users/mac/Documents/GitHub/SOEN7481/defects4j/project_repos/closure-compiler.git
     Commit db: /Users/mac/Documents/GitHub/SOEN7481/defects4j/framework/projects/Closure/commit-db
Number of bugs: 132
--------------------------------------------------------------------------------

Summary for Bug: 2
--------------------------------------------------------------------------------
Root cause in triggering tests:
 - com.google.javascript.jscomp.TypeCheckTest::testBadInterfaceExtendsNonExistentInterfaces
   --> java.lang.NullPointerException
--------------------------------------------------------------------------------
List of modified sources:
 - com.google.javascript.jscomp.TypeCheck
--------------------------------------------------------------------------------
<end>
<start>
Summary of configuration for Project: Closure
--------------------------------------------------------------------------------
    Script dir: /Users/mac/Documents/GitHub/SOEN7481/defects4j/framework
      Base dir: /Users/mac/Documents/GitHub/SOEN7481/defects4j
    Major root: /Users/mac/Documents/GitHub/SOEN7481/defects4j/major
      Repo dir: /Users/mac/Documents/GitHub/SOEN7481/defects4j/project_repos
--------------------------------------------------------------------------------
    Project ID: Closure
       Program: closure-compiler
    Build file: /Users/mac/Documents/GitHub/SOEN7481/defects4j/framework/build-scripts/Closure/Closure.build.xml
--------------------------------------------------------------------------------
           Vcs: Vcs::Git
    Repository: /Users/mac/Documents/GitHub/SOEN7481/defects4j/project_repos/closure-compiler.git
     Commit db: /Users/mac/Documents/GitHub/SOEN7481/defects4j/framework/projects/Closure/commit-db
Number of bugs: 132
--------------------------------------------------------------------------------

Summary for Bug: 3
--------------------------------------------------------------------------------
Root cause in triggering tests:
 - com.google.javascript.jscomp.FlowSensitiveInlineVariablesTest::testDoNotInlineCatchExpression1a
   --> junit.framework.AssertionFailedError: 
 - com.google.javascript.jscomp.FlowSensitiveInlineVariablesTest::testDoNotInlineCatchExpression1
   --> junit.framework.AssertionFailedError: 
 - com.google.javascript.jscomp.FlowSensitiveInlineVariablesTest::testDoNotInlineCatchExpression3
   --> junit.framework.AssertionFailedError: 
--------------------------------------------------------------------------------
List of modified sources:
 - com.google.javascript.jscomp.FlowSensitiveInlineVariables
--------------------------------------------------------------------------------
<end>
<start>
Summary of configuration for Project: Closure
--------------------------------------------------------------------------------
    Script dir: /Users/mac/Documents/GitHub/SOEN7481/defects4j/framework
      Base dir: /Users/mac/Documents/GitHub/SOEN7481/defects4j
    Major root: /Users/mac/Documents/GitHub/SOEN7481/defects4j/major
      Repo dir: /Users/mac/Documents/GitHub/SOEN7481/defects4j/project_repos
--------------------------------------------------------------------------------
    Project ID: Closure
       Program: closure-compiler
    Build file: /Users/mac/Documents/GitHub/SOEN7481/defects4j/framework/build-scripts/Closure/Closure.build.xml
--------------------------------------------------------------------------------
           Vcs: Vcs::Git
    Repository: /Users/mac/Documents/GitHub/SOEN7481/defects4j/project_repos/closure-compiler.git
     Commit db: /Users/mac/Documents/GitHub/SOEN7481/defects4j/framework/projects/Closure/commit-db
Number of bugs: 132
--------------------------------------------------------------------------------

Summary for Bug: 4
--------------------------------------------------------------------------------
Root cause in triggering tests:
 - com.google.javascript.jscomp.TypeCheckTest::testImplementsExtendsLoop
   --> junit.framework.AssertionFailedError: unexpected warning(s) : JSC_IMPLEMENTS_NON_INTERFACE. can only implement interfaces at [testcode] line 2 : 29, JSC_IMPLEMENTS_NON_INTERFACE. can only implement interfaces at [testcode] line 3 : 26 expected:<1> but was:<2>
 - com.google.javascript.jscomp.TypeCheckTest::testImplementsLoop
   --> junit.framework.AssertionFailedError: expected:<[Parse error. Cycle detected in inheritance chain of type T]> but was:<[can only implement interfaces]>
 - com.google.javascript.jscomp.TypeCheckTest::testConversionFromInterfaceToRecursiveConstructor
   --> java.lang.StackOverflowError
--------------------------------------------------------------------------------
List of modified sources:
 - com.google.javascript.rhino.jstype.ObjectType
 - com.google.javascript.rhino.jstype.NamedType
--------------------------------------------------------------------------------
<end>
<start>
Summary of configuration for Project: Closure
--------------------------------------------------------------------------------
    Script dir: /Users/mac/Documents/GitHub/SOEN7481/defects4j/framework
      Base dir: /Users/mac/Documents/GitHub/SOEN7481/defects4j
    Major root: /Users/mac/Documents/GitHub/SOEN7481/defects4j/major
      Repo dir: /Users/mac/Documents/GitHub/SOEN7481/defects4j/project_repos
--------------------------------------------------------------------------------
    Project ID: Closure
       Program: closure-compiler
    Build file: /Users/mac/Documents/GitHub/SOEN7481/defects4j/framework/build-scripts/Closure/Closure.build.xml
--------------------------------------------------------------------------------
           Vcs: Vcs::Git
    Repository: /Users/mac/Documents/GitHub/SOEN7481/defects4j/project_repos/closure-compiler.git
     Commit db: /Users/mac/Documents/GitHub/SOEN7481/defects4j/framework/projects/Closure/commit-db
Number of bugs: 132
--------------------------------------------------------------------------------

Summary for Bug: 5
--------------------------------------------------------------------------------
Root cause in triggering tests:
 - com.google.javascript.jscomp.InlineObjectLiteralsTest::testNoInlineDeletedProperties
   --> junit.framework.AssertionFailedError: 
--------------------------------------------------------------------------------
List of modified sources:
 - com.google.javascript.jscomp.InlineObjectLiterals
--------------------------------------------------------------------------------
<end>
<start>
Summary of configuration for Project: Closure
--------------------------------------------------------------------------------
    Script dir: /Users/mac/Documents/GitHub/SOEN7481/defects4j/framework
      Base dir: /Users/mac/Documents/GitHub/SOEN7481/defects4j
    Major root: /Users/mac/Documents/GitHub/SOEN7481/defects4j/major
      Repo dir: /Users/mac/Documents/GitHub/SOEN7481/defects4j/project_repos
--------------------------------------------------------------------------------
    Project ID: Closure
       Program: closure-compiler
    Build file: /Users/mac/Documents/GitHub/SOEN7481/defects4j/framework/build-scripts/Closure/Closure.build.xml
--------------------------------------------------------------------------------
           Vcs: Vcs::Git
    Repository: /Users/mac/Documents/GitHub/SOEN7481/defects4j/project_repos/closure-compiler.git
     Commit db: /Users/mac/Documents/GitHub/SOEN7481/defects4j/framework/projects/Closure/commit-db
Number of bugs: 132
--------------------------------------------------------------------------------

Summary for Bug: 6
--------------------------------------------------------------------------------
Root cause in triggering tests:
 - com.google.javascript.jscomp.LooseTypeCheckTest::testTypeRedefinition
   --> junit.framework.AssertionFailedError: expected:<2> but was:<1>
 - com.google.javascript.jscomp.TypeCheckTest::testIssue635b
   --> junit.framework.AssertionFailedError: expected a warning
 - com.google.javascript.jscomp.TypeCheckTest::testTypeRedefinition
   --> junit.framework.AssertionFailedError: unexpected warning(s) : JSC_DUP_VAR_DECLARATION. variable a.A redefined with type function (new:a.A): undefined, original definition at [testcode]:1 with type enum{a.A} at [testcode] line 1 : 61 expected:<2> but was:<1>
--------------------------------------------------------------------------------
List of modified sources:
 - com.google.javascript.rhino.jstype.FunctionType
 - com.google.javascript.jscomp.TypeValidator
--------------------------------------------------------------------------------
<end>
<start>
Summary of configuration for Project: Closure
--------------------------------------------------------------------------------
    Script dir: /Users/mac/Documents/GitHub/SOEN7481/defects4j/framework
      Base dir: /Users/mac/Documents/GitHub/SOEN7481/defects4j
    Major root: /Users/mac/Documents/GitHub/SOEN7481/defects4j/major
      Repo dir: /Users/mac/Documents/GitHub/SOEN7481/defects4j/project_repos
--------------------------------------------------------------------------------
    Project ID: Closure
       Program: closure-compiler
    Build file: /Users/mac/Documents/GitHub/SOEN7481/defects4j/framework/build-scripts/Closure/Closure.build.xml
--------------------------------------------------------------------------------
           Vcs: Vcs::Git
    Repository: /Users/mac/Documents/GitHub/SOEN7481/defects4j/project_repos/closure-compiler.git
     Commit db: /Users/mac/Documents/GitHub/SOEN7481/defects4j/framework/projects/Closure/commit-db
Number of bugs: 132
--------------------------------------------------------------------------------

Summary for Bug: 7
--------------------------------------------------------------------------------
Root cause in triggering tests:
 - com.google.javascript.jscomp.ClosureReverseAbstractInterpreterTest::testGoogIsFunction2
   --> junit.framework.AssertionFailedError: Expected: (Object|boolean|number|string)
 - com.google.javascript.jscomp.SemanticReverseAbstractInterpreterTest::testTypeof3
   --> junit.framework.AssertionFailedError: Expected: (Object|boolean|number|string)
--------------------------------------------------------------------------------
List of modified sources:
 - com.google.javascript.jscomp.type.ChainableReverseAbstractInterpreter
--------------------------------------------------------------------------------
<end>
<start>
Summary of configuration for Project: Closure
--------------------------------------------------------------------------------
    Script dir: /Users/mac/Documents/GitHub/SOEN7481/defects4j/framework
      Base dir: /Users/mac/Documents/GitHub/SOEN7481/defects4j
    Major root: /Users/mac/Documents/GitHub/SOEN7481/defects4j/major
      Repo dir: /Users/mac/Documents/GitHub/SOEN7481/defects4j/project_repos
--------------------------------------------------------------------------------
    Project ID: Closure
       Program: closure-compiler
    Build file: /Users/mac/Documents/GitHub/SOEN7481/defects4j/framework/build-scripts/Closure/Closure.build.xml
--------------------------------------------------------------------------------
           Vcs: Vcs::Git
    Repository: /Users/mac/Documents/GitHub/SOEN7481/defects4j/project_repos/closure-compiler.git
     Commit db: /Users/mac/Documents/GitHub/SOEN7481/defects4j/framework/projects/Closure/commit-db
Number of bugs: 132
--------------------------------------------------------------------------------

Summary for Bug: 8
--------------------------------------------------------------------------------
Root cause in triggering tests:
 - com.google.javascript.jscomp.CollapseVariableDeclarationsTest::testIssue820
   --> junit.framework.AssertionFailedError: 
--------------------------------------------------------------------------------
List of modified sources:
 - com.google.javascript.jscomp.CollapseVariableDeclarations
--------------------------------------------------------------------------------
<end>
<start>
Summary of configuration for Project: Closure
--------------------------------------------------------------------------------
    Script dir: /Users/mac/Documents/GitHub/SOEN7481/defects4j/framework
      Base dir: /Users/mac/Documents/GitHub/SOEN7481/defects4j
    Major root: /Users/mac/Documents/GitHub/SOEN7481/defects4j/major
      Repo dir: /Users/mac/Documents/GitHub/SOEN7481/defects4j/project_repos
--------------------------------------------------------------------------------
    Project ID: Closure
       Program: closure-compiler
    Build file: /Users/mac/Documents/GitHub/SOEN7481/defects4j/framework/build-scripts/Closure/Closure.build.xml
--------------------------------------------------------------------------------
           Vcs: Vcs::Git
    Repository: /Users/mac/Documents/GitHub/SOEN7481/defects4j/project_repos/closure-compiler.git
     Commit db: /Users/mac/Documents/GitHub/SOEN7481/defects4j/framework/projects/Closure/commit-db
Number of bugs: 132
--------------------------------------------------------------------------------

Summary for Bug: 9
--------------------------------------------------------------------------------
Root cause in triggering tests:
 - com.google.javascript.jscomp.ProcessCommonJSModulesTest::testGuessModuleName
   --> junit.framework.ComparisonFailure: expected:<module$[]baz> but was:<module$[foo\]baz>
--------------------------------------------------------------------------------
List of modified sources:
 - com.google.javascript.jscomp.ProcessCommonJSModules
--------------------------------------------------------------------------------
<end>
<start>
Summary of configuration for Project: Closure
--------------------------------------------------------------------------------
    Script dir: /Users/mac/Documents/GitHub/SOEN7481/defects4j/framework
      Base dir: /Users/mac/Documents/GitHub/SOEN7481/defects4j
    Major root: /Users/mac/Documents/GitHub/SOEN7481/defects4j/major
      Repo dir: /Users/mac/Documents/GitHub/SOEN7481/defects4j/project_repos
--------------------------------------------------------------------------------
    Project ID: Closure
       Program: closure-compiler
    Build file: /Users/mac/Documents/GitHub/SOEN7481/defects4j/framework/build-scripts/Closure/Closure.build.xml
--------------------------------------------------------------------------------
           Vcs: Vcs::Git
    Repository: /Users/mac/Documents/GitHub/SOEN7481/defects4j/project_repos/closure-compiler.git
     Commit db: /Users/mac/Documents/GitHub/SOEN7481/defects4j/framework/projects/Closure/commit-db
Number of bugs: 132
--------------------------------------------------------------------------------

Summary for Bug: 10
--------------------------------------------------------------------------------
Root cause in triggering tests:
 - com.google.javascript.jscomp.PeepholeFoldConstantsTest::testIssue821
   --> junit.framework.AssertionFailedError: 
--------------------------------------------------------------------------------
List of modified sources:
 - com.google.javascript.jscomp.NodeUtil
--------------------------------------------------------------------------------
<end>
<start>
Summary of configuration for Project: Closure
--------------------------------------------------------------------------------
    Script dir: /Users/mac/Documents/GitHub/SOEN7481/defects4j/framework
      Base dir: /Users/mac/Documents/GitHub/SOEN7481/defects4j
    Major root: /Users/mac/Documents/GitHub/SOEN7481/defects4j/major
      Repo dir: /Users/mac/Documents/GitHub/SOEN7481/defects4j/project_repos
--------------------------------------------------------------------------------
    Project ID: Closure
       Program: closure-compiler
    Build file: /Users/mac/Documents/GitHub/SOEN7481/defects4j/framework/build-scripts/Closure/Closure.build.xml
--------------------------------------------------------------------------------
           Vcs: Vcs::Git
    Repository: /Users/mac/Documents/GitHub/SOEN7481/defects4j/project_repos/closure-compiler.git
     Commit db: /Users/mac/Documents/GitHub/SOEN7481/defects4j/framework/projects/Closure/commit-db
Number of bugs: 132
--------------------------------------------------------------------------------

Summary for Bug: 11
--------------------------------------------------------------------------------
Root cause in triggering tests:
 - com.google.javascript.jscomp.TypeCheckTest::testGetprop4
   --> junit.framework.AssertionFailedError: expected a warning
 - com.google.javascript.jscomp.TypeCheckTest::testIssue810
   --> junit.framework.AssertionFailedError: expected a warning
--------------------------------------------------------------------------------
List of modified sources:
 - com.google.javascript.jscomp.TypeCheck
--------------------------------------------------------------------------------
<end>
<start>
Summary of configuration for Project: Closure
--------------------------------------------------------------------------------
    Script dir: /Users/mac/Documents/GitHub/SOEN7481/defects4j/framework
      Base dir: /Users/mac/Documents/GitHub/SOEN7481/defects4j
    Major root: /Users/mac/Documents/GitHub/SOEN7481/defects4j/major
      Repo dir: /Users/mac/Documents/GitHub/SOEN7481/defects4j/project_repos
--------------------------------------------------------------------------------
    Project ID: Closure
       Program: closure-compiler
    Build file: /Users/mac/Documents/GitHub/SOEN7481/defects4j/framework/build-scripts/Closure/Closure.build.xml
--------------------------------------------------------------------------------
           Vcs: Vcs::Git
    Repository: /Users/mac/Documents/GitHub/SOEN7481/defects4j/project_repos/closure-compiler.git
     Commit db: /Users/mac/Documents/GitHub/SOEN7481/defects4j/framework/projects/Closure/commit-db
Number of bugs: 132
--------------------------------------------------------------------------------

Summary for Bug: 12
--------------------------------------------------------------------------------
Root cause in triggering tests:
 - com.google.javascript.jscomp.FlowSensitiveInlineVariablesTest::testIssue794b
   --> junit.framework.AssertionFailedError: 
--------------------------------------------------------------------------------
List of modified sources:
 - com.google.javascript.jscomp.MaybeReachingVariableUse
--------------------------------------------------------------------------------
<end>
<start>
Summary of configuration for Project: Closure
--------------------------------------------------------------------------------
    Script dir: /Users/mac/Documents/GitHub/SOEN7481/defects4j/framework
      Base dir: /Users/mac/Documents/GitHub/SOEN7481/defects4j
    Major root: /Users/mac/Documents/GitHub/SOEN7481/defects4j/major
      Repo dir: /Users/mac/Documents/GitHub/SOEN7481/defects4j/project_repos
--------------------------------------------------------------------------------
    Project ID: Closure
       Program: closure-compiler
    Build file: /Users/mac/Documents/GitHub/SOEN7481/defects4j/framework/build-scripts/Closure/Closure.build.xml
--------------------------------------------------------------------------------
           Vcs: Vcs::Git
    Repository: /Users/mac/Documents/GitHub/SOEN7481/defects4j/project_repos/closure-compiler.git
     Commit db: /Users/mac/Documents/GitHub/SOEN7481/defects4j/framework/projects/Closure/commit-db
Number of bugs: 132
--------------------------------------------------------------------------------

Summary for Bug: 13
--------------------------------------------------------------------------------
Root cause in triggering tests:
 - com.google.javascript.jscomp.IntegrationTest::testIssue787
   --> junit.framework.AssertionFailedError: 
--------------------------------------------------------------------------------
List of modified sources:
 - com.google.javascript.jscomp.PeepholeOptimizationsPass
--------------------------------------------------------------------------------
<end>
<start>
Summary of configuration for Project: Closure
--------------------------------------------------------------------------------
    Script dir: /Users/mac/Documents/GitHub/SOEN7481/defects4j/framework
      Base dir: /Users/mac/Documents/GitHub/SOEN7481/defects4j
    Major root: /Users/mac/Documents/GitHub/SOEN7481/defects4j/major
      Repo dir: /Users/mac/Documents/GitHub/SOEN7481/defects4j/project_repos
--------------------------------------------------------------------------------
    Project ID: Closure
       Program: closure-compiler
    Build file: /Users/mac/Documents/GitHub/SOEN7481/defects4j/framework/build-scripts/Closure/Closure.build.xml
--------------------------------------------------------------------------------
           Vcs: Vcs::Git
    Repository: /Users/mac/Documents/GitHub/SOEN7481/defects4j/project_repos/closure-compiler.git
     Commit db: /Users/mac/Documents/GitHub/SOEN7481/defects4j/framework/projects/Closure/commit-db
Number of bugs: 132
--------------------------------------------------------------------------------

Summary for Bug: 14
--------------------------------------------------------------------------------
Root cause in triggering tests:
 - com.google.javascript.jscomp.CheckMissingReturnTest::testIssue779
   --> junit.framework.AssertionFailedError: Unexpected error(s): JSC_MISSING_RETURN_STATEMENT. Missing return statement. Function expected to return number. at testcode line 1 : 24 expected:<0> but was:<1>
 - com.google.javascript.jscomp.ControlFlowAnalysisTest::testDeepNestedFinally
   --> junit.framework.AssertionFailedError: No cross edges found
 - com.google.javascript.jscomp.ControlFlowAnalysisTest::testDeepNestedBreakwithFinally
   --> junit.framework.AssertionFailedError: No cross edges found
--------------------------------------------------------------------------------
List of modified sources:
 - com.google.javascript.jscomp.ControlFlowGraph
 - com.google.javascript.jscomp.ControlFlowAnalysis
--------------------------------------------------------------------------------
<end>
<start>
Summary of configuration for Project: Closure
--------------------------------------------------------------------------------
    Script dir: /Users/mac/Documents/GitHub/SOEN7481/defects4j/framework
      Base dir: /Users/mac/Documents/GitHub/SOEN7481/defects4j
    Major root: /Users/mac/Documents/GitHub/SOEN7481/defects4j/major
      Repo dir: /Users/mac/Documents/GitHub/SOEN7481/defects4j/project_repos
--------------------------------------------------------------------------------
    Project ID: Closure
       Program: closure-compiler
    Build file: /Users/mac/Documents/GitHub/SOEN7481/defects4j/framework/build-scripts/Closure/Closure.build.xml
--------------------------------------------------------------------------------
           Vcs: Vcs::Git
    Repository: /Users/mac/Documents/GitHub/SOEN7481/defects4j/project_repos/closure-compiler.git
     Commit db: /Users/mac/Documents/GitHub/SOEN7481/defects4j/framework/projects/Closure/commit-db
Number of bugs: 132
--------------------------------------------------------------------------------

Summary for Bug: 15
--------------------------------------------------------------------------------
Root cause in triggering tests:
 - com.google.javascript.jscomp.FlowSensitiveInlineVariablesTest::testSimpleForIn
   --> junit.framework.AssertionFailedError: 
--------------------------------------------------------------------------------
List of modified sources:
 - com.google.javascript.jscomp.FlowSensitiveInlineVariables
--------------------------------------------------------------------------------
<end>
<start>
Summary of configuration for Project: Closure
--------------------------------------------------------------------------------
    Script dir: /Users/mac/Documents/GitHub/SOEN7481/defects4j/framework
      Base dir: /Users/mac/Documents/GitHub/SOEN7481/defects4j
    Major root: /Users/mac/Documents/GitHub/SOEN7481/defects4j/major
      Repo dir: /Users/mac/Documents/GitHub/SOEN7481/defects4j/project_repos
--------------------------------------------------------------------------------
    Project ID: Closure
       Program: closure-compiler
    Build file: /Users/mac/Documents/GitHub/SOEN7481/defects4j/framework/build-scripts/Closure/Closure.build.xml
--------------------------------------------------------------------------------
           Vcs: Vcs::Git
    Repository: /Users/mac/Documents/GitHub/SOEN7481/defects4j/project_repos/closure-compiler.git
     Commit db: /Users/mac/Documents/GitHub/SOEN7481/defects4j/framework/projects/Closure/commit-db
Number of bugs: 132
--------------------------------------------------------------------------------

Summary for Bug: 16
--------------------------------------------------------------------------------
Root cause in triggering tests:
 - com.google.javascript.jscomp.IntegrationTest::testIssue772
   --> junit.framework.AssertionFailedError: Expected no warnings or errors
 - com.google.javascript.jscomp.ScopedAliasesTest::testIssue772
   --> junit.framework.AssertionFailedError: Expected: <null> but was: Node tree inequality:
--------------------------------------------------------------------------------
List of modified sources:
 - com.google.javascript.jscomp.ScopedAliases
--------------------------------------------------------------------------------
<end>
<start>
Summary of configuration for Project: Closure
--------------------------------------------------------------------------------
    Script dir: /Users/mac/Documents/GitHub/SOEN7481/defects4j/framework
      Base dir: /Users/mac/Documents/GitHub/SOEN7481/defects4j
    Major root: /Users/mac/Documents/GitHub/SOEN7481/defects4j/major
      Repo dir: /Users/mac/Documents/GitHub/SOEN7481/defects4j/project_repos
--------------------------------------------------------------------------------
    Project ID: Closure
       Program: closure-compiler
    Build file: /Users/mac/Documents/GitHub/SOEN7481/defects4j/framework/build-scripts/Closure/Closure.build.xml
--------------------------------------------------------------------------------
           Vcs: Vcs::Git
    Repository: /Users/mac/Documents/GitHub/SOEN7481/defects4j/project_repos/closure-compiler.git
     Commit db: /Users/mac/Documents/GitHub/SOEN7481/defects4j/framework/projects/Closure/commit-db
Number of bugs: 132
--------------------------------------------------------------------------------

Summary for Bug: 17
--------------------------------------------------------------------------------
Root cause in triggering tests:
 - com.google.javascript.jscomp.TypeCheckTest::testIssue688
   --> junit.framework.ComparisonFailure: expected:<in[consistent return type
--------------------------------------------------------------------------------
List of modified sources:
 - com.google.javascript.jscomp.TypedScopeCreator
--------------------------------------------------------------------------------
<end>
<start>
Summary of configuration for Project: Closure
--------------------------------------------------------------------------------
    Script dir: /Users/mac/Documents/GitHub/SOEN7481/defects4j/framework
      Base dir: /Users/mac/Documents/GitHub/SOEN7481/defects4j
    Major root: /Users/mac/Documents/GitHub/SOEN7481/defects4j/major
      Repo dir: /Users/mac/Documents/GitHub/SOEN7481/defects4j/project_repos
--------------------------------------------------------------------------------
    Project ID: Closure
       Program: closure-compiler
    Build file: /Users/mac/Documents/GitHub/SOEN7481/defects4j/framework/build-scripts/Closure/Closure.build.xml
--------------------------------------------------------------------------------
           Vcs: Vcs::Git
    Repository: /Users/mac/Documents/GitHub/SOEN7481/defects4j/project_repos/closure-compiler.git
     Commit db: /Users/mac/Documents/GitHub/SOEN7481/defects4j/framework/projects/Closure/commit-db
Number of bugs: 132
--------------------------------------------------------------------------------

Summary for Bug: 18
--------------------------------------------------------------------------------
Root cause in triggering tests:
 - com.google.javascript.jscomp.IntegrationTest::testDependencySorting
   --> junit.framework.AssertionFailedError: 
--------------------------------------------------------------------------------
List of modified sources:
 - com.google.javascript.jscomp.Compiler
--------------------------------------------------------------------------------
<end>
<start>
Summary of configuration for Project: Closure
--------------------------------------------------------------------------------
    Script dir: /Users/mac/Documents/GitHub/SOEN7481/defects4j/framework
      Base dir: /Users/mac/Documents/GitHub/SOEN7481/defects4j
    Major root: /Users/mac/Documents/GitHub/SOEN7481/defects4j/major
      Repo dir: /Users/mac/Documents/GitHub/SOEN7481/defects4j/project_repos
--------------------------------------------------------------------------------
    Project ID: Closure
       Program: closure-compiler
    Build file: /Users/mac/Documents/GitHub/SOEN7481/defects4j/framework/build-scripts/Closure/Closure.build.xml
--------------------------------------------------------------------------------
           Vcs: Vcs::Git
    Repository: /Users/mac/Documents/GitHub/SOEN7481/defects4j/project_repos/closure-compiler.git
     Commit db: /Users/mac/Documents/GitHub/SOEN7481/defects4j/framework/projects/Closure/commit-db
Number of bugs: 132
--------------------------------------------------------------------------------

Summary for Bug: 19
--------------------------------------------------------------------------------
Root cause in triggering tests:
 - com.google.javascript.jscomp.TypeInferenceTest::testNoThisInference
   --> java.lang.IllegalArgumentException: Node cannot be refined. 
--------------------------------------------------------------------------------
List of modified sources:
 - com.google.javascript.jscomp.type.ChainableReverseAbstractInterpreter
--------------------------------------------------------------------------------
<end>
<start>
Summary of configuration for Project: Closure
--------------------------------------------------------------------------------
    Script dir: /Users/mac/Documents/GitHub/SOEN7481/defects4j/framework
      Base dir: /Users/mac/Documents/GitHub/SOEN7481/defects4j
    Major root: /Users/mac/Documents/GitHub/SOEN7481/defects4j/major
      Repo dir: /Users/mac/Documents/GitHub/SOEN7481/defects4j/project_repos
--------------------------------------------------------------------------------
    Project ID: Closure
       Program: closure-compiler
    Build file: /Users/mac/Documents/GitHub/SOEN7481/defects4j/framework/build-scripts/Closure/Closure.build.xml
--------------------------------------------------------------------------------
           Vcs: Vcs::Git
    Repository: /Users/mac/Documents/GitHub/SOEN7481/defects4j/project_repos/closure-compiler.git
     Commit db: /Users/mac/Documents/GitHub/SOEN7481/defects4j/framework/projects/Closure/commit-db
Number of bugs: 132
--------------------------------------------------------------------------------

Summary for Bug: 20
--------------------------------------------------------------------------------
Root cause in triggering tests:
 - com.google.javascript.jscomp.PeepholeSubstituteAlternateSyntaxTest::testSimpleFunctionCall
   --> junit.framework.AssertionFailedError: 
--------------------------------------------------------------------------------
List of modified sources:
 - com.google.javascript.jscomp.PeepholeSubstituteAlternateSyntax
--------------------------------------------------------------------------------
<end>
<start>
Summary of configuration for Project: Closure
--------------------------------------------------------------------------------
    Script dir: /Users/mac/Documents/GitHub/SOEN7481/defects4j/framework
      Base dir: /Users/mac/Documents/GitHub/SOEN7481/defects4j
    Major root: /Users/mac/Documents/GitHub/SOEN7481/defects4j/major
      Repo dir: /Users/mac/Documents/GitHub/SOEN7481/defects4j/project_repos
--------------------------------------------------------------------------------
    Project ID: Closure
       Program: closure-compiler
    Build file: /Users/mac/Documents/GitHub/SOEN7481/defects4j/framework/build-scripts/Closure/Closure.build.xml
--------------------------------------------------------------------------------
           Vcs: Vcs::Git
    Repository: /Users/mac/Documents/GitHub/SOEN7481/defects4j/project_repos/closure-compiler.git
     Commit db: /Users/mac/Documents/GitHub/SOEN7481/defects4j/framework/projects/Closure/commit-db
Number of bugs: 132
--------------------------------------------------------------------------------

Summary for Bug: 21
--------------------------------------------------------------------------------
Root cause in triggering tests:
 - com.google.javascript.jscomp.CheckSideEffectsTest::testUselessCode
   --> junit.framework.AssertionFailedError: There should be one warning, repeated 1 time(s). expected:<1> but was:<0>
--------------------------------------------------------------------------------
List of modified sources:
 - com.google.javascript.jscomp.CheckSideEffects
 - com.google.javascript.jscomp.NodeUtil
--------------------------------------------------------------------------------
<end>
<start>
Summary of configuration for Project: Closure
--------------------------------------------------------------------------------
    Script dir: /Users/mac/Documents/GitHub/SOEN7481/defects4j/framework
      Base dir: /Users/mac/Documents/GitHub/SOEN7481/defects4j
    Major root: /Users/mac/Documents/GitHub/SOEN7481/defects4j/major
      Repo dir: /Users/mac/Documents/GitHub/SOEN7481/defects4j/project_repos
--------------------------------------------------------------------------------
    Project ID: Closure
       Program: closure-compiler
    Build file: /Users/mac/Documents/GitHub/SOEN7481/defects4j/framework/build-scripts/Closure/Closure.build.xml
--------------------------------------------------------------------------------
           Vcs: Vcs::Git
    Repository: /Users/mac/Documents/GitHub/SOEN7481/defects4j/project_repos/closure-compiler.git
     Commit db: /Users/mac/Documents/GitHub/SOEN7481/defects4j/framework/projects/Closure/commit-db
Number of bugs: 132
--------------------------------------------------------------------------------

Summary for Bug: 22
--------------------------------------------------------------------------------
Root cause in triggering tests:
 - com.google.javascript.jscomp.CheckSideEffectsTest::testUselessCode
   --> junit.framework.AssertionFailedError: There should be one warning, repeated 1 time(s). expected:<1> but was:<0>
--------------------------------------------------------------------------------
List of modified sources:
 - com.google.javascript.jscomp.CheckSideEffects
 - com.google.javascript.jscomp.NodeUtil
--------------------------------------------------------------------------------
<end>
<start>
Summary of configuration for Project: Closure
--------------------------------------------------------------------------------
    Script dir: /Users/mac/Documents/GitHub/SOEN7481/defects4j/framework
      Base dir: /Users/mac/Documents/GitHub/SOEN7481/defects4j
    Major root: /Users/mac/Documents/GitHub/SOEN7481/defects4j/major
      Repo dir: /Users/mac/Documents/GitHub/SOEN7481/defects4j/project_repos
--------------------------------------------------------------------------------
    Project ID: Closure
       Program: closure-compiler
    Build file: /Users/mac/Documents/GitHub/SOEN7481/defects4j/framework/build-scripts/Closure/Closure.build.xml
--------------------------------------------------------------------------------
           Vcs: Vcs::Git
    Repository: /Users/mac/Documents/GitHub/SOEN7481/defects4j/project_repos/closure-compiler.git
     Commit db: /Users/mac/Documents/GitHub/SOEN7481/defects4j/framework/projects/Closure/commit-db
Number of bugs: 132
--------------------------------------------------------------------------------

Summary for Bug: 23
--------------------------------------------------------------------------------
Root cause in triggering tests:
 - com.google.javascript.jscomp.PeepholeFoldConstantsTest::testFoldGetElem
   --> junit.framework.AssertionFailedError: 
--------------------------------------------------------------------------------
List of modified sources:
 - com.google.javascript.jscomp.PeepholeFoldConstants
--------------------------------------------------------------------------------
<end>
<start>
Summary of configuration for Project: Closure
--------------------------------------------------------------------------------
    Script dir: /Users/mac/Documents/GitHub/SOEN7481/defects4j/framework
      Base dir: /Users/mac/Documents/GitHub/SOEN7481/defects4j
    Major root: /Users/mac/Documents/GitHub/SOEN7481/defects4j/major
      Repo dir: /Users/mac/Documents/GitHub/SOEN7481/defects4j/project_repos
--------------------------------------------------------------------------------
    Project ID: Closure
       Program: closure-compiler
    Build file: /Users/mac/Documents/GitHub/SOEN7481/defects4j/framework/build-scripts/Closure/Closure.build.xml
--------------------------------------------------------------------------------
           Vcs: Vcs::Git
    Repository: /Users/mac/Documents/GitHub/SOEN7481/defects4j/project_repos/closure-compiler.git
     Commit db: /Users/mac/Documents/GitHub/SOEN7481/defects4j/framework/projects/Closure/commit-db
Number of bugs: 132
--------------------------------------------------------------------------------

Summary for Bug: 24
--------------------------------------------------------------------------------
Root cause in triggering tests:
 - com.google.javascript.jscomp.ScopedAliasesTest::testNonAliasLocal
   --> junit.framework.AssertionFailedError: There should be one error.  expected:<1> but was:<0>
--------------------------------------------------------------------------------
List of modified sources:
 - com.google.javascript.jscomp.ScopedAliases
--------------------------------------------------------------------------------
<end>
<start>
Summary of configuration for Project: Closure
--------------------------------------------------------------------------------
    Script dir: /Users/mac/Documents/GitHub/SOEN7481/defects4j/framework
      Base dir: /Users/mac/Documents/GitHub/SOEN7481/defects4j
    Major root: /Users/mac/Documents/GitHub/SOEN7481/defects4j/major
      Repo dir: /Users/mac/Documents/GitHub/SOEN7481/defects4j/project_repos
--------------------------------------------------------------------------------
    Project ID: Closure
       Program: closure-compiler
    Build file: /Users/mac/Documents/GitHub/SOEN7481/defects4j/framework/build-scripts/Closure/Closure.build.xml
--------------------------------------------------------------------------------
           Vcs: Vcs::Git
    Repository: /Users/mac/Documents/GitHub/SOEN7481/defects4j/project_repos/closure-compiler.git
     Commit db: /Users/mac/Documents/GitHub/SOEN7481/defects4j/framework/projects/Closure/commit-db
Number of bugs: 132
--------------------------------------------------------------------------------

Summary for Bug: 25
--------------------------------------------------------------------------------
Root cause in triggering tests:
 - com.google.javascript.jscomp.TypeInferenceTest::testBackwardsInferenceNew
   --> junit.framework.ComparisonFailure: expected:<{[foo: (number|undefined)]}> but was:<{[]}>
--------------------------------------------------------------------------------
List of modified sources:
 - com.google.javascript.jscomp.TypeInference
--------------------------------------------------------------------------------
<end>
<start>
Summary of configuration for Project: Closure
--------------------------------------------------------------------------------
    Script dir: /Users/mac/Documents/GitHub/SOEN7481/defects4j/framework
      Base dir: /Users/mac/Documents/GitHub/SOEN7481/defects4j
    Major root: /Users/mac/Documents/GitHub/SOEN7481/defects4j/major
      Repo dir: /Users/mac/Documents/GitHub/SOEN7481/defects4j/project_repos
--------------------------------------------------------------------------------
    Project ID: Closure
       Program: closure-compiler
    Build file: /Users/mac/Documents/GitHub/SOEN7481/defects4j/framework/build-scripts/Closure/Closure.build.xml
--------------------------------------------------------------------------------
           Vcs: Vcs::Git
    Repository: /Users/mac/Documents/GitHub/SOEN7481/defects4j/project_repos/closure-compiler.git
     Commit db: /Users/mac/Documents/GitHub/SOEN7481/defects4j/framework/projects/Closure/commit-db
Number of bugs: 132
--------------------------------------------------------------------------------

Summary for Bug: 26
--------------------------------------------------------------------------------
Root cause in triggering tests:
 - com.google.javascript.jscomp.CommandLineRunnerTest::testTransformAMDAndProcessCJS
   --> junit.framework.AssertionFailedError: 
 - com.google.javascript.jscomp.CommandLineRunnerTest::testProcessCJS
   --> junit.framework.AssertionFailedError: 
 - com.google.javascript.jscomp.ProcessCommonJSModulesTest::testExports
   --> junit.framework.AssertionFailedError: 
 - com.google.javascript.jscomp.ProcessCommonJSModulesTest::testModuleName
   --> junit.framework.AssertionFailedError: 
 - com.google.javascript.jscomp.ProcessCommonJSModulesTest::testDash
   --> junit.framework.AssertionFailedError: 
 - com.google.javascript.jscomp.ProcessCommonJSModulesTest::testVarRenaming
   --> junit.framework.AssertionFailedError: 
 - com.google.javascript.jscomp.ProcessCommonJSModulesTest::testWithoutExports
   --> junit.framework.AssertionFailedError: 
--------------------------------------------------------------------------------
List of modified sources:
 - com.google.javascript.jscomp.ProcessCommonJSModules
--------------------------------------------------------------------------------
<end>
<start>
Summary of configuration for Project: Closure
--------------------------------------------------------------------------------
    Script dir: /Users/mac/Documents/GitHub/SOEN7481/defects4j/framework
      Base dir: /Users/mac/Documents/GitHub/SOEN7481/defects4j
    Major root: /Users/mac/Documents/GitHub/SOEN7481/defects4j/major
      Repo dir: /Users/mac/Documents/GitHub/SOEN7481/defects4j/project_repos
--------------------------------------------------------------------------------
    Project ID: Closure
       Program: closure-compiler
    Build file: /Users/mac/Documents/GitHub/SOEN7481/defects4j/framework/build-scripts/Closure/Closure.build.xml
--------------------------------------------------------------------------------
           Vcs: Vcs::Git
    Repository: /Users/mac/Documents/GitHub/SOEN7481/defects4j/project_repos/closure-compiler.git
     Commit db: /Users/mac/Documents/GitHub/SOEN7481/defects4j/framework/projects/Closure/commit-db
Number of bugs: 132
--------------------------------------------------------------------------------

Summary for Bug: 27
--------------------------------------------------------------------------------
Root cause in triggering tests:
 - com.google.javascript.rhino.IRTest::testIssue727_1
   --> java.lang.IllegalStateException
 - com.google.javascript.rhino.IRTest::testIssue727_2
   --> java.lang.IllegalStateException
 - com.google.javascript.rhino.IRTest::testIssue727_3
   --> java.lang.IllegalStateException
--------------------------------------------------------------------------------
List of modified sources:
 - com.google.javascript.rhino.IR
--------------------------------------------------------------------------------
<end>
<start>
Summary of configuration for Project: Closure
--------------------------------------------------------------------------------
    Script dir: /Users/mac/Documents/GitHub/SOEN7481/defects4j/framework
      Base dir: /Users/mac/Documents/GitHub/SOEN7481/defects4j
    Major root: /Users/mac/Documents/GitHub/SOEN7481/defects4j/major
      Repo dir: /Users/mac/Documents/GitHub/SOEN7481/defects4j/project_repos
--------------------------------------------------------------------------------
    Project ID: Closure
       Program: closure-compiler
    Build file: /Users/mac/Documents/GitHub/SOEN7481/defects4j/framework/build-scripts/Closure/Closure.build.xml
--------------------------------------------------------------------------------
           Vcs: Vcs::Git
    Repository: /Users/mac/Documents/GitHub/SOEN7481/defects4j/project_repos/closure-compiler.git
     Commit db: /Users/mac/Documents/GitHub/SOEN7481/defects4j/framework/projects/Closure/commit-db
Number of bugs: 132
--------------------------------------------------------------------------------

Summary for Bug: 28
--------------------------------------------------------------------------------
Root cause in triggering tests:
 - com.google.javascript.jscomp.InlineCostEstimatorTest::testCost
   --> junit.framework.AssertionFailedError: expected:<1> but was:<4>
 - com.google.javascript.jscomp.InlineFunctionsTest::testIssue728
   --> junit.framework.AssertionFailedError: 
--------------------------------------------------------------------------------
List of modified sources:
 - com.google.javascript.jscomp.CodeGenerator
 - com.google.javascript.jscomp.CodeConsumer
 - com.google.javascript.jscomp.InlineCostEstimator
--------------------------------------------------------------------------------
<end>
<start>
Summary of configuration for Project: Closure
--------------------------------------------------------------------------------
    Script dir: /Users/mac/Documents/GitHub/SOEN7481/defects4j/framework
      Base dir: /Users/mac/Documents/GitHub/SOEN7481/defects4j
    Major root: /Users/mac/Documents/GitHub/SOEN7481/defects4j/major
      Repo dir: /Users/mac/Documents/GitHub/SOEN7481/defects4j/project_repos
--------------------------------------------------------------------------------
    Project ID: Closure
       Program: closure-compiler
    Build file: /Users/mac/Documents/GitHub/SOEN7481/defects4j/framework/build-scripts/Closure/Closure.build.xml
--------------------------------------------------------------------------------
           Vcs: Vcs::Git
    Repository: /Users/mac/Documents/GitHub/SOEN7481/defects4j/project_repos/closure-compiler.git
     Commit db: /Users/mac/Documents/GitHub/SOEN7481/defects4j/framework/projects/Closure/commit-db
Number of bugs: 132
--------------------------------------------------------------------------------

Summary for Bug: 29
--------------------------------------------------------------------------------
Root cause in triggering tests:
 - com.google.javascript.jscomp.InlineObjectLiteralsTest::testObject10
   --> junit.framework.AssertionFailedError: 
 - com.google.javascript.jscomp.InlineObjectLiteralsTest::testObject12
   --> junit.framework.AssertionFailedError: 
 - com.google.javascript.jscomp.InlineObjectLiteralsTest::testObject22
   --> junit.framework.AssertionFailedError: 
 - com.google.javascript.jscomp.InlineObjectLiteralsTest::testIssue724
   --> junit.framework.AssertionFailedError: 
 - com.google.javascript.jscomp.IntegrationTest::testIssue724
   --> junit.framework.AssertionFailedError: 
--------------------------------------------------------------------------------
List of modified sources:
 - com.google.javascript.jscomp.InlineObjectLiterals
--------------------------------------------------------------------------------
<end>
<start>
Summary of configuration for Project: Closure
--------------------------------------------------------------------------------
    Script dir: /Users/mac/Documents/GitHub/SOEN7481/defects4j/framework
      Base dir: /Users/mac/Documents/GitHub/SOEN7481/defects4j
    Major root: /Users/mac/Documents/GitHub/SOEN7481/defects4j/major
      Repo dir: /Users/mac/Documents/GitHub/SOEN7481/defects4j/project_repos
--------------------------------------------------------------------------------
    Project ID: Closure
       Program: closure-compiler
    Build file: /Users/mac/Documents/GitHub/SOEN7481/defects4j/framework/build-scripts/Closure/Closure.build.xml
--------------------------------------------------------------------------------
           Vcs: Vcs::Git
    Repository: /Users/mac/Documents/GitHub/SOEN7481/defects4j/project_repos/closure-compiler.git
     Commit db: /Users/mac/Documents/GitHub/SOEN7481/defects4j/framework/projects/Closure/commit-db
Number of bugs: 132
--------------------------------------------------------------------------------

Summary for Bug: 30
--------------------------------------------------------------------------------
Root cause in triggering tests:
 - com.google.javascript.jscomp.FlowSensitiveInlineVariablesTest::testInlineAcrossSideEffect1
   --> junit.framework.AssertionFailedError: 
 - com.google.javascript.jscomp.FlowSensitiveInlineVariablesTest::testCanInlineAcrossNoSideEffect
   --> junit.framework.AssertionFailedError: 
 - com.google.javascript.jscomp.FlowSensitiveInlineVariablesTest::testIssue698
   --> junit.framework.AssertionFailedError: 
--------------------------------------------------------------------------------
List of modified sources:
 - com.google.javascript.jscomp.MustBeReachingVariableDef
 - com.google.javascript.jscomp.FlowSensitiveInlineVariables
--------------------------------------------------------------------------------
<end>
<start>
Summary of configuration for Project: Closure
--------------------------------------------------------------------------------
    Script dir: /Users/mac/Documents/GitHub/SOEN7481/defects4j/framework
      Base dir: /Users/mac/Documents/GitHub/SOEN7481/defects4j
    Major root: /Users/mac/Documents/GitHub/SOEN7481/defects4j/major
      Repo dir: /Users/mac/Documents/GitHub/SOEN7481/defects4j/project_repos
--------------------------------------------------------------------------------
    Project ID: Closure
       Program: closure-compiler
    Build file: /Users/mac/Documents/GitHub/SOEN7481/defects4j/framework/build-scripts/Closure/Closure.build.xml
--------------------------------------------------------------------------------
           Vcs: Vcs::Git
    Repository: /Users/mac/Documents/GitHub/SOEN7481/defects4j/project_repos/closure-compiler.git
     Commit db: /Users/mac/Documents/GitHub/SOEN7481/defects4j/framework/projects/Closure/commit-db
Number of bugs: 132
--------------------------------------------------------------------------------

Summary for Bug: 31
--------------------------------------------------------------------------------
Root cause in triggering tests:
 - com.google.javascript.jscomp.CommandLineRunnerTest::testDependencySortingWhitespaceMode
   --> junit.framework.AssertionFailedError: 
--------------------------------------------------------------------------------
List of modified sources:
 - com.google.javascript.jscomp.Compiler
--------------------------------------------------------------------------------
<end>
<start>
Summary of configuration for Project: Closure
--------------------------------------------------------------------------------
    Script dir: /Users/mac/Documents/GitHub/SOEN7481/defects4j/framework
      Base dir: /Users/mac/Documents/GitHub/SOEN7481/defects4j
    Major root: /Users/mac/Documents/GitHub/SOEN7481/defects4j/major
      Repo dir: /Users/mac/Documents/GitHub/SOEN7481/defects4j/project_repos
--------------------------------------------------------------------------------
    Project ID: Closure
       Program: closure-compiler
    Build file: /Users/mac/Documents/GitHub/SOEN7481/defects4j/framework/build-scripts/Closure/Closure.build.xml
--------------------------------------------------------------------------------
           Vcs: Vcs::Git
    Repository: /Users/mac/Documents/GitHub/SOEN7481/defects4j/project_repos/closure-compiler.git
     Commit db: /Users/mac/Documents/GitHub/SOEN7481/defects4j/framework/projects/Closure/commit-db
Number of bugs: 132
--------------------------------------------------------------------------------

Summary for Bug: 32
--------------------------------------------------------------------------------
Root cause in triggering tests:
 - com.google.javascript.jscomp.IntegrationTest::testIssue701
   --> junit.framework.ComparisonFailure: expected:</*
 - com.google.javascript.jscomp.parsing.JsDocInfoParserTest::testParseLicense
   --> junit.framework.ComparisonFailure: expected:< Foo
 - com.google.javascript.jscomp.parsing.JsDocInfoParserTest::testParsePreserve
   --> junit.framework.ComparisonFailure: expected:< Foo
 - com.google.javascript.jscomp.parsing.JsDocInfoParserTest::testParseLicenseAscii
   --> junit.framework.ComparisonFailure: expected:< Foo
--------------------------------------------------------------------------------
List of modified sources:
 - com.google.javascript.jscomp.parsing.JsDocInfoParser
--------------------------------------------------------------------------------
<end>
<start>
Summary of configuration for Project: Closure
--------------------------------------------------------------------------------
    Script dir: /Users/mac/Documents/GitHub/SOEN7481/defects4j/framework
      Base dir: /Users/mac/Documents/GitHub/SOEN7481/defects4j
    Major root: /Users/mac/Documents/GitHub/SOEN7481/defects4j/major
      Repo dir: /Users/mac/Documents/GitHub/SOEN7481/defects4j/project_repos
--------------------------------------------------------------------------------
    Project ID: Closure
       Program: closure-compiler
    Build file: /Users/mac/Documents/GitHub/SOEN7481/defects4j/framework/build-scripts/Closure/Closure.build.xml
--------------------------------------------------------------------------------
           Vcs: Vcs::Git
    Repository: /Users/mac/Documents/GitHub/SOEN7481/defects4j/project_repos/closure-compiler.git
     Commit db: /Users/mac/Documents/GitHub/SOEN7481/defects4j/framework/projects/Closure/commit-db
Number of bugs: 132
--------------------------------------------------------------------------------

Summary for Bug: 33
--------------------------------------------------------------------------------
Root cause in triggering tests:
 - com.google.javascript.jscomp.TypeCheckTest::testIssue700
   --> junit.framework.AssertionFailedError: unexpected warnings(s):
--------------------------------------------------------------------------------
List of modified sources:
 - com.google.javascript.rhino.jstype.PrototypeObjectType
--------------------------------------------------------------------------------
<end>
<start>
Summary of configuration for Project: Closure
--------------------------------------------------------------------------------
    Script dir: /Users/mac/Documents/GitHub/SOEN7481/defects4j/framework
      Base dir: /Users/mac/Documents/GitHub/SOEN7481/defects4j
    Major root: /Users/mac/Documents/GitHub/SOEN7481/defects4j/major
      Repo dir: /Users/mac/Documents/GitHub/SOEN7481/defects4j/project_repos
--------------------------------------------------------------------------------
    Project ID: Closure
       Program: closure-compiler
    Build file: /Users/mac/Documents/GitHub/SOEN7481/defects4j/framework/build-scripts/Closure/Closure.build.xml
--------------------------------------------------------------------------------
           Vcs: Vcs::Git
    Repository: /Users/mac/Documents/GitHub/SOEN7481/defects4j/project_repos/closure-compiler.git
     Commit db: /Users/mac/Documents/GitHub/SOEN7481/defects4j/framework/projects/Closure/commit-db
Number of bugs: 132
--------------------------------------------------------------------------------

Summary for Bug: 34
--------------------------------------------------------------------------------
Root cause in triggering tests:
 - com.google.javascript.jscomp.CodePrinterTest::testManyAdds
   --> java.lang.StackOverflowError
--------------------------------------------------------------------------------
List of modified sources:
 - com.google.javascript.jscomp.CodeGenerator
 - com.google.javascript.jscomp.CodePrinter
--------------------------------------------------------------------------------
<end>
<start>
Summary of configuration for Project: Closure
--------------------------------------------------------------------------------
    Script dir: /Users/mac/Documents/GitHub/SOEN7481/defects4j/framework
      Base dir: /Users/mac/Documents/GitHub/SOEN7481/defects4j
    Major root: /Users/mac/Documents/GitHub/SOEN7481/defects4j/major
      Repo dir: /Users/mac/Documents/GitHub/SOEN7481/defects4j/project_repos
--------------------------------------------------------------------------------
    Project ID: Closure
       Program: closure-compiler
    Build file: /Users/mac/Documents/GitHub/SOEN7481/defects4j/framework/build-scripts/Closure/Closure.build.xml
--------------------------------------------------------------------------------
           Vcs: Vcs::Git
    Repository: /Users/mac/Documents/GitHub/SOEN7481/defects4j/project_repos/closure-compiler.git
     Commit db: /Users/mac/Documents/GitHub/SOEN7481/defects4j/framework/projects/Closure/commit-db
Number of bugs: 132
--------------------------------------------------------------------------------

Summary for Bug: 35
--------------------------------------------------------------------------------
Root cause in triggering tests:
 - com.google.javascript.jscomp.TypeCheckTest::testIssue669
   --> junit.framework.AssertionFailedError: unexpected warnings(s):
--------------------------------------------------------------------------------
List of modified sources:
 - com.google.javascript.rhino.jstype.UnionType
 - com.google.javascript.rhino.jstype.PrototypeObjectType
 - com.google.javascript.rhino.jstype.JSType
 - com.google.javascript.rhino.jstype.ProxyObjectType
 - com.google.javascript.jscomp.TypeInference
--------------------------------------------------------------------------------
<end>
<start>
Summary of configuration for Project: Closure
--------------------------------------------------------------------------------
    Script dir: /Users/mac/Documents/GitHub/SOEN7481/defects4j/framework
      Base dir: /Users/mac/Documents/GitHub/SOEN7481/defects4j
    Major root: /Users/mac/Documents/GitHub/SOEN7481/defects4j/major
      Repo dir: /Users/mac/Documents/GitHub/SOEN7481/defects4j/project_repos
--------------------------------------------------------------------------------
    Project ID: Closure
       Program: closure-compiler
    Build file: /Users/mac/Documents/GitHub/SOEN7481/defects4j/framework/build-scripts/Closure/Closure.build.xml
--------------------------------------------------------------------------------
           Vcs: Vcs::Git
    Repository: /Users/mac/Documents/GitHub/SOEN7481/defects4j/project_repos/closure-compiler.git
     Commit db: /Users/mac/Documents/GitHub/SOEN7481/defects4j/framework/projects/Closure/commit-db
Number of bugs: 132
--------------------------------------------------------------------------------

Summary for Bug: 36
--------------------------------------------------------------------------------
Root cause in triggering tests:
 - com.google.javascript.jscomp.IntegrationTest::testSingletonGetter1
   --> junit.framework.AssertionFailedError: 
--------------------------------------------------------------------------------
List of modified sources:
 - com.google.javascript.jscomp.InlineVariables
--------------------------------------------------------------------------------
<end>
<start>
Summary of configuration for Project: Closure
--------------------------------------------------------------------------------
    Script dir: /Users/mac/Documents/GitHub/SOEN7481/defects4j/framework
      Base dir: /Users/mac/Documents/GitHub/SOEN7481/defects4j
    Major root: /Users/mac/Documents/GitHub/SOEN7481/defects4j/major
      Repo dir: /Users/mac/Documents/GitHub/SOEN7481/defects4j/project_repos
--------------------------------------------------------------------------------
    Project ID: Closure
       Program: closure-compiler
    Build file: /Users/mac/Documents/GitHub/SOEN7481/defects4j/framework/build-scripts/Closure/Closure.build.xml
--------------------------------------------------------------------------------
           Vcs: Vcs::Git
    Repository: /Users/mac/Documents/GitHub/SOEN7481/defects4j/project_repos/closure-compiler.git
     Commit db: /Users/mac/Documents/GitHub/SOEN7481/defects4j/framework/projects/Closure/commit-db
Number of bugs: 132
--------------------------------------------------------------------------------

Summary for Bug: 37
--------------------------------------------------------------------------------
Root cause in triggering tests:
 - com.google.javascript.jscomp.IntegrationTest::testIncompleteFunction
   --> java.lang.RuntimeException: java.lang.RuntimeException: INTERNAL COMPILER ERROR.
--------------------------------------------------------------------------------
List of modified sources:
 - com.google.javascript.jscomp.parsing.IRFactory
 - com.google.javascript.jscomp.NodeTraversal
--------------------------------------------------------------------------------
<end>
<start>
Summary of configuration for Project: Closure
--------------------------------------------------------------------------------
    Script dir: /Users/mac/Documents/GitHub/SOEN7481/defects4j/framework
      Base dir: /Users/mac/Documents/GitHub/SOEN7481/defects4j
    Major root: /Users/mac/Documents/GitHub/SOEN7481/defects4j/major
      Repo dir: /Users/mac/Documents/GitHub/SOEN7481/defects4j/project_repos
--------------------------------------------------------------------------------
    Project ID: Closure
       Program: closure-compiler
    Build file: /Users/mac/Documents/GitHub/SOEN7481/defects4j/framework/build-scripts/Closure/Closure.build.xml
--------------------------------------------------------------------------------
           Vcs: Vcs::Git
    Repository: /Users/mac/Documents/GitHub/SOEN7481/defects4j/project_repos/closure-compiler.git
     Commit db: /Users/mac/Documents/GitHub/SOEN7481/defects4j/framework/projects/Closure/commit-db
Number of bugs: 132
--------------------------------------------------------------------------------

Summary for Bug: 38
--------------------------------------------------------------------------------
Root cause in triggering tests:
 - com.google.javascript.jscomp.CodePrinterTest::testMinusNegativeZero
   --> junit.framework.ComparisonFailure: expected:<x-[ ]-0.0> but was:<x-[]-0.0>
--------------------------------------------------------------------------------
List of modified sources:
 - com.google.javascript.jscomp.CodeConsumer
--------------------------------------------------------------------------------
<end>
<start>
Summary of configuration for Project: Closure
--------------------------------------------------------------------------------
    Script dir: /Users/mac/Documents/GitHub/SOEN7481/defects4j/framework
      Base dir: /Users/mac/Documents/GitHub/SOEN7481/defects4j
    Major root: /Users/mac/Documents/GitHub/SOEN7481/defects4j/major
      Repo dir: /Users/mac/Documents/GitHub/SOEN7481/defects4j/project_repos
--------------------------------------------------------------------------------
    Project ID: Closure
       Program: closure-compiler
    Build file: /Users/mac/Documents/GitHub/SOEN7481/defects4j/framework/build-scripts/Closure/Closure.build.xml
--------------------------------------------------------------------------------
           Vcs: Vcs::Git
    Repository: /Users/mac/Documents/GitHub/SOEN7481/defects4j/project_repos/closure-compiler.git
     Commit db: /Users/mac/Documents/GitHub/SOEN7481/defects4j/framework/projects/Closure/commit-db
Number of bugs: 132
--------------------------------------------------------------------------------

Summary for Bug: 39
--------------------------------------------------------------------------------
Root cause in triggering tests:
 - com.google.javascript.rhino.jstype.RecordTypeTest::testRecursiveRecord
   --> junit.framework.ComparisonFailure: expected:<{loop: [?], number: number, st...> but was:<{loop: [{...}], number: number, st...>
 - com.google.javascript.rhino.jstype.RecordTypeTest::testLongToString
   --> junit.framework.ComparisonFailure: expected:<...number, a4: number, [a5: number, a6: number]}> but was:<...number, a4: number, [...]}>
--------------------------------------------------------------------------------
List of modified sources:
 - com.google.javascript.rhino.jstype.PrototypeObjectType
--------------------------------------------------------------------------------
<end>
<start>
Summary of configuration for Project: Closure
--------------------------------------------------------------------------------
    Script dir: /Users/mac/Documents/GitHub/SOEN7481/defects4j/framework
      Base dir: /Users/mac/Documents/GitHub/SOEN7481/defects4j
    Major root: /Users/mac/Documents/GitHub/SOEN7481/defects4j/major
      Repo dir: /Users/mac/Documents/GitHub/SOEN7481/defects4j/project_repos
--------------------------------------------------------------------------------
    Project ID: Closure
       Program: closure-compiler
    Build file: /Users/mac/Documents/GitHub/SOEN7481/defects4j/framework/build-scripts/Closure/Closure.build.xml
--------------------------------------------------------------------------------
           Vcs: Vcs::Git
    Repository: /Users/mac/Documents/GitHub/SOEN7481/defects4j/project_repos/closure-compiler.git
     Commit db: /Users/mac/Documents/GitHub/SOEN7481/defects4j/framework/projects/Closure/commit-db
Number of bugs: 132
--------------------------------------------------------------------------------

Summary for Bug: 40
--------------------------------------------------------------------------------
Root cause in triggering tests:
 - com.google.javascript.jscomp.IntegrationTest::testIssue284
   --> java.lang.RuntimeException: java.lang.RuntimeException: INTERNAL COMPILER ERROR.
 - com.google.javascript.jscomp.NameAnalyzerTest::testIssue284
   --> junit.framework.AssertionFailedError: 
--------------------------------------------------------------------------------
List of modified sources:
 - com.google.javascript.jscomp.NameAnalyzer
--------------------------------------------------------------------------------
<end>
<start>
Summary of configuration for Project: Closure
--------------------------------------------------------------------------------
    Script dir: /Users/mac/Documents/GitHub/SOEN7481/defects4j/framework
      Base dir: /Users/mac/Documents/GitHub/SOEN7481/defects4j
    Major root: /Users/mac/Documents/GitHub/SOEN7481/defects4j/major
      Repo dir: /Users/mac/Documents/GitHub/SOEN7481/defects4j/project_repos
--------------------------------------------------------------------------------
    Project ID: Closure
       Program: closure-compiler
    Build file: /Users/mac/Documents/GitHub/SOEN7481/defects4j/framework/build-scripts/Closure/Closure.build.xml
--------------------------------------------------------------------------------
           Vcs: Vcs::Git
    Repository: /Users/mac/Documents/GitHub/SOEN7481/defects4j/project_repos/closure-compiler.git
     Commit db: /Users/mac/Documents/GitHub/SOEN7481/defects4j/framework/projects/Closure/commit-db
Number of bugs: 132
--------------------------------------------------------------------------------

Summary for Bug: 41
--------------------------------------------------------------------------------
Root cause in triggering tests:
 - com.google.javascript.jscomp.LooseTypeCheckTest::testMethodInference6
   --> junit.framework.AssertionFailedError: unexpected warnings(s):
 - com.google.javascript.jscomp.TypeCheckTest::testIssue368
   --> junit.framework.ComparisonFailure: expected:<[actual parameter 2 of Bar.prototype.add does not match formal parameter
 - com.google.javascript.jscomp.TypeCheckTest::testMethodInference6
   --> junit.framework.AssertionFailedError: unexpected warnings(s):
--------------------------------------------------------------------------------
List of modified sources:
 - com.google.javascript.jscomp.FunctionTypeBuilder
--------------------------------------------------------------------------------
<end>
<start>
Summary of configuration for Project: Closure
--------------------------------------------------------------------------------
    Script dir: /Users/mac/Documents/GitHub/SOEN7481/defects4j/framework
      Base dir: /Users/mac/Documents/GitHub/SOEN7481/defects4j
    Major root: /Users/mac/Documents/GitHub/SOEN7481/defects4j/major
      Repo dir: /Users/mac/Documents/GitHub/SOEN7481/defects4j/project_repos
--------------------------------------------------------------------------------
    Project ID: Closure
       Program: closure-compiler
    Build file: /Users/mac/Documents/GitHub/SOEN7481/defects4j/framework/build-scripts/Closure/Closure.build.xml
--------------------------------------------------------------------------------
           Vcs: Vcs::Git
    Repository: /Users/mac/Documents/GitHub/SOEN7481/defects4j/project_repos/closure-compiler.git
     Commit db: /Users/mac/Documents/GitHub/SOEN7481/defects4j/framework/projects/Closure/commit-db
Number of bugs: 132
--------------------------------------------------------------------------------

Summary for Bug: 42
--------------------------------------------------------------------------------
Root cause in triggering tests:
 - com.google.javascript.jscomp.parsing.ParserTest::testForEach
   --> junit.framework.AssertionFailedError
--------------------------------------------------------------------------------
List of modified sources:
 - com.google.javascript.jscomp.parsing.IRFactory
--------------------------------------------------------------------------------
<end>
<start>
Summary of configuration for Project: Closure
--------------------------------------------------------------------------------
    Script dir: /Users/mac/Documents/GitHub/SOEN7481/defects4j/framework
      Base dir: /Users/mac/Documents/GitHub/SOEN7481/defects4j
    Major root: /Users/mac/Documents/GitHub/SOEN7481/defects4j/major
      Repo dir: /Users/mac/Documents/GitHub/SOEN7481/defects4j/project_repos
--------------------------------------------------------------------------------
    Project ID: Closure
       Program: closure-compiler
    Build file: /Users/mac/Documents/GitHub/SOEN7481/defects4j/framework/build-scripts/Closure/Closure.build.xml
--------------------------------------------------------------------------------
           Vcs: Vcs::Git
    Repository: /Users/mac/Documents/GitHub/SOEN7481/defects4j/project_repos/closure-compiler.git
     Commit db: /Users/mac/Documents/GitHub/SOEN7481/defects4j/framework/projects/Closure/commit-db
Number of bugs: 132
--------------------------------------------------------------------------------

Summary for Bug: 43
--------------------------------------------------------------------------------
Root cause in triggering tests:
 - com.google.javascript.jscomp.TypeCheckTest::testLends10
   --> junit.framework.ComparisonFailure: expected:<[inconsistent return type
 - com.google.javascript.jscomp.TypeCheckTest::testLends11
   --> junit.framework.ComparisonFailure: expected:<[inconsistent return type
--------------------------------------------------------------------------------
List of modified sources:
 - com.google.javascript.jscomp.TypedScopeCreator
 - com.google.javascript.jscomp.CompilerOptions
--------------------------------------------------------------------------------
<end>
<start>
Summary of configuration for Project: Closure
--------------------------------------------------------------------------------
    Script dir: /Users/mac/Documents/GitHub/SOEN7481/defects4j/framework
      Base dir: /Users/mac/Documents/GitHub/SOEN7481/defects4j
    Major root: /Users/mac/Documents/GitHub/SOEN7481/defects4j/major
      Repo dir: /Users/mac/Documents/GitHub/SOEN7481/defects4j/project_repos
--------------------------------------------------------------------------------
    Project ID: Closure
       Program: closure-compiler
    Build file: /Users/mac/Documents/GitHub/SOEN7481/defects4j/framework/build-scripts/Closure/Closure.build.xml
--------------------------------------------------------------------------------
           Vcs: Vcs::Git
    Repository: /Users/mac/Documents/GitHub/SOEN7481/defects4j/project_repos/closure-compiler.git
     Commit db: /Users/mac/Documents/GitHub/SOEN7481/defects4j/framework/projects/Closure/commit-db
Number of bugs: 132
--------------------------------------------------------------------------------

Summary for Bug: 44
--------------------------------------------------------------------------------
Root cause in triggering tests:
 - com.google.javascript.jscomp.CodePrinterTest::testIssue620
   --> junit.framework.ComparisonFailure: expected:<alert(/ //[ ]/ /)> but was:<alert(/ //[]/ /)>
--------------------------------------------------------------------------------
List of modified sources:
 - com.google.javascript.jscomp.CodeConsumer
--------------------------------------------------------------------------------
<end>
<start>
Summary of configuration for Project: Closure
--------------------------------------------------------------------------------
    Script dir: /Users/mac/Documents/GitHub/SOEN7481/defects4j/framework
      Base dir: /Users/mac/Documents/GitHub/SOEN7481/defects4j
    Major root: /Users/mac/Documents/GitHub/SOEN7481/defects4j/major
      Repo dir: /Users/mac/Documents/GitHub/SOEN7481/defects4j/project_repos
--------------------------------------------------------------------------------
    Project ID: Closure
       Program: closure-compiler
    Build file: /Users/mac/Documents/GitHub/SOEN7481/defects4j/framework/build-scripts/Closure/Closure.build.xml
--------------------------------------------------------------------------------
           Vcs: Vcs::Git
    Repository: /Users/mac/Documents/GitHub/SOEN7481/defects4j/project_repos/closure-compiler.git
     Commit db: /Users/mac/Documents/GitHub/SOEN7481/defects4j/framework/projects/Closure/commit-db
Number of bugs: 132
--------------------------------------------------------------------------------

Summary for Bug: 45
--------------------------------------------------------------------------------
Root cause in triggering tests:
 - com.google.javascript.jscomp.RemoveUnusedVarsTest::testIssue618_1
   --> junit.framework.AssertionFailedError: 
--------------------------------------------------------------------------------
List of modified sources:
 - com.google.javascript.jscomp.RemoveUnusedVars
--------------------------------------------------------------------------------
<end>
<start>
Summary of configuration for Project: Closure
--------------------------------------------------------------------------------
    Script dir: /Users/mac/Documents/GitHub/SOEN7481/defects4j/framework
      Base dir: /Users/mac/Documents/GitHub/SOEN7481/defects4j
    Major root: /Users/mac/Documents/GitHub/SOEN7481/defects4j/major
      Repo dir: /Users/mac/Documents/GitHub/SOEN7481/defects4j/project_repos
--------------------------------------------------------------------------------
    Project ID: Closure
       Program: closure-compiler
    Build file: /Users/mac/Documents/GitHub/SOEN7481/defects4j/framework/build-scripts/Closure/Closure.build.xml
--------------------------------------------------------------------------------
           Vcs: Vcs::Git
    Repository: /Users/mac/Documents/GitHub/SOEN7481/defects4j/project_repos/closure-compiler.git
     Commit db: /Users/mac/Documents/GitHub/SOEN7481/defects4j/framework/projects/Closure/commit-db
Number of bugs: 132
--------------------------------------------------------------------------------

Summary for Bug: 46
--------------------------------------------------------------------------------
Root cause in triggering tests:
 - com.google.javascript.rhino.jstype.JSTypeTest::testRecordTypeLeastSuperType2
   --> junit.framework.AssertionFailedError: Expected: ({a: number, b: string}|{b: string, c: string, e: number})
 - com.google.javascript.rhino.jstype.JSTypeTest::testRecordTypeLeastSuperType3
   --> junit.framework.AssertionFailedError: Expected: ({a: number, b: string}|{d: number, e: string, f: string})
 - com.google.javascript.rhino.jstype.RecordTypeTest::testSupAndInf
   --> junit.framework.AssertionFailedError: Expected: ({a: number, b: number}|{b: number, c: number})
--------------------------------------------------------------------------------
List of modified sources:
 - com.google.javascript.rhino.jstype.RecordType
--------------------------------------------------------------------------------
<end>
<start>
Summary of configuration for Project: Closure
--------------------------------------------------------------------------------
    Script dir: /Users/mac/Documents/GitHub/SOEN7481/defects4j/framework
      Base dir: /Users/mac/Documents/GitHub/SOEN7481/defects4j
    Major root: /Users/mac/Documents/GitHub/SOEN7481/defects4j/major
      Repo dir: /Users/mac/Documents/GitHub/SOEN7481/defects4j/project_repos
--------------------------------------------------------------------------------
    Project ID: Closure
       Program: closure-compiler
    Build file: /Users/mac/Documents/GitHub/SOEN7481/defects4j/framework/build-scripts/Closure/Closure.build.xml
--------------------------------------------------------------------------------
           Vcs: Vcs::Git
    Repository: /Users/mac/Documents/GitHub/SOEN7481/defects4j/project_repos/closure-compiler.git
     Commit db: /Users/mac/Documents/GitHub/SOEN7481/defects4j/framework/projects/Closure/commit-db
Number of bugs: 132
--------------------------------------------------------------------------------

Summary for Bug: 47
--------------------------------------------------------------------------------
Root cause in triggering tests:
 - com.google.debugging.sourcemap.SourceMapGeneratorV3Test::testParseSourceMetaMap
   --> junit.framework.AssertionFailedError: expected:<5> but was:<4>
 - com.google.debugging.sourcemap.SourceMapGeneratorV3Test::testGoldenOutput0a
   --> junit.framework.ComparisonFailure: expected:<...t":1,
 - com.google.debugging.sourcemap.SourceMapGeneratorV3Test::testMultilineMapping
   --> junit.framework.AssertionFailedError: expected:<10> but was:<9>
 - com.google.debugging.sourcemap.SourceMapGeneratorV3Test::testMultiFunctionMapping
   --> junit.framework.AssertionFailedError: expected:<10> but was:<9>
 - com.google.debugging.sourcemap.SourceMapGeneratorV3Test::testLiteralMappingsGoldenOutput
   --> junit.framework.ComparisonFailure: expected:<...t":1,
 - com.google.debugging.sourcemap.SourceMapGeneratorV3Test::testMultilineMapping2
   --> junit.framework.AssertionFailedError: expected:<10> but was:<9>
 - com.google.debugging.sourcemap.SourceMapGeneratorV3Test::testBasicMappingGoldenOutput
   --> junit.framework.ComparisonFailure: expected:<...t":1,
 - com.google.debugging.sourcemap.SourceMapGeneratorV3Test::testSourceMapMerging
   --> junit.framework.AssertionFailedError: expected:<5> but was:<4>
 - com.google.debugging.sourcemap.SourceMapGeneratorV3Test::testLiteralMappings
   --> junit.framework.AssertionFailedError: expected:<10> but was:<9>
 - com.google.debugging.sourcemap.SourceMapGeneratorV3Test::testBasicMapping1
   --> junit.framework.AssertionFailedError: expected:<10> but was:<9>
 - com.google.debugging.sourcemap.SourceMapGeneratorV3Test::testBasicMapping2
   --> junit.framework.AssertionFailedError: expected:<10> but was:<9>
 - com.google.debugging.sourcemap.SourceMapGeneratorV3Test::testGoldenOutput1
   --> junit.framework.ComparisonFailure: expected:<...t":1,
 - com.google.debugging.sourcemap.SourceMapGeneratorV3Test::testGoldenOutput2
   --> junit.framework.ComparisonFailure: expected:<...t":1,
 - com.google.debugging.sourcemap.SourceMapGeneratorV3Test::testGoldenOutput3
   --> junit.framework.ComparisonFailure: expected:<...t":1,
 - com.google.debugging.sourcemap.SourceMapGeneratorV3Test::testGoldenOutput4
   --> junit.framework.ComparisonFailure: expected:<...t":1,
 - com.google.debugging.sourcemap.SourceMapGeneratorV3Test::testGoldenOutput5
   --> junit.framework.ComparisonFailure: expected:<...
--------------------------------------------------------------------------------
List of modified sources:
 - com.google.javascript.jscomp.SourceMap
 - com.google.debugging.sourcemap.SourceMapConsumerV3
 - com.google.debugging.sourcemap.FilePosition
--------------------------------------------------------------------------------
<end>
<start>
Summary of configuration for Project: Closure
--------------------------------------------------------------------------------
    Script dir: /Users/mac/Documents/GitHub/SOEN7481/defects4j/framework
      Base dir: /Users/mac/Documents/GitHub/SOEN7481/defects4j
    Major root: /Users/mac/Documents/GitHub/SOEN7481/defects4j/major
      Repo dir: /Users/mac/Documents/GitHub/SOEN7481/defects4j/project_repos
--------------------------------------------------------------------------------
    Project ID: Closure
       Program: closure-compiler
    Build file: /Users/mac/Documents/GitHub/SOEN7481/defects4j/framework/build-scripts/Closure/Closure.build.xml
--------------------------------------------------------------------------------
           Vcs: Vcs::Git
    Repository: /Users/mac/Documents/GitHub/SOEN7481/defects4j/project_repos/closure-compiler.git
     Commit db: /Users/mac/Documents/GitHub/SOEN7481/defects4j/framework/projects/Closure/commit-db
Number of bugs: 132
--------------------------------------------------------------------------------

Summary for Bug: 48
--------------------------------------------------------------------------------
Root cause in triggering tests:
 - com.google.javascript.jscomp.TypeCheckTest::testIssue586
   --> junit.framework.AssertionFailedError: expected a warning
--------------------------------------------------------------------------------
List of modified sources:
 - com.google.javascript.jscomp.TypedScopeCreator
--------------------------------------------------------------------------------
<end>
<start>
Summary of configuration for Project: Closure
--------------------------------------------------------------------------------
    Script dir: /Users/mac/Documents/GitHub/SOEN7481/defects4j/framework
      Base dir: /Users/mac/Documents/GitHub/SOEN7481/defects4j
    Major root: /Users/mac/Documents/GitHub/SOEN7481/defects4j/major
      Repo dir: /Users/mac/Documents/GitHub/SOEN7481/defects4j/project_repos
--------------------------------------------------------------------------------
    Project ID: Closure
       Program: closure-compiler
    Build file: /Users/mac/Documents/GitHub/SOEN7481/defects4j/framework/build-scripts/Closure/Closure.build.xml
--------------------------------------------------------------------------------
           Vcs: Vcs::Git
    Repository: /Users/mac/Documents/GitHub/SOEN7481/defects4j/project_repos/closure-compiler.git
     Commit db: /Users/mac/Documents/GitHub/SOEN7481/defects4j/framework/projects/Closure/commit-db
Number of bugs: 132
--------------------------------------------------------------------------------

Summary for Bug: 49
--------------------------------------------------------------------------------
Root cause in triggering tests:
 - com.google.javascript.jscomp.FunctionInjectorTest::testInline19b
   --> junit.framework.AssertionFailedError: 
 - com.google.javascript.jscomp.FunctionInjectorTest::testInlineIntoLoop
   --> junit.framework.AssertionFailedError: 
 - com.google.javascript.jscomp.FunctionInjectorTest::testInline13
   --> junit.framework.AssertionFailedError: 
 - com.google.javascript.jscomp.FunctionInjectorTest::testInline14
   --> junit.framework.AssertionFailedError: 
 - com.google.javascript.jscomp.FunctionInjectorTest::testInline15
   --> junit.framework.AssertionFailedError: 
 - com.google.javascript.jscomp.FunctionInjectorTest::testInline16
   --> junit.framework.AssertionFailedError: 
 - com.google.javascript.jscomp.FunctionInjectorTest::testInline17
   --> junit.framework.AssertionFailedError: 
 - com.google.javascript.jscomp.FunctionInjectorTest::testInline18
   --> junit.framework.AssertionFailedError: 
 - com.google.javascript.jscomp.FunctionInjectorTest::testInline19
   --> junit.framework.AssertionFailedError: 
 - com.google.javascript.jscomp.FunctionInjectorTest::testBug1897706
   --> junit.framework.AssertionFailedError: 
 - com.google.javascript.jscomp.FunctionInjectorTest::testInlineFunctionWithInnerFunction5
   --> junit.framework.AssertionFailedError: 
 - com.google.javascript.jscomp.FunctionToBlockMutatorTest::testMutateWithParameters3
   --> junit.framework.AssertionFailedError: 
 - com.google.javascript.jscomp.FunctionToBlockMutatorTest::testMutateCallInLoopVars1
   --> junit.framework.AssertionFailedError: 
 - com.google.javascript.jscomp.FunctionToBlockMutatorTest::testMutateInitializeUninitializedVars1
   --> junit.framework.AssertionFailedError: 
 - com.google.javascript.jscomp.FunctionToBlockMutatorTest::testMutateInitializeUninitializedVars2
   --> junit.framework.AssertionFailedError: 
 - com.google.javascript.jscomp.FunctionToBlockMutatorTest::testMutateFunctionDefinition
   --> junit.framework.AssertionFailedError: 
 - com.google.javascript.jscomp.FunctionToBlockMutatorTest::testMutate8
   --> junit.framework.AssertionFailedError: 
 - com.google.javascript.jscomp.InlineFunctionsTest::testLoopWithFunctionWithFunction
   --> junit.framework.AssertionFailedError: 
 - com.google.javascript.jscomp.InlineFunctionsTest::testShadowVariables16
   --> junit.framework.AssertionFailedError: 
 - com.google.javascript.jscomp.InlineFunctionsTest::testShadowVariables18
   --> junit.framework.AssertionFailedError: 
 - com.google.javascript.jscomp.InlineFunctionsTest::testCostBasedInlining11
   --> junit.framework.AssertionFailedError: 
 - com.google.javascript.jscomp.InlineFunctionsTest::testMixedModeInliningCosting3
   --> junit.framework.AssertionFailedError: 
 - com.google.javascript.jscomp.InlineFunctionsTest::testInlineNeverMutateConstants
   --> junit.framework.AssertionFailedError: 
 - com.google.javascript.jscomp.InlineFunctionsTest::testInlineWithThis7
   --> junit.framework.AssertionFailedError: 
 - com.google.javascript.jscomp.InlineFunctionsTest::testAnonymous1
   --> junit.framework.AssertionFailedError: 
 - com.google.javascript.jscomp.InlineFunctionsTest::testAnonymous3
   --> junit.framework.AssertionFailedError: 
 - com.google.javascript.jscomp.InlineFunctionsTest::testShadowVariables1
   --> junit.framework.AssertionFailedError: 
 - com.google.javascript.jscomp.InlineFunctionsTest::testShadowVariables3
   --> junit.framework.AssertionFailedError: 
 - com.google.javascript.jscomp.InlineFunctionsTest::testShadowVariables6
   --> junit.framework.AssertionFailedError: 
 - com.google.javascript.jscomp.InlineFunctionsTest::testShadowVariables7
   --> junit.framework.AssertionFailedError: 
 - com.google.javascript.jscomp.InlineFunctionsTest::testFunctionExpressionCallInlining11b
   --> junit.framework.AssertionFailedError: 
 - com.google.javascript.jscomp.InlineFunctionsTest::testComplexInlineNoResultNoParamCall3
   --> junit.framework.AssertionFailedError: 
 - com.google.javascript.jscomp.InlineFunctionsTest::testCostBasedInlining9
   --> junit.framework.AssertionFailedError: 
 - com.google.javascript.jscomp.InlineFunctionsTest::testMethodWithFunctionWithFunction
   --> junit.framework.AssertionFailedError: 
 - com.google.javascript.jscomp.InlineFunctionsTest::testFunctionExpressionYCombinator
   --> junit.framework.AssertionFailedError: 
 - com.google.javascript.jscomp.InlineFunctionsTest::testComplexInlineVars7
   --> junit.framework.AssertionFailedError: 
 - com.google.javascript.jscomp.InlineFunctionsTest::testComplexFunctionWithFunctionDefinition2a
   --> junit.framework.AssertionFailedError: 
 - com.google.javascript.jscomp.InlineFunctionsTest::testComplexInline7
   --> junit.framework.AssertionFailedError: 
 - com.google.javascript.jscomp.InlineFunctionsTest::testFunctionExpressionOmega
   --> junit.framework.AssertionFailedError: 
 - com.google.javascript.jscomp.InlineFunctionsTest::testInlineFunctions15b
   --> junit.framework.AssertionFailedError: 
 - com.google.javascript.jscomp.InlineFunctionsTest::testInlineFunctions15d
   --> junit.framework.AssertionFailedError: 
 - com.google.javascript.jscomp.InlineFunctionsTest::testInlineFunctions16a
   --> junit.framework.AssertionFailedError: 
 - com.google.javascript.jscomp.InlineFunctionsTest::testBug4944818
   --> junit.framework.AssertionFailedError: 
 - com.google.javascript.jscomp.InlineFunctionsTest::testComplexSample
   --> junit.framework.AssertionFailedError: 
 - com.google.javascript.jscomp.InlineFunctionsTest::testNoInlineIfParametersModified1
   --> junit.framework.AssertionFailedError: 
 - com.google.javascript.jscomp.InlineFunctionsTest::testNoInlineIfParametersModified2
   --> junit.framework.AssertionFailedError: 
 - com.google.javascript.jscomp.InlineFunctionsTest::testNoInlineIfParametersModified3
   --> junit.framework.AssertionFailedError: 
 - com.google.javascript.jscomp.InlineFunctionsTest::testNoInlineIfParametersModified4
   --> junit.framework.AssertionFailedError: 
 - com.google.javascript.jscomp.InlineFunctionsTest::testNoInlineIfParametersModified5
   --> junit.framework.AssertionFailedError: 
 - com.google.javascript.jscomp.InlineFunctionsTest::testNoInlineIfParametersModified6
   --> junit.framework.AssertionFailedError: 
 - com.google.javascript.jscomp.InlineFunctionsTest::testNoInlineIfParametersModified7
   --> junit.framework.AssertionFailedError: 
 - com.google.javascript.jscomp.InlineFunctionsTest::testIssue423
   --> junit.framework.AssertionFailedError: 
 - com.google.javascript.jscomp.InlineFunctionsTest::testComplexFunctionWithFunctionDefinition2
   --> junit.framework.AssertionFailedError: 
 - com.google.javascript.jscomp.InlineFunctionsTest::testComplexFunctionWithFunctionDefinition3
   --> junit.framework.AssertionFailedError: 
 - com.google.javascript.jscomp.InlineFunctionsTest::testDecomposeFunctionExpressionInCall
   --> junit.framework.AssertionFailedError: 
 - com.google.javascript.jscomp.InlineFunctionsTest::testInlineNeverOverrideNewValues
   --> junit.framework.AssertionFailedError: 
 - com.google.javascript.jscomp.InlineFunctionsTest::testInlineBlockMutableArgs1
   --> junit.framework.AssertionFailedError: 
 - com.google.javascript.jscomp.InlineFunctionsTest::testInlineBlockMutableArgs2
   --> junit.framework.AssertionFailedError: 
 - com.google.javascript.jscomp.InlineFunctionsTest::testInlineBlockMutableArgs3
   --> junit.framework.AssertionFailedError: 
 - com.google.javascript.jscomp.InlineFunctionsTest::testInlineBlockMutableArgs4
   --> junit.framework.AssertionFailedError: 
 - com.google.javascript.jscomp.InlineFunctionsTest::testInlineFunctions10
   --> junit.framework.AssertionFailedError: 
 - com.google.javascript.jscomp.InlineFunctionsTest::testInlineFunctions13
   --> junit.framework.AssertionFailedError: 
 - com.google.javascript.jscomp.InlineFunctionsTest::testInlineFunctions22
   --> junit.framework.AssertionFailedError: 
 - com.google.javascript.jscomp.InlineFunctionsTest::testInlineFunctions23
   --> junit.framework.AssertionFailedError: 
 - com.google.javascript.jscomp.InlineFunctionsTest::testInlineFunctions9
   --> junit.framework.AssertionFailedError: 
 - com.google.javascript.jscomp.MakeDeclaredNamesUniqueTest::testMakeLocalNamesUniqueWithContext5
   --> junit.framework.AssertionFailedError: 
--------------------------------------------------------------------------------
List of modified sources:
 - com.google.javascript.jscomp.MakeDeclaredNamesUnique
--------------------------------------------------------------------------------
<end>
<start>
Summary of configuration for Project: Closure
--------------------------------------------------------------------------------
    Script dir: /Users/mac/Documents/GitHub/SOEN7481/defects4j/framework
      Base dir: /Users/mac/Documents/GitHub/SOEN7481/defects4j
    Major root: /Users/mac/Documents/GitHub/SOEN7481/defects4j/major
      Repo dir: /Users/mac/Documents/GitHub/SOEN7481/defects4j/project_repos
--------------------------------------------------------------------------------
    Project ID: Closure
       Program: closure-compiler
    Build file: /Users/mac/Documents/GitHub/SOEN7481/defects4j/framework/build-scripts/Closure/Closure.build.xml
--------------------------------------------------------------------------------
           Vcs: Vcs::Git
    Repository: /Users/mac/Documents/GitHub/SOEN7481/defects4j/project_repos/closure-compiler.git
     Commit db: /Users/mac/Documents/GitHub/SOEN7481/defects4j/framework/projects/Closure/commit-db
Number of bugs: 132
--------------------------------------------------------------------------------

Summary for Bug: 50
--------------------------------------------------------------------------------
Root cause in triggering tests:
 - com.google.javascript.jscomp.PeepholeReplaceKnownMethodsTest::testStringJoinAdd
   --> junit.framework.AssertionFailedError: 
 - com.google.javascript.jscomp.PeepholeReplaceKnownMethodsTest::testNoStringJoin
   --> junit.framework.AssertionFailedError: 
--------------------------------------------------------------------------------
List of modified sources:
 - com.google.javascript.jscomp.PeepholeReplaceKnownMethods
--------------------------------------------------------------------------------
<end>
<start>
Summary of configuration for Project: Closure
--------------------------------------------------------------------------------
    Script dir: /Users/mac/Documents/GitHub/SOEN7481/defects4j/framework
      Base dir: /Users/mac/Documents/GitHub/SOEN7481/defects4j
    Major root: /Users/mac/Documents/GitHub/SOEN7481/defects4j/major
      Repo dir: /Users/mac/Documents/GitHub/SOEN7481/defects4j/project_repos
--------------------------------------------------------------------------------
    Project ID: Closure
       Program: closure-compiler
    Build file: /Users/mac/Documents/GitHub/SOEN7481/defects4j/framework/build-scripts/Closure/Closure.build.xml
--------------------------------------------------------------------------------
           Vcs: Vcs::Git
    Repository: /Users/mac/Documents/GitHub/SOEN7481/defects4j/project_repos/closure-compiler.git
     Commit db: /Users/mac/Documents/GitHub/SOEN7481/defects4j/framework/projects/Closure/commit-db
Number of bugs: 132
--------------------------------------------------------------------------------

Summary for Bug: 51
--------------------------------------------------------------------------------
Root cause in triggering tests:
 - com.google.javascript.jscomp.CodePrinterTest::testIssue582
   --> junit.framework.ComparisonFailure: expected:<var x=[-0.]0> but was:<var x=[]0>
--------------------------------------------------------------------------------
List of modified sources:
 - com.google.javascript.jscomp.CodeConsumer
--------------------------------------------------------------------------------
<end>
<start>
Summary of configuration for Project: Closure
--------------------------------------------------------------------------------
    Script dir: /Users/mac/Documents/GitHub/SOEN7481/defects4j/framework
      Base dir: /Users/mac/Documents/GitHub/SOEN7481/defects4j
    Major root: /Users/mac/Documents/GitHub/SOEN7481/defects4j/major
      Repo dir: /Users/mac/Documents/GitHub/SOEN7481/defects4j/project_repos
--------------------------------------------------------------------------------
    Project ID: Closure
       Program: closure-compiler
    Build file: /Users/mac/Documents/GitHub/SOEN7481/defects4j/framework/build-scripts/Closure/Closure.build.xml
--------------------------------------------------------------------------------
           Vcs: Vcs::Git
    Repository: /Users/mac/Documents/GitHub/SOEN7481/defects4j/project_repos/closure-compiler.git
     Commit db: /Users/mac/Documents/GitHub/SOEN7481/defects4j/framework/projects/Closure/commit-db
Number of bugs: 132
--------------------------------------------------------------------------------

Summary for Bug: 52
--------------------------------------------------------------------------------
Root cause in triggering tests:
 - com.google.javascript.jscomp.CodePrinterTest::testNumericKeys
   --> junit.framework.ComparisonFailure: expected:<var x={["010"]:1}> but was:<var x={[10]:1}>
--------------------------------------------------------------------------------
List of modified sources:
 - com.google.javascript.jscomp.CodeGenerator
--------------------------------------------------------------------------------
<end>
<start>
Summary of configuration for Project: Closure
--------------------------------------------------------------------------------
    Script dir: /Users/mac/Documents/GitHub/SOEN7481/defects4j/framework
      Base dir: /Users/mac/Documents/GitHub/SOEN7481/defects4j
    Major root: /Users/mac/Documents/GitHub/SOEN7481/defects4j/major
      Repo dir: /Users/mac/Documents/GitHub/SOEN7481/defects4j/project_repos
--------------------------------------------------------------------------------
    Project ID: Closure
       Program: closure-compiler
    Build file: /Users/mac/Documents/GitHub/SOEN7481/defects4j/framework/build-scripts/Closure/Closure.build.xml
--------------------------------------------------------------------------------
           Vcs: Vcs::Git
    Repository: /Users/mac/Documents/GitHub/SOEN7481/defects4j/project_repos/closure-compiler.git
     Commit db: /Users/mac/Documents/GitHub/SOEN7481/defects4j/framework/projects/Closure/commit-db
Number of bugs: 132
--------------------------------------------------------------------------------

Summary for Bug: 53
--------------------------------------------------------------------------------
Root cause in triggering tests:
 - com.google.javascript.jscomp.InlineObjectLiteralsTest::testBug545
   --> java.lang.RuntimeException: INTERNAL COMPILER ERROR.
--------------------------------------------------------------------------------
List of modified sources:
 - com.google.javascript.jscomp.InlineObjectLiterals
--------------------------------------------------------------------------------
<end>
<start>
Summary of configuration for Project: Closure
--------------------------------------------------------------------------------
    Script dir: /Users/mac/Documents/GitHub/SOEN7481/defects4j/framework
      Base dir: /Users/mac/Documents/GitHub/SOEN7481/defects4j
    Major root: /Users/mac/Documents/GitHub/SOEN7481/defects4j/major
      Repo dir: /Users/mac/Documents/GitHub/SOEN7481/defects4j/project_repos
--------------------------------------------------------------------------------
    Project ID: Closure
       Program: closure-compiler
    Build file: /Users/mac/Documents/GitHub/SOEN7481/defects4j/framework/build-scripts/Closure/Closure.build.xml
--------------------------------------------------------------------------------
           Vcs: Vcs::Git
    Repository: /Users/mac/Documents/GitHub/SOEN7481/defects4j/project_repos/closure-compiler.git
     Commit db: /Users/mac/Documents/GitHub/SOEN7481/defects4j/framework/projects/Closure/commit-db
Number of bugs: 132
--------------------------------------------------------------------------------

Summary for Bug: 54
--------------------------------------------------------------------------------
Root cause in triggering tests:
 - com.google.javascript.jscomp.TypeCheckTest::testIssue537a
   --> junit.framework.ComparisonFailure: expected:<[Function Foo.prototype.method: called with 1 argument(s). Function requires at least 0 argument(s) and no more than 0 argument(s).]> but was:<[Property baz never defined on Bar]>
 - com.google.javascript.jscomp.TypeCheckTest::testIssue537b
   --> junit.framework.ComparisonFailure: expected:<[Function Bar.prototype.baz: called with 1 argument(s). Function requires at least 0 argument(s) and no more than 0 argument(s).]> but was:<[Property baz never defined on Bar]>
 - com.google.javascript.jscomp.TypedScopeCreatorTest::testPropertyOnUnknownSuperClass2
   --> junit.framework.ComparisonFailure: expected:<[?]> but was:<[number]>
--------------------------------------------------------------------------------
List of modified sources:
 - com.google.javascript.rhino.jstype.PrototypeObjectType
 - com.google.javascript.jscomp.TypedScopeCreator
 - com.google.javascript.rhino.jstype.JSTypeRegistry
 - com.google.javascript.rhino.jstype.FunctionType
--------------------------------------------------------------------------------
<end>
<start>
Summary of configuration for Project: Closure
--------------------------------------------------------------------------------
    Script dir: /Users/mac/Documents/GitHub/SOEN7481/defects4j/framework
      Base dir: /Users/mac/Documents/GitHub/SOEN7481/defects4j
    Major root: /Users/mac/Documents/GitHub/SOEN7481/defects4j/major
      Repo dir: /Users/mac/Documents/GitHub/SOEN7481/defects4j/project_repos
--------------------------------------------------------------------------------
    Project ID: Closure
       Program: closure-compiler
    Build file: /Users/mac/Documents/GitHub/SOEN7481/defects4j/framework/build-scripts/Closure/Closure.build.xml
--------------------------------------------------------------------------------
           Vcs: Vcs::Git
    Repository: /Users/mac/Documents/GitHub/SOEN7481/defects4j/project_repos/closure-compiler.git
     Commit db: /Users/mac/Documents/GitHub/SOEN7481/defects4j/framework/projects/Closure/commit-db
Number of bugs: 132
--------------------------------------------------------------------------------

Summary for Bug: 55
--------------------------------------------------------------------------------
Root cause in triggering tests:
 - com.google.javascript.jscomp.FunctionRewriterTest::testIssue538
   --> java.lang.IllegalStateException: Expected function but was call Reference node CALL 4 [free_call: 1] [source_file: testcode]
--------------------------------------------------------------------------------
List of modified sources:
 - com.google.javascript.jscomp.FunctionRewriter
--------------------------------------------------------------------------------
<end>
<start>
Summary of configuration for Project: Closure
--------------------------------------------------------------------------------
    Script dir: /Users/mac/Documents/GitHub/SOEN7481/defects4j/framework
      Base dir: /Users/mac/Documents/GitHub/SOEN7481/defects4j
    Major root: /Users/mac/Documents/GitHub/SOEN7481/defects4j/major
      Repo dir: /Users/mac/Documents/GitHub/SOEN7481/defects4j/project_repos
--------------------------------------------------------------------------------
    Project ID: Closure
       Program: closure-compiler
    Build file: /Users/mac/Documents/GitHub/SOEN7481/defects4j/framework/build-scripts/Closure/Closure.build.xml
--------------------------------------------------------------------------------
           Vcs: Vcs::Git
    Repository: /Users/mac/Documents/GitHub/SOEN7481/defects4j/project_repos/closure-compiler.git
     Commit db: /Users/mac/Documents/GitHub/SOEN7481/defects4j/framework/projects/Closure/commit-db
Number of bugs: 132
--------------------------------------------------------------------------------

Summary for Bug: 56
--------------------------------------------------------------------------------
Root cause in triggering tests:
 - com.google.javascript.jscomp.JSCompilerSourceExcerptProviderTest::testExceptNoNewLine
   --> junit.framework.ComparisonFailure: expected:<foo2:third line> but was:<null>
 - com.google.javascript.jscomp.JsMessageExtractorTest::testSyntaxError1
   --> junit.framework.AssertionFailedError
 - com.google.javascript.jscomp.JsMessageExtractorTest::testSyntaxError2
   --> junit.framework.AssertionFailedError
--------------------------------------------------------------------------------
List of modified sources:
 - com.google.javascript.jscomp.SourceFile
--------------------------------------------------------------------------------
<end>
<start>
Summary of configuration for Project: Closure
--------------------------------------------------------------------------------
    Script dir: /Users/mac/Documents/GitHub/SOEN7481/defects4j/framework
      Base dir: /Users/mac/Documents/GitHub/SOEN7481/defects4j
    Major root: /Users/mac/Documents/GitHub/SOEN7481/defects4j/major
      Repo dir: /Users/mac/Documents/GitHub/SOEN7481/defects4j/project_repos
--------------------------------------------------------------------------------
    Project ID: Closure
       Program: closure-compiler
    Build file: /Users/mac/Documents/GitHub/SOEN7481/defects4j/framework/build-scripts/Closure/Closure.build.xml
--------------------------------------------------------------------------------
           Vcs: Vcs::Git
    Repository: /Users/mac/Documents/GitHub/SOEN7481/defects4j/project_repos/closure-compiler.git
     Commit db: /Users/mac/Documents/GitHub/SOEN7481/defects4j/framework/projects/Closure/commit-db
Number of bugs: 132
--------------------------------------------------------------------------------

Summary for Bug: 57
--------------------------------------------------------------------------------
Root cause in triggering tests:
 - com.google.javascript.jscomp.ClosureCodingConventionTest::testRequire
   --> junit.framework.AssertionFailedError: Expected: <null> but was: foo
--------------------------------------------------------------------------------
List of modified sources:
 - com.google.javascript.jscomp.ClosureCodingConvention
--------------------------------------------------------------------------------
<end>
<start>
Summary of configuration for Project: Closure
--------------------------------------------------------------------------------
    Script dir: /Users/mac/Documents/GitHub/SOEN7481/defects4j/framework
      Base dir: /Users/mac/Documents/GitHub/SOEN7481/defects4j
    Major root: /Users/mac/Documents/GitHub/SOEN7481/defects4j/major
      Repo dir: /Users/mac/Documents/GitHub/SOEN7481/defects4j/project_repos
--------------------------------------------------------------------------------
    Project ID: Closure
       Program: closure-compiler
    Build file: /Users/mac/Documents/GitHub/SOEN7481/defects4j/framework/build-scripts/Closure/Closure.build.xml
--------------------------------------------------------------------------------
           Vcs: Vcs::Git
    Repository: /Users/mac/Documents/GitHub/SOEN7481/defects4j/project_repos/closure-compiler.git
     Commit db: /Users/mac/Documents/GitHub/SOEN7481/defects4j/framework/projects/Closure/commit-db
Number of bugs: 132
--------------------------------------------------------------------------------

Summary for Bug: 58
--------------------------------------------------------------------------------
Root cause in triggering tests:
 - com.google.javascript.jscomp.LiveVariableAnalysisTest::testExpressionInForIn
   --> java.lang.IllegalStateException
--------------------------------------------------------------------------------
List of modified sources:
 - com.google.javascript.jscomp.LiveVariablesAnalysis
--------------------------------------------------------------------------------
<end>
<start>
Summary of configuration for Project: Closure
--------------------------------------------------------------------------------
    Script dir: /Users/mac/Documents/GitHub/SOEN7481/defects4j/framework
      Base dir: /Users/mac/Documents/GitHub/SOEN7481/defects4j
    Major root: /Users/mac/Documents/GitHub/SOEN7481/defects4j/major
      Repo dir: /Users/mac/Documents/GitHub/SOEN7481/defects4j/project_repos
--------------------------------------------------------------------------------
    Project ID: Closure
       Program: closure-compiler
    Build file: /Users/mac/Documents/GitHub/SOEN7481/defects4j/framework/build-scripts/Closure/Closure.build.xml
--------------------------------------------------------------------------------
           Vcs: Vcs::Git
    Repository: /Users/mac/Documents/GitHub/SOEN7481/defects4j/project_repos/closure-compiler.git
     Commit db: /Users/mac/Documents/GitHub/SOEN7481/defects4j/framework/projects/Closure/commit-db
Number of bugs: 132
--------------------------------------------------------------------------------

Summary for Bug: 59
--------------------------------------------------------------------------------
Root cause in triggering tests:
 - com.google.javascript.jscomp.CommandLineRunnerTest::testCheckGlobalThisOff
   --> junit.framework.AssertionFailedError: Expected no warnings or errors
--------------------------------------------------------------------------------
List of modified sources:
 - com.google.javascript.jscomp.Compiler
--------------------------------------------------------------------------------
<end>
<start>
Summary of configuration for Project: Closure
--------------------------------------------------------------------------------
    Script dir: /Users/mac/Documents/GitHub/SOEN7481/defects4j/framework
      Base dir: /Users/mac/Documents/GitHub/SOEN7481/defects4j
    Major root: /Users/mac/Documents/GitHub/SOEN7481/defects4j/major
      Repo dir: /Users/mac/Documents/GitHub/SOEN7481/defects4j/project_repos
--------------------------------------------------------------------------------
    Project ID: Closure
       Program: closure-compiler
    Build file: /Users/mac/Documents/GitHub/SOEN7481/defects4j/framework/build-scripts/Closure/Closure.build.xml
--------------------------------------------------------------------------------
           Vcs: Vcs::Git
    Repository: /Users/mac/Documents/GitHub/SOEN7481/defects4j/project_repos/closure-compiler.git
     Commit db: /Users/mac/Documents/GitHub/SOEN7481/defects4j/framework/projects/Closure/commit-db
Number of bugs: 132
--------------------------------------------------------------------------------

Summary for Bug: 60
--------------------------------------------------------------------------------
Root cause in triggering tests:
 - com.google.javascript.jscomp.CommandLineRunnerTest::testIssue504
   --> junit.framework.AssertionFailedError: 
 - com.google.javascript.jscomp.NodeUtilTest::testGetBooleanValue
   --> junit.framework.AssertionFailedError: expected:<unknown> but was:<false>
--------------------------------------------------------------------------------
List of modified sources:
 - com.google.javascript.jscomp.PeepholeRemoveDeadCode
 - com.google.javascript.jscomp.NodeUtil
--------------------------------------------------------------------------------
<end>
<start>
Summary of configuration for Project: Closure
--------------------------------------------------------------------------------
    Script dir: /Users/mac/Documents/GitHub/SOEN7481/defects4j/framework
      Base dir: /Users/mac/Documents/GitHub/SOEN7481/defects4j
    Major root: /Users/mac/Documents/GitHub/SOEN7481/defects4j/major
      Repo dir: /Users/mac/Documents/GitHub/SOEN7481/defects4j/project_repos
--------------------------------------------------------------------------------
    Project ID: Closure
       Program: closure-compiler
    Build file: /Users/mac/Documents/GitHub/SOEN7481/defects4j/framework/build-scripts/Closure/Closure.build.xml
--------------------------------------------------------------------------------
           Vcs: Vcs::Git
    Repository: /Users/mac/Documents/GitHub/SOEN7481/defects4j/project_repos/closure-compiler.git
     Commit db: /Users/mac/Documents/GitHub/SOEN7481/defects4j/framework/projects/Closure/commit-db
Number of bugs: 132
--------------------------------------------------------------------------------

Summary for Bug: 61
--------------------------------------------------------------------------------
Root cause in triggering tests:
 - com.google.javascript.jscomp.PeepholeRemoveDeadCodeTest::testCall1
   --> junit.framework.AssertionFailedError: 
 - com.google.javascript.jscomp.PeepholeRemoveDeadCodeTest::testCall2
   --> junit.framework.AssertionFailedError: 
 - com.google.javascript.jscomp.PeepholeRemoveDeadCodeTest::testRemoveUselessOps
   --> junit.framework.AssertionFailedError: 
--------------------------------------------------------------------------------
List of modified sources:
 - com.google.javascript.jscomp.NodeUtil
--------------------------------------------------------------------------------
<end>
<start>
Summary of configuration for Project: Closure
--------------------------------------------------------------------------------
    Script dir: /Users/mac/Documents/GitHub/SOEN7481/defects4j/framework
      Base dir: /Users/mac/Documents/GitHub/SOEN7481/defects4j
    Major root: /Users/mac/Documents/GitHub/SOEN7481/defects4j/major
      Repo dir: /Users/mac/Documents/GitHub/SOEN7481/defects4j/project_repos
--------------------------------------------------------------------------------
    Project ID: Closure
       Program: closure-compiler
    Build file: /Users/mac/Documents/GitHub/SOEN7481/defects4j/framework/build-scripts/Closure/Closure.build.xml
--------------------------------------------------------------------------------
           Vcs: Vcs::Git
    Repository: /Users/mac/Documents/GitHub/SOEN7481/defects4j/project_repos/closure-compiler.git
     Commit db: /Users/mac/Documents/GitHub/SOEN7481/defects4j/framework/projects/Closure/commit-db
Number of bugs: 132
--------------------------------------------------------------------------------

Summary for Bug: 62
--------------------------------------------------------------------------------
Root cause in triggering tests:
 - com.google.javascript.jscomp.LightweightMessageFormatterTest::testFormatErrorSpaceEndOfLine1
   --> junit.framework.ComparisonFailure: expected:<...ion here
 - com.google.javascript.jscomp.LightweightMessageFormatterTest::testFormatErrorSpaceEndOfLine2
   --> junit.framework.ComparisonFailure: expected:<...iption here
--------------------------------------------------------------------------------
List of modified sources:
 - com.google.javascript.jscomp.LightweightMessageFormatter
--------------------------------------------------------------------------------
<end>
<start>
Summary of configuration for Project: Closure
--------------------------------------------------------------------------------
    Script dir: /Users/mac/Documents/GitHub/SOEN7481/defects4j/framework
      Base dir: /Users/mac/Documents/GitHub/SOEN7481/defects4j
    Major root: /Users/mac/Documents/GitHub/SOEN7481/defects4j/major
      Repo dir: /Users/mac/Documents/GitHub/SOEN7481/defects4j/project_repos
--------------------------------------------------------------------------------
    Project ID: Closure
       Program: closure-compiler
    Build file: /Users/mac/Documents/GitHub/SOEN7481/defects4j/framework/build-scripts/Closure/Closure.build.xml
--------------------------------------------------------------------------------
           Vcs: Vcs::Git
    Repository: /Users/mac/Documents/GitHub/SOEN7481/defects4j/project_repos/closure-compiler.git
     Commit db: /Users/mac/Documents/GitHub/SOEN7481/defects4j/framework/projects/Closure/commit-db
Number of bugs: 132
--------------------------------------------------------------------------------

Summary for Bug: 63
--------------------------------------------------------------------------------
Root cause in triggering tests:
 - com.google.javascript.jscomp.LightweightMessageFormatterTest::testFormatErrorSpaceEndOfLine1
   --> junit.framework.ComparisonFailure: expected:<...ion here
 - com.google.javascript.jscomp.LightweightMessageFormatterTest::testFormatErrorSpaceEndOfLine2
   --> junit.framework.ComparisonFailure: expected:<...iption here
--------------------------------------------------------------------------------
List of modified sources:
 - com.google.javascript.jscomp.LightweightMessageFormatter
--------------------------------------------------------------------------------
<end>
<start>
Summary of configuration for Project: Closure
--------------------------------------------------------------------------------
    Script dir: /Users/mac/Documents/GitHub/SOEN7481/defects4j/framework
      Base dir: /Users/mac/Documents/GitHub/SOEN7481/defects4j
    Major root: /Users/mac/Documents/GitHub/SOEN7481/defects4j/major
      Repo dir: /Users/mac/Documents/GitHub/SOEN7481/defects4j/project_repos
--------------------------------------------------------------------------------
    Project ID: Closure
       Program: closure-compiler
    Build file: /Users/mac/Documents/GitHub/SOEN7481/defects4j/framework/build-scripts/Closure/Closure.build.xml
--------------------------------------------------------------------------------
           Vcs: Vcs::Git
    Repository: /Users/mac/Documents/GitHub/SOEN7481/defects4j/project_repos/closure-compiler.git
     Commit db: /Users/mac/Documents/GitHub/SOEN7481/defects4j/framework/projects/Closure/commit-db
Number of bugs: 132
--------------------------------------------------------------------------------

Summary for Bug: 64
--------------------------------------------------------------------------------
Root cause in triggering tests:
 - com.google.javascript.jscomp.CommandLineRunnerTest::testES5StrictUseStrictMultipleInputs
   --> junit.framework.AssertionFailedError: expected:<17> but was:<-1>
--------------------------------------------------------------------------------
List of modified sources:
 - com.google.javascript.jscomp.Compiler
--------------------------------------------------------------------------------
<end>
<start>
Summary of configuration for Project: Closure
--------------------------------------------------------------------------------
    Script dir: /Users/mac/Documents/GitHub/SOEN7481/defects4j/framework
      Base dir: /Users/mac/Documents/GitHub/SOEN7481/defects4j
    Major root: /Users/mac/Documents/GitHub/SOEN7481/defects4j/major
      Repo dir: /Users/mac/Documents/GitHub/SOEN7481/defects4j/project_repos
--------------------------------------------------------------------------------
    Project ID: Closure
       Program: closure-compiler
    Build file: /Users/mac/Documents/GitHub/SOEN7481/defects4j/framework/build-scripts/Closure/Closure.build.xml
--------------------------------------------------------------------------------
           Vcs: Vcs::Git
    Repository: /Users/mac/Documents/GitHub/SOEN7481/defects4j/project_repos/closure-compiler.git
     Commit db: /Users/mac/Documents/GitHub/SOEN7481/defects4j/framework/projects/Closure/commit-db
Number of bugs: 132
--------------------------------------------------------------------------------

Summary for Bug: 65
--------------------------------------------------------------------------------
Root cause in triggering tests:
 - com.google.javascript.jscomp.CodePrinterTest::testZero
   --> junit.framework.ComparisonFailure: expected:<var x="\0[00]"> but was:<var x="\0[]">
--------------------------------------------------------------------------------
List of modified sources:
 - com.google.javascript.jscomp.CodeGenerator
--------------------------------------------------------------------------------
<end>
<start>
Summary of configuration for Project: Closure
--------------------------------------------------------------------------------
    Script dir: /Users/mac/Documents/GitHub/SOEN7481/defects4j/framework
      Base dir: /Users/mac/Documents/GitHub/SOEN7481/defects4j
    Major root: /Users/mac/Documents/GitHub/SOEN7481/defects4j/major
      Repo dir: /Users/mac/Documents/GitHub/SOEN7481/defects4j/project_repos
--------------------------------------------------------------------------------
    Project ID: Closure
       Program: closure-compiler
    Build file: /Users/mac/Documents/GitHub/SOEN7481/defects4j/framework/build-scripts/Closure/Closure.build.xml
--------------------------------------------------------------------------------
           Vcs: Vcs::Git
    Repository: /Users/mac/Documents/GitHub/SOEN7481/defects4j/project_repos/closure-compiler.git
     Commit db: /Users/mac/Documents/GitHub/SOEN7481/defects4j/framework/projects/Closure/commit-db
Number of bugs: 132
--------------------------------------------------------------------------------

Summary for Bug: 66
--------------------------------------------------------------------------------
Root cause in triggering tests:
 - com.google.javascript.jscomp.TypeCheckTest::testGetTypedPercent5
   --> junit.framework.AssertionFailedError: expected:<100.0> but was:<62.5>
 - com.google.javascript.jscomp.TypeCheckTest::testGetTypedPercent6
   --> junit.framework.AssertionFailedError: expected:<100.0> but was:<66.66666666666667>
--------------------------------------------------------------------------------
List of modified sources:
 - com.google.javascript.jscomp.TypeCheck
--------------------------------------------------------------------------------
<end>
<start>
Summary of configuration for Project: Closure
--------------------------------------------------------------------------------
    Script dir: /Users/mac/Documents/GitHub/SOEN7481/defects4j/framework
      Base dir: /Users/mac/Documents/GitHub/SOEN7481/defects4j
    Major root: /Users/mac/Documents/GitHub/SOEN7481/defects4j/major
      Repo dir: /Users/mac/Documents/GitHub/SOEN7481/defects4j/project_repos
--------------------------------------------------------------------------------
    Project ID: Closure
       Program: closure-compiler
    Build file: /Users/mac/Documents/GitHub/SOEN7481/defects4j/framework/build-scripts/Closure/Closure.build.xml
--------------------------------------------------------------------------------
           Vcs: Vcs::Git
    Repository: /Users/mac/Documents/GitHub/SOEN7481/defects4j/project_repos/closure-compiler.git
     Commit db: /Users/mac/Documents/GitHub/SOEN7481/defects4j/framework/projects/Closure/commit-db
Number of bugs: 132
--------------------------------------------------------------------------------

Summary for Bug: 67
--------------------------------------------------------------------------------
Root cause in triggering tests:
 - com.google.javascript.jscomp.RemoveUnusedPrototypePropertiesTest::testAliasing7
   --> junit.framework.AssertionFailedError: 
--------------------------------------------------------------------------------
List of modified sources:
 - com.google.javascript.jscomp.AnalyzePrototypeProperties
--------------------------------------------------------------------------------
<end>
<start>
Summary of configuration for Project: Closure
--------------------------------------------------------------------------------
    Script dir: /Users/mac/Documents/GitHub/SOEN7481/defects4j/framework
      Base dir: /Users/mac/Documents/GitHub/SOEN7481/defects4j
    Major root: /Users/mac/Documents/GitHub/SOEN7481/defects4j/major
      Repo dir: /Users/mac/Documents/GitHub/SOEN7481/defects4j/project_repos
--------------------------------------------------------------------------------
    Project ID: Closure
       Program: closure-compiler
    Build file: /Users/mac/Documents/GitHub/SOEN7481/defects4j/framework/build-scripts/Closure/Closure.build.xml
--------------------------------------------------------------------------------
           Vcs: Vcs::Git
    Repository: /Users/mac/Documents/GitHub/SOEN7481/defects4j/project_repos/closure-compiler.git
     Commit db: /Users/mac/Documents/GitHub/SOEN7481/defects4j/framework/projects/Closure/commit-db
Number of bugs: 132
--------------------------------------------------------------------------------

Summary for Bug: 68
--------------------------------------------------------------------------------
Root cause in triggering tests:
 - com.google.javascript.jscomp.parsing.JsDocInfoParserTest::testIssue477
   --> junit.framework.AssertionFailedError: extra warning: Unexpected end of file
--------------------------------------------------------------------------------
List of modified sources:
 - com.google.javascript.jscomp.parsing.JsDocInfoParser
--------------------------------------------------------------------------------
<end>
<start>
Summary of configuration for Project: Closure
--------------------------------------------------------------------------------
    Script dir: /Users/mac/Documents/GitHub/SOEN7481/defects4j/framework
      Base dir: /Users/mac/Documents/GitHub/SOEN7481/defects4j
    Major root: /Users/mac/Documents/GitHub/SOEN7481/defects4j/major
      Repo dir: /Users/mac/Documents/GitHub/SOEN7481/defects4j/project_repos
--------------------------------------------------------------------------------
    Project ID: Closure
       Program: closure-compiler
    Build file: /Users/mac/Documents/GitHub/SOEN7481/defects4j/framework/build-scripts/Closure/Closure.build.xml
--------------------------------------------------------------------------------
           Vcs: Vcs::Git
    Repository: /Users/mac/Documents/GitHub/SOEN7481/defects4j/project_repos/closure-compiler.git
     Commit db: /Users/mac/Documents/GitHub/SOEN7481/defects4j/framework/projects/Closure/commit-db
Number of bugs: 132
--------------------------------------------------------------------------------

Summary for Bug: 69
--------------------------------------------------------------------------------
Root cause in triggering tests:
 - com.google.javascript.jscomp.TypeCheckTest::testThisTypeOfFunction2
   --> junit.framework.AssertionFailedError: expected a warning
 - com.google.javascript.jscomp.TypeCheckTest::testThisTypeOfFunction3
   --> junit.framework.AssertionFailedError: expected a warning
 - com.google.javascript.jscomp.TypeCheckTest::testThisTypeOfFunction4
   --> junit.framework.AssertionFailedError: expected a warning
--------------------------------------------------------------------------------
List of modified sources:
 - com.google.javascript.jscomp.TypeCheck
--------------------------------------------------------------------------------
<end>
<start>
Summary of configuration for Project: Closure
--------------------------------------------------------------------------------
    Script dir: /Users/mac/Documents/GitHub/SOEN7481/defects4j/framework
      Base dir: /Users/mac/Documents/GitHub/SOEN7481/defects4j
    Major root: /Users/mac/Documents/GitHub/SOEN7481/defects4j/major
      Repo dir: /Users/mac/Documents/GitHub/SOEN7481/defects4j/project_repos
--------------------------------------------------------------------------------
    Project ID: Closure
       Program: closure-compiler
    Build file: /Users/mac/Documents/GitHub/SOEN7481/defects4j/framework/build-scripts/Closure/Closure.build.xml
--------------------------------------------------------------------------------
           Vcs: Vcs::Git
    Repository: /Users/mac/Documents/GitHub/SOEN7481/defects4j/project_repos/closure-compiler.git
     Commit db: /Users/mac/Documents/GitHub/SOEN7481/defects4j/framework/projects/Closure/commit-db
Number of bugs: 132
--------------------------------------------------------------------------------

Summary for Bug: 70
--------------------------------------------------------------------------------
Root cause in triggering tests:
 - com.google.javascript.jscomp.LooseTypeCheckTest::testDuplicateLocalVarDecl
   --> junit.framework.AssertionFailedError: expected:<2> but was:<1>
 - com.google.javascript.jscomp.LooseTypeCheckTest::testFunctionArguments13
   --> junit.framework.AssertionFailedError: expected a warning
 - com.google.javascript.jscomp.TypeCheckTest::testScoping12
   --> junit.framework.AssertionFailedError: expected a warning
 - com.google.javascript.jscomp.TypeCheckTest::testDuplicateLocalVarDecl
   --> junit.framework.AssertionFailedError: unexpected warning(s) : JSC_DUP_VAR_DECLARATION. variable x redefined with type string, original definition at  [testcode] :2 with type number at  [testcode]  line 2 : 42 expected:<2> but was:<1>
 - com.google.javascript.jscomp.TypeCheckTest::testFunctionArguments13
   --> junit.framework.AssertionFailedError: expected a warning
--------------------------------------------------------------------------------
List of modified sources:
 - com.google.javascript.jscomp.TypedScopeCreator
--------------------------------------------------------------------------------
<end>
<start>
Summary of configuration for Project: Closure
--------------------------------------------------------------------------------
    Script dir: /Users/mac/Documents/GitHub/SOEN7481/defects4j/framework
      Base dir: /Users/mac/Documents/GitHub/SOEN7481/defects4j
    Major root: /Users/mac/Documents/GitHub/SOEN7481/defects4j/major
      Repo dir: /Users/mac/Documents/GitHub/SOEN7481/defects4j/project_repos
--------------------------------------------------------------------------------
    Project ID: Closure
       Program: closure-compiler
    Build file: /Users/mac/Documents/GitHub/SOEN7481/defects4j/framework/build-scripts/Closure/Closure.build.xml
--------------------------------------------------------------------------------
           Vcs: Vcs::Git
    Repository: /Users/mac/Documents/GitHub/SOEN7481/defects4j/project_repos/closure-compiler.git
     Commit db: /Users/mac/Documents/GitHub/SOEN7481/defects4j/framework/projects/Closure/commit-db
Number of bugs: 132
--------------------------------------------------------------------------------

Summary for Bug: 71
--------------------------------------------------------------------------------
Root cause in triggering tests:
 - com.google.javascript.jscomp.CheckAccessControlsTest::testNoPrivateAccessForProperties6
   --> junit.framework.AssertionFailedError: Overriding private property of Foo.prototype.
 - com.google.javascript.jscomp.CheckAccessControlsTest::testNoPrivateAccessForProperties8
   --> junit.framework.AssertionFailedError: There should be one error.  expected:<1> but was:<0>
--------------------------------------------------------------------------------
List of modified sources:
 - com.google.javascript.jscomp.CheckAccessControls
--------------------------------------------------------------------------------
<end>
<start>
Summary of configuration for Project: Closure
--------------------------------------------------------------------------------
    Script dir: /Users/mac/Documents/GitHub/SOEN7481/defects4j/framework
      Base dir: /Users/mac/Documents/GitHub/SOEN7481/defects4j
    Major root: /Users/mac/Documents/GitHub/SOEN7481/defects4j/major
      Repo dir: /Users/mac/Documents/GitHub/SOEN7481/defects4j/project_repos
--------------------------------------------------------------------------------
    Project ID: Closure
       Program: closure-compiler
    Build file: /Users/mac/Documents/GitHub/SOEN7481/defects4j/framework/build-scripts/Closure/Closure.build.xml
--------------------------------------------------------------------------------
           Vcs: Vcs::Git
    Repository: /Users/mac/Documents/GitHub/SOEN7481/defects4j/project_repos/closure-compiler.git
     Commit db: /Users/mac/Documents/GitHub/SOEN7481/defects4j/framework/projects/Closure/commit-db
Number of bugs: 132
--------------------------------------------------------------------------------

Summary for Bug: 72
--------------------------------------------------------------------------------
Root cause in triggering tests:
 - com.google.javascript.jscomp.InlineFunctionsTest::testInlineFunctions31
   --> junit.framework.AssertionFailedError: 
--------------------------------------------------------------------------------
List of modified sources:
 - com.google.javascript.jscomp.FunctionToBlockMutator
 - com.google.javascript.jscomp.RenameLabels
--------------------------------------------------------------------------------
<end>
<start>
Summary of configuration for Project: Closure
--------------------------------------------------------------------------------
    Script dir: /Users/mac/Documents/GitHub/SOEN7481/defects4j/framework
      Base dir: /Users/mac/Documents/GitHub/SOEN7481/defects4j
    Major root: /Users/mac/Documents/GitHub/SOEN7481/defects4j/major
      Repo dir: /Users/mac/Documents/GitHub/SOEN7481/defects4j/project_repos
--------------------------------------------------------------------------------
    Project ID: Closure
       Program: closure-compiler
    Build file: /Users/mac/Documents/GitHub/SOEN7481/defects4j/framework/build-scripts/Closure/Closure.build.xml
--------------------------------------------------------------------------------
           Vcs: Vcs::Git
    Repository: /Users/mac/Documents/GitHub/SOEN7481/defects4j/project_repos/closure-compiler.git
     Commit db: /Users/mac/Documents/GitHub/SOEN7481/defects4j/framework/projects/Closure/commit-db
Number of bugs: 132
--------------------------------------------------------------------------------

Summary for Bug: 73
--------------------------------------------------------------------------------
Root cause in triggering tests:
 - com.google.javascript.jscomp.CodePrinterTest::testUnicode
   --> junit.framework.ComparisonFailure: expected:<var x="[\u007f]"> but was:<var x="[]">
--------------------------------------------------------------------------------
List of modified sources:
 - com.google.javascript.jscomp.CodeGenerator
--------------------------------------------------------------------------------
<end>
<start>
Summary of configuration for Project: Closure
--------------------------------------------------------------------------------
    Script dir: /Users/mac/Documents/GitHub/SOEN7481/defects4j/framework
      Base dir: /Users/mac/Documents/GitHub/SOEN7481/defects4j
    Major root: /Users/mac/Documents/GitHub/SOEN7481/defects4j/major
      Repo dir: /Users/mac/Documents/GitHub/SOEN7481/defects4j/project_repos
--------------------------------------------------------------------------------
    Project ID: Closure
       Program: closure-compiler
    Build file: /Users/mac/Documents/GitHub/SOEN7481/defects4j/framework/build-scripts/Closure/Closure.build.xml
--------------------------------------------------------------------------------
           Vcs: Vcs::Git
    Repository: /Users/mac/Documents/GitHub/SOEN7481/defects4j/project_repos/closure-compiler.git
     Commit db: /Users/mac/Documents/GitHub/SOEN7481/defects4j/framework/projects/Closure/commit-db
Number of bugs: 132
--------------------------------------------------------------------------------

Summary for Bug: 74
--------------------------------------------------------------------------------
Root cause in triggering tests:
 - com.google.javascript.jscomp.PeepholeFoldConstantsTest::testFoldComparison3
   --> junit.framework.AssertionFailedError: 
 - com.google.javascript.jscomp.PeepholeFoldConstantsTest::testInvertibleOperators
   --> junit.framework.ComparisonFailure: Expressions did not fold the same
 - com.google.javascript.jscomp.PeepholeFoldConstantsTest::testCommutativeOperators
   --> junit.framework.ComparisonFailure: Expressions did not fold the same
--------------------------------------------------------------------------------
List of modified sources:
 - com.google.javascript.jscomp.PeepholeFoldConstants
--------------------------------------------------------------------------------
<end>
<start>
Summary of configuration for Project: Closure
--------------------------------------------------------------------------------
    Script dir: /Users/mac/Documents/GitHub/SOEN7481/defects4j/framework
      Base dir: /Users/mac/Documents/GitHub/SOEN7481/defects4j
    Major root: /Users/mac/Documents/GitHub/SOEN7481/defects4j/major
      Repo dir: /Users/mac/Documents/GitHub/SOEN7481/defects4j/project_repos
--------------------------------------------------------------------------------
    Project ID: Closure
       Program: closure-compiler
    Build file: /Users/mac/Documents/GitHub/SOEN7481/defects4j/framework/build-scripts/Closure/Closure.build.xml
--------------------------------------------------------------------------------
           Vcs: Vcs::Git
    Repository: /Users/mac/Documents/GitHub/SOEN7481/defects4j/project_repos/closure-compiler.git
     Commit db: /Users/mac/Documents/GitHub/SOEN7481/defects4j/framework/projects/Closure/commit-db
Number of bugs: 132
--------------------------------------------------------------------------------

Summary for Bug: 75
--------------------------------------------------------------------------------
Root cause in triggering tests:
 - com.google.javascript.jscomp.PeepholeFoldConstantsTest::testIEString
   --> junit.framework.AssertionFailedError: 
--------------------------------------------------------------------------------
List of modified sources:
 - com.google.javascript.jscomp.NodeUtil
--------------------------------------------------------------------------------
<end>
<start>
Summary of configuration for Project: Closure
--------------------------------------------------------------------------------
    Script dir: /Users/mac/Documents/GitHub/SOEN7481/defects4j/framework
      Base dir: /Users/mac/Documents/GitHub/SOEN7481/defects4j
    Major root: /Users/mac/Documents/GitHub/SOEN7481/defects4j/major
      Repo dir: /Users/mac/Documents/GitHub/SOEN7481/defects4j/project_repos
--------------------------------------------------------------------------------
    Project ID: Closure
       Program: closure-compiler
    Build file: /Users/mac/Documents/GitHub/SOEN7481/defects4j/framework/build-scripts/Closure/Closure.build.xml
--------------------------------------------------------------------------------
           Vcs: Vcs::Git
    Repository: /Users/mac/Documents/GitHub/SOEN7481/defects4j/project_repos/closure-compiler.git
     Commit db: /Users/mac/Documents/GitHub/SOEN7481/defects4j/framework/projects/Closure/commit-db
Number of bugs: 132
--------------------------------------------------------------------------------

Summary for Bug: 76
--------------------------------------------------------------------------------
Root cause in triggering tests:
 - com.google.javascript.jscomp.DeadAssignmentsEliminationTest::testInExpression2
   --> junit.framework.AssertionFailedError: 
 - com.google.javascript.jscomp.DeadAssignmentsEliminationTest::testIssue384b
   --> junit.framework.AssertionFailedError: 
 - com.google.javascript.jscomp.DeadAssignmentsEliminationTest::testIssue384c
   --> junit.framework.AssertionFailedError: 
 - com.google.javascript.jscomp.DeadAssignmentsEliminationTest::testIssue384d
   --> junit.framework.AssertionFailedError: 
--------------------------------------------------------------------------------
List of modified sources:
 - com.google.javascript.jscomp.DeadAssignmentsElimination
--------------------------------------------------------------------------------
<end>
<start>
Summary of configuration for Project: Closure
--------------------------------------------------------------------------------
    Script dir: /Users/mac/Documents/GitHub/SOEN7481/defects4j/framework
      Base dir: /Users/mac/Documents/GitHub/SOEN7481/defects4j
    Major root: /Users/mac/Documents/GitHub/SOEN7481/defects4j/major
      Repo dir: /Users/mac/Documents/GitHub/SOEN7481/defects4j/project_repos
--------------------------------------------------------------------------------
    Project ID: Closure
       Program: closure-compiler
    Build file: /Users/mac/Documents/GitHub/SOEN7481/defects4j/framework/build-scripts/Closure/Closure.build.xml
--------------------------------------------------------------------------------
           Vcs: Vcs::Git
    Repository: /Users/mac/Documents/GitHub/SOEN7481/defects4j/project_repos/closure-compiler.git
     Commit db: /Users/mac/Documents/GitHub/SOEN7481/defects4j/framework/projects/Closure/commit-db
Number of bugs: 132
--------------------------------------------------------------------------------

Summary for Bug: 77
--------------------------------------------------------------------------------
Root cause in triggering tests:
 - com.google.javascript.jscomp.CodePrinterTest::testZero
   --> junit.framework.ComparisonFailure: expected:<var x="\[]0"> but was:<var x="\[u000]0">
--------------------------------------------------------------------------------
List of modified sources:
 - com.google.javascript.jscomp.CodeGenerator
--------------------------------------------------------------------------------
<end>
<start>
Summary of configuration for Project: Closure
--------------------------------------------------------------------------------
    Script dir: /Users/mac/Documents/GitHub/SOEN7481/defects4j/framework
      Base dir: /Users/mac/Documents/GitHub/SOEN7481/defects4j
    Major root: /Users/mac/Documents/GitHub/SOEN7481/defects4j/major
      Repo dir: /Users/mac/Documents/GitHub/SOEN7481/defects4j/project_repos
--------------------------------------------------------------------------------
    Project ID: Closure
       Program: closure-compiler
    Build file: /Users/mac/Documents/GitHub/SOEN7481/defects4j/framework/build-scripts/Closure/Closure.build.xml
--------------------------------------------------------------------------------
           Vcs: Vcs::Git
    Repository: /Users/mac/Documents/GitHub/SOEN7481/defects4j/project_repos/closure-compiler.git
     Commit db: /Users/mac/Documents/GitHub/SOEN7481/defects4j/framework/projects/Closure/commit-db
Number of bugs: 132
--------------------------------------------------------------------------------

Summary for Bug: 78
--------------------------------------------------------------------------------
Root cause in triggering tests:
 - com.google.javascript.jscomp.PeepholeFoldConstantsTest::testFoldArithmetic
   --> junit.framework.AssertionFailedError: Unexpected error(s): JSC_DIVIDE_BY_0_ERROR. Divide by 0 at testcode line 1 : 8 expected:<0> but was:<1>
--------------------------------------------------------------------------------
List of modified sources:
 - com.google.javascript.jscomp.PeepholeFoldConstants
--------------------------------------------------------------------------------
<end>
<start>
Summary of configuration for Project: Closure
--------------------------------------------------------------------------------
    Script dir: /Users/mac/Documents/GitHub/SOEN7481/defects4j/framework
      Base dir: /Users/mac/Documents/GitHub/SOEN7481/defects4j
    Major root: /Users/mac/Documents/GitHub/SOEN7481/defects4j/major
      Repo dir: /Users/mac/Documents/GitHub/SOEN7481/defects4j/project_repos
--------------------------------------------------------------------------------
    Project ID: Closure
       Program: closure-compiler
    Build file: /Users/mac/Documents/GitHub/SOEN7481/defects4j/framework/build-scripts/Closure/Closure.build.xml
--------------------------------------------------------------------------------
           Vcs: Vcs::Git
    Repository: /Users/mac/Documents/GitHub/SOEN7481/defects4j/project_repos/closure-compiler.git
     Commit db: /Users/mac/Documents/GitHub/SOEN7481/defects4j/framework/projects/Closure/commit-db
Number of bugs: 132
--------------------------------------------------------------------------------

Summary for Bug: 79
--------------------------------------------------------------------------------
Root cause in triggering tests:
 - com.google.javascript.jscomp.NormalizeTest::testIssue
   --> java.lang.RuntimeException: INTERNAL COMPILER ERROR.
 - com.google.javascript.jscomp.VarCheckTest::testPropReferenceInExterns1
   --> junit.framework.AssertionFailedError: compiler.reportCodeChange() should have been called
 - com.google.javascript.jscomp.VarCheckTest::testPropReferenceInExterns3
   --> junit.framework.AssertionFailedError: compiler.reportCodeChange() should have been called
 - com.google.javascript.jscomp.VarCheckTest::testVarReferenceInExterns
   --> junit.framework.AssertionFailedError: compiler.reportCodeChange() should have been called
 - com.google.javascript.jscomp.VarCheckTest::testCallInExterns
   --> junit.framework.AssertionFailedError: compiler.reportCodeChange() should have been called
--------------------------------------------------------------------------------
List of modified sources:
 - com.google.javascript.jscomp.VarCheck
 - com.google.javascript.jscomp.Normalize
--------------------------------------------------------------------------------
<end>
<start>
Summary of configuration for Project: Closure
--------------------------------------------------------------------------------
    Script dir: /Users/mac/Documents/GitHub/SOEN7481/defects4j/framework
      Base dir: /Users/mac/Documents/GitHub/SOEN7481/defects4j
    Major root: /Users/mac/Documents/GitHub/SOEN7481/defects4j/major
      Repo dir: /Users/mac/Documents/GitHub/SOEN7481/defects4j/project_repos
--------------------------------------------------------------------------------
    Project ID: Closure
       Program: closure-compiler
    Build file: /Users/mac/Documents/GitHub/SOEN7481/defects4j/framework/build-scripts/Closure/Closure.build.xml
--------------------------------------------------------------------------------
           Vcs: Vcs::Git
    Repository: /Users/mac/Documents/GitHub/SOEN7481/defects4j/project_repos/closure-compiler.git
     Commit db: /Users/mac/Documents/GitHub/SOEN7481/defects4j/framework/projects/Closure/commit-db
Number of bugs: 132
--------------------------------------------------------------------------------

Summary for Bug: 80
--------------------------------------------------------------------------------
Root cause in triggering tests:
 - com.google.javascript.jscomp.NodeUtilTest::testIsBooleanResult
   --> junit.framework.AssertionFailedError
 - com.google.javascript.jscomp.NodeUtilTest::testLocalValue1
   --> java.lang.IllegalStateException: Unexpected expression nodeDELPROP 1 [sourcename:  [testcode] ] [parenthesized: true]
--------------------------------------------------------------------------------
List of modified sources:
 - com.google.javascript.jscomp.NodeUtil
--------------------------------------------------------------------------------
<end>
<start>
Summary of configuration for Project: Closure
--------------------------------------------------------------------------------
    Script dir: /Users/mac/Documents/GitHub/SOEN7481/defects4j/framework
      Base dir: /Users/mac/Documents/GitHub/SOEN7481/defects4j
    Major root: /Users/mac/Documents/GitHub/SOEN7481/defects4j/major
      Repo dir: /Users/mac/Documents/GitHub/SOEN7481/defects4j/project_repos
--------------------------------------------------------------------------------
    Project ID: Closure
       Program: closure-compiler
    Build file: /Users/mac/Documents/GitHub/SOEN7481/defects4j/framework/build-scripts/Closure/Closure.build.xml
--------------------------------------------------------------------------------
           Vcs: Vcs::Git
    Repository: /Users/mac/Documents/GitHub/SOEN7481/defects4j/project_repos/closure-compiler.git
     Commit db: /Users/mac/Documents/GitHub/SOEN7481/defects4j/framework/projects/Closure/commit-db
Number of bugs: 132
--------------------------------------------------------------------------------

Summary for Bug: 81
--------------------------------------------------------------------------------
Root cause in triggering tests:
 - com.google.javascript.jscomp.parsing.ParserTest::testUnnamedFunctionStatement
   --> junit.framework.AssertionFailedError
--------------------------------------------------------------------------------
List of modified sources:
 - com.google.javascript.jscomp.parsing.IRFactory
--------------------------------------------------------------------------------
<end>
<start>
Summary of configuration for Project: Closure
--------------------------------------------------------------------------------
    Script dir: /Users/mac/Documents/GitHub/SOEN7481/defects4j/framework
      Base dir: /Users/mac/Documents/GitHub/SOEN7481/defects4j
    Major root: /Users/mac/Documents/GitHub/SOEN7481/defects4j/major
      Repo dir: /Users/mac/Documents/GitHub/SOEN7481/defects4j/project_repos
--------------------------------------------------------------------------------
    Project ID: Closure
       Program: closure-compiler
    Build file: /Users/mac/Documents/GitHub/SOEN7481/defects4j/framework/build-scripts/Closure/Closure.build.xml
--------------------------------------------------------------------------------
           Vcs: Vcs::Git
    Repository: /Users/mac/Documents/GitHub/SOEN7481/defects4j/project_repos/closure-compiler.git
     Commit db: /Users/mac/Documents/GitHub/SOEN7481/defects4j/framework/projects/Closure/commit-db
Number of bugs: 132
--------------------------------------------------------------------------------

Summary for Bug: 82
--------------------------------------------------------------------------------
Root cause in triggering tests:
 - com.google.javascript.jscomp.TypeCheckTest::testIssue301
   --> junit.framework.AssertionFailedError: expected a warning
 - com.google.javascript.rhino.jstype.FunctionTypeTest::testEmptyFunctionTypes
   --> junit.framework.AssertionFailedError
--------------------------------------------------------------------------------
List of modified sources:
 - com.google.javascript.rhino.jstype.JSType
--------------------------------------------------------------------------------
<end>
<start>
Summary of configuration for Project: Closure
--------------------------------------------------------------------------------
    Script dir: /Users/mac/Documents/GitHub/SOEN7481/defects4j/framework
      Base dir: /Users/mac/Documents/GitHub/SOEN7481/defects4j
    Major root: /Users/mac/Documents/GitHub/SOEN7481/defects4j/major
      Repo dir: /Users/mac/Documents/GitHub/SOEN7481/defects4j/project_repos
--------------------------------------------------------------------------------
    Project ID: Closure
       Program: closure-compiler
    Build file: /Users/mac/Documents/GitHub/SOEN7481/defects4j/framework/build-scripts/Closure/Closure.build.xml
--------------------------------------------------------------------------------
           Vcs: Vcs::Git
    Repository: /Users/mac/Documents/GitHub/SOEN7481/defects4j/project_repos/closure-compiler.git
     Commit db: /Users/mac/Documents/GitHub/SOEN7481/defects4j/framework/projects/Closure/commit-db
Number of bugs: 132
--------------------------------------------------------------------------------

Summary for Bug: 83
--------------------------------------------------------------------------------
Root cause in triggering tests:
 - com.google.javascript.jscomp.CommandLineRunnerTest::testVersionFlag2
   --> junit.framework.AssertionFailedError
--------------------------------------------------------------------------------
List of modified sources:
 - com.google.javascript.jscomp.CommandLineRunner
--------------------------------------------------------------------------------
<end>
<start>
Summary of configuration for Project: Closure
--------------------------------------------------------------------------------
    Script dir: /Users/mac/Documents/GitHub/SOEN7481/defects4j/framework
      Base dir: /Users/mac/Documents/GitHub/SOEN7481/defects4j
    Major root: /Users/mac/Documents/GitHub/SOEN7481/defects4j/major
      Repo dir: /Users/mac/Documents/GitHub/SOEN7481/defects4j/project_repos
--------------------------------------------------------------------------------
    Project ID: Closure
       Program: closure-compiler
    Build file: /Users/mac/Documents/GitHub/SOEN7481/defects4j/framework/build-scripts/Closure/Closure.build.xml
--------------------------------------------------------------------------------
           Vcs: Vcs::Git
    Repository: /Users/mac/Documents/GitHub/SOEN7481/defects4j/project_repos/closure-compiler.git
     Commit db: /Users/mac/Documents/GitHub/SOEN7481/defects4j/framework/projects/Closure/commit-db
Number of bugs: 132
--------------------------------------------------------------------------------

Summary for Bug: 84
--------------------------------------------------------------------------------
Root cause in triggering tests:
 - com.google.javascript.jscomp.parsing.ParserTest::testDestructuringAssignForbidden4
   --> junit.framework.AssertionFailedError
--------------------------------------------------------------------------------
List of modified sources:
 - com.google.javascript.jscomp.parsing.IRFactory
--------------------------------------------------------------------------------
<end>
<start>
Summary of configuration for Project: Closure
--------------------------------------------------------------------------------
    Script dir: /Users/mac/Documents/GitHub/SOEN7481/defects4j/framework
      Base dir: /Users/mac/Documents/GitHub/SOEN7481/defects4j
    Major root: /Users/mac/Documents/GitHub/SOEN7481/defects4j/major
      Repo dir: /Users/mac/Documents/GitHub/SOEN7481/defects4j/project_repos
--------------------------------------------------------------------------------
    Project ID: Closure
       Program: closure-compiler
    Build file: /Users/mac/Documents/GitHub/SOEN7481/defects4j/framework/build-scripts/Closure/Closure.build.xml
--------------------------------------------------------------------------------
           Vcs: Vcs::Git
    Repository: /Users/mac/Documents/GitHub/SOEN7481/defects4j/project_repos/closure-compiler.git
     Commit db: /Users/mac/Documents/GitHub/SOEN7481/defects4j/framework/projects/Closure/commit-db
Number of bugs: 132
--------------------------------------------------------------------------------

Summary for Bug: 85
--------------------------------------------------------------------------------
Root cause in triggering tests:
 - com.google.javascript.jscomp.UnreachableCodeEliminationTest::testCascadedRemovalOfUnlessUnconditonalJumps
   --> junit.framework.AssertionFailedError: 
 - com.google.javascript.jscomp.UnreachableCodeEliminationTest::testIssue311
   --> java.lang.RuntimeException: INTERNAL COMPILER ERROR.
--------------------------------------------------------------------------------
List of modified sources:
 - com.google.javascript.jscomp.UnreachableCodeElimination
--------------------------------------------------------------------------------
<end>
<start>
Summary of configuration for Project: Closure
--------------------------------------------------------------------------------
    Script dir: /Users/mac/Documents/GitHub/SOEN7481/defects4j/framework
      Base dir: /Users/mac/Documents/GitHub/SOEN7481/defects4j
    Major root: /Users/mac/Documents/GitHub/SOEN7481/defects4j/major
      Repo dir: /Users/mac/Documents/GitHub/SOEN7481/defects4j/project_repos
--------------------------------------------------------------------------------
    Project ID: Closure
       Program: closure-compiler
    Build file: /Users/mac/Documents/GitHub/SOEN7481/defects4j/framework/build-scripts/Closure/Closure.build.xml
--------------------------------------------------------------------------------
           Vcs: Vcs::Git
    Repository: /Users/mac/Documents/GitHub/SOEN7481/defects4j/project_repos/closure-compiler.git
     Commit db: /Users/mac/Documents/GitHub/SOEN7481/defects4j/framework/projects/Closure/commit-db
Number of bugs: 132
--------------------------------------------------------------------------------

Summary for Bug: 86
--------------------------------------------------------------------------------
Root cause in triggering tests:
 - com.google.javascript.jscomp.NodeUtilTest::testLocalValue1
   --> junit.framework.AssertionFailedError
 - com.google.javascript.jscomp.PureFunctionIdentifierTest::testLocalizedSideEffects8
   --> junit.framework.AssertionFailedError: expected:<[A]> but was:<[A, f]>
 - com.google.javascript.jscomp.PureFunctionIdentifierTest::testLocalizedSideEffects9
   --> junit.framework.AssertionFailedError: expected:<[A]> but was:<[A, f]>
 - com.google.javascript.jscomp.PureFunctionIdentifierTest::testAnnotationInExterns_new4
   --> junit.framework.AssertionFailedError: expected:<[externObjSEThis]> but was:<[externObjSEThis, NEW STRING externObjSEThisMethod]>
 - com.google.javascript.jscomp.PureFunctionIdentifierTest::testAnnotationInExterns_new6
   --> junit.framework.AssertionFailedError: expected:<[externObjSEThis]> but was:<[externObjSEThis, NEW STRING externObjSEThisMethod, f]>
 - com.google.javascript.jscomp.PureFunctionIdentifierTest::testIssue303b
   --> junit.framework.AssertionFailedError: expected:<[]> but was:<[NEW STRING setLocation]>
 - com.google.javascript.jscomp.PureFunctionIdentifierTest::testIssue303
   --> junit.framework.AssertionFailedError: expected:<[]> but was:<[NEW STRING setLocation]>
--------------------------------------------------------------------------------
List of modified sources:
 - com.google.javascript.jscomp.NodeUtil
--------------------------------------------------------------------------------
<end>
<start>
Summary of configuration for Project: Closure
--------------------------------------------------------------------------------
    Script dir: /Users/mac/Documents/GitHub/SOEN7481/defects4j/framework
      Base dir: /Users/mac/Documents/GitHub/SOEN7481/defects4j
    Major root: /Users/mac/Documents/GitHub/SOEN7481/defects4j/major
      Repo dir: /Users/mac/Documents/GitHub/SOEN7481/defects4j/project_repos
--------------------------------------------------------------------------------
    Project ID: Closure
       Program: closure-compiler
    Build file: /Users/mac/Documents/GitHub/SOEN7481/defects4j/framework/build-scripts/Closure/Closure.build.xml
--------------------------------------------------------------------------------
           Vcs: Vcs::Git
    Repository: /Users/mac/Documents/GitHub/SOEN7481/defects4j/project_repos/closure-compiler.git
     Commit db: /Users/mac/Documents/GitHub/SOEN7481/defects4j/framework/projects/Closure/commit-db
Number of bugs: 132
--------------------------------------------------------------------------------

Summary for Bug: 87
--------------------------------------------------------------------------------
Root cause in triggering tests:
 - com.google.javascript.jscomp.PeepholeSubstituteAlternateSyntaxTest::testIssue291
   --> junit.framework.AssertionFailedError: 
--------------------------------------------------------------------------------
List of modified sources:
 - com.google.javascript.jscomp.PeepholeSubstituteAlternateSyntax
--------------------------------------------------------------------------------
<end>
<start>
Summary of configuration for Project: Closure
--------------------------------------------------------------------------------
    Script dir: /Users/mac/Documents/GitHub/SOEN7481/defects4j/framework
      Base dir: /Users/mac/Documents/GitHub/SOEN7481/defects4j
    Major root: /Users/mac/Documents/GitHub/SOEN7481/defects4j/major
      Repo dir: /Users/mac/Documents/GitHub/SOEN7481/defects4j/project_repos
--------------------------------------------------------------------------------
    Project ID: Closure
       Program: closure-compiler
    Build file: /Users/mac/Documents/GitHub/SOEN7481/defects4j/framework/build-scripts/Closure/Closure.build.xml
--------------------------------------------------------------------------------
           Vcs: Vcs::Git
    Repository: /Users/mac/Documents/GitHub/SOEN7481/defects4j/project_repos/closure-compiler.git
     Commit db: /Users/mac/Documents/GitHub/SOEN7481/defects4j/framework/projects/Closure/commit-db
Number of bugs: 132
--------------------------------------------------------------------------------

Summary for Bug: 88
--------------------------------------------------------------------------------
Root cause in triggering tests:
 - com.google.javascript.jscomp.CommandLineRunnerTest::testIssue297
   --> junit.framework.AssertionFailedError: 
 - com.google.javascript.jscomp.DeadAssignmentsEliminationTest::testIssue297a
   --> junit.framework.AssertionFailedError: 
 - com.google.javascript.jscomp.DeadAssignmentsEliminationTest::testIssue297b
   --> junit.framework.AssertionFailedError: 
 - com.google.javascript.jscomp.DeadAssignmentsEliminationTest::testIssue297c
   --> junit.framework.AssertionFailedError: 
 - com.google.javascript.jscomp.DeadAssignmentsEliminationTest::testIssue297d
   --> junit.framework.AssertionFailedError: 
 - com.google.javascript.jscomp.DeadAssignmentsEliminationTest::testIssue297e
   --> junit.framework.AssertionFailedError: 
 - com.google.javascript.jscomp.DeadAssignmentsEliminationTest::testIssue297f
   --> junit.framework.AssertionFailedError: 
--------------------------------------------------------------------------------
List of modified sources:
 - com.google.javascript.jscomp.DeadAssignmentsElimination
--------------------------------------------------------------------------------
<end>
<start>
Summary of configuration for Project: Closure
--------------------------------------------------------------------------------
    Script dir: /Users/mac/Documents/GitHub/SOEN7481/defects4j/framework
      Base dir: /Users/mac/Documents/GitHub/SOEN7481/defects4j
    Major root: /Users/mac/Documents/GitHub/SOEN7481/defects4j/major
      Repo dir: /Users/mac/Documents/GitHub/SOEN7481/defects4j/project_repos
--------------------------------------------------------------------------------
    Project ID: Closure
       Program: closure-compiler
    Build file: /Users/mac/Documents/GitHub/SOEN7481/defects4j/framework/build-scripts/Closure/Closure.build.xml
--------------------------------------------------------------------------------
           Vcs: Vcs::Git
    Repository: /Users/mac/Documents/GitHub/SOEN7481/defects4j/project_repos/closure-compiler.git
     Commit db: /Users/mac/Documents/GitHub/SOEN7481/defects4j/framework/projects/Closure/commit-db
Number of bugs: 132
--------------------------------------------------------------------------------

Summary for Bug: 89
--------------------------------------------------------------------------------
Root cause in triggering tests:
 - com.google.javascript.jscomp.CollapsePropertiesTest::testAddPropertyToChildOfUncollapsibleFunctionInLocalScope
   --> junit.framework.AssertionFailedError: 
 - com.google.javascript.jscomp.CollapsePropertiesTest::testAliasCreatedForFunctionDepth1_1
   --> junit.framework.AssertionFailedError: 
 - com.google.javascript.jscomp.CollapsePropertiesTest::testAliasCreatedForFunctionDepth1_2
   --> junit.framework.AssertionFailedError: 
 - com.google.javascript.jscomp.CollapsePropertiesTest::testAliasCreatedForFunctionDepth1_3
   --> junit.framework.AssertionFailedError: 
 - com.google.javascript.jscomp.CollapsePropertiesTest::testAddPropertyToUncollapsibleNamedCtorInLocalScopeDepth1
   --> junit.framework.AssertionFailedError: 
 - com.google.javascript.jscomp.CollapsePropertiesTest::testAddPropertyToUncollapsibleFunctionInLocalScopeDepth1
   --> junit.framework.AssertionFailedError: 
 - com.google.javascript.jscomp.CollapsePropertiesTest::testAddPropertyToUncollapsibleFunctionInLocalScopeDepth2
   --> junit.framework.AssertionFailedError: 
 - com.google.javascript.jscomp.CollapsePropertiesTest::testAliasCreatedForFunctionDepth2
   --> junit.framework.AssertionFailedError: 
--------------------------------------------------------------------------------
List of modified sources:
 - com.google.javascript.jscomp.GlobalNamespace
 - com.google.javascript.jscomp.CollapseProperties
--------------------------------------------------------------------------------
<end>
<start>
Summary of configuration for Project: Closure
--------------------------------------------------------------------------------
    Script dir: /Users/mac/Documents/GitHub/SOEN7481/defects4j/framework
      Base dir: /Users/mac/Documents/GitHub/SOEN7481/defects4j
    Major root: /Users/mac/Documents/GitHub/SOEN7481/defects4j/major
      Repo dir: /Users/mac/Documents/GitHub/SOEN7481/defects4j/project_repos
--------------------------------------------------------------------------------
    Project ID: Closure
       Program: closure-compiler
    Build file: /Users/mac/Documents/GitHub/SOEN7481/defects4j/framework/build-scripts/Closure/Closure.build.xml
--------------------------------------------------------------------------------
           Vcs: Vcs::Git
    Repository: /Users/mac/Documents/GitHub/SOEN7481/defects4j/project_repos/closure-compiler.git
     Commit db: /Users/mac/Documents/GitHub/SOEN7481/defects4j/framework/projects/Closure/commit-db
Number of bugs: 132
--------------------------------------------------------------------------------

Summary for Bug: 90
--------------------------------------------------------------------------------
Root cause in triggering tests:
 - com.google.javascript.jscomp.TypeCheckTest::testBackwardsTypedefUse8
   --> junit.framework.AssertionFailedError: unexpected warnings(s):
 - com.google.javascript.jscomp.TypeCheckTest::testBackwardsTypedefUse9
   --> junit.framework.ComparisonFailure: expected:<[actual parameter 1 of g does not match formal parameter
--------------------------------------------------------------------------------
List of modified sources:
 - com.google.javascript.rhino.jstype.FunctionType
 - com.google.javascript.jscomp.FunctionTypeBuilder
--------------------------------------------------------------------------------
<end>
<start>
Summary of configuration for Project: Closure
--------------------------------------------------------------------------------
    Script dir: /Users/mac/Documents/GitHub/SOEN7481/defects4j/framework
      Base dir: /Users/mac/Documents/GitHub/SOEN7481/defects4j
    Major root: /Users/mac/Documents/GitHub/SOEN7481/defects4j/major
      Repo dir: /Users/mac/Documents/GitHub/SOEN7481/defects4j/project_repos
--------------------------------------------------------------------------------
    Project ID: Closure
       Program: closure-compiler
    Build file: /Users/mac/Documents/GitHub/SOEN7481/defects4j/framework/build-scripts/Closure/Closure.build.xml
--------------------------------------------------------------------------------
           Vcs: Vcs::Git
    Repository: /Users/mac/Documents/GitHub/SOEN7481/defects4j/project_repos/closure-compiler.git
     Commit db: /Users/mac/Documents/GitHub/SOEN7481/defects4j/framework/projects/Closure/commit-db
Number of bugs: 132
--------------------------------------------------------------------------------

Summary for Bug: 91
--------------------------------------------------------------------------------
Root cause in triggering tests:
 - com.google.javascript.jscomp.CheckGlobalThisTest::testLendsAnnotation3
   --> junit.framework.AssertionFailedError: Unexpected error(s): JSC_USED_GLOBAL_THIS. dangerous use of the global this object at testcode line 1 : 110 expected:<0> but was:<1>
--------------------------------------------------------------------------------
List of modified sources:
 - com.google.javascript.jscomp.CheckGlobalThis
--------------------------------------------------------------------------------
<end>
<start>
Summary of configuration for Project: Closure
--------------------------------------------------------------------------------
    Script dir: /Users/mac/Documents/GitHub/SOEN7481/defects4j/framework
      Base dir: /Users/mac/Documents/GitHub/SOEN7481/defects4j
    Major root: /Users/mac/Documents/GitHub/SOEN7481/defects4j/major
      Repo dir: /Users/mac/Documents/GitHub/SOEN7481/defects4j/project_repos
--------------------------------------------------------------------------------
    Project ID: Closure
       Program: closure-compiler
    Build file: /Users/mac/Documents/GitHub/SOEN7481/defects4j/framework/build-scripts/Closure/Closure.build.xml
--------------------------------------------------------------------------------
           Vcs: Vcs::Git
    Repository: /Users/mac/Documents/GitHub/SOEN7481/defects4j/project_repos/closure-compiler.git
     Commit db: /Users/mac/Documents/GitHub/SOEN7481/defects4j/framework/projects/Closure/commit-db
Number of bugs: 132
--------------------------------------------------------------------------------

Summary for Bug: 92
--------------------------------------------------------------------------------
Root cause in triggering tests:
 - com.google.javascript.jscomp.ProcessClosurePrimitivesTest::testProvideInIndependentModules4
   --> junit.framework.AssertionFailedError: 
--------------------------------------------------------------------------------
List of modified sources:
 - com.google.javascript.jscomp.ProcessClosurePrimitives
--------------------------------------------------------------------------------
<end>
<start>
Summary of configuration for Project: Closure
--------------------------------------------------------------------------------
    Script dir: /Users/mac/Documents/GitHub/SOEN7481/defects4j/framework
      Base dir: /Users/mac/Documents/GitHub/SOEN7481/defects4j
    Major root: /Users/mac/Documents/GitHub/SOEN7481/defects4j/major
      Repo dir: /Users/mac/Documents/GitHub/SOEN7481/defects4j/project_repos
--------------------------------------------------------------------------------
    Project ID: Closure
       Program: closure-compiler
    Build file: /Users/mac/Documents/GitHub/SOEN7481/defects4j/framework/build-scripts/Closure/Closure.build.xml
--------------------------------------------------------------------------------
           Vcs: Vcs::Git
    Repository: /Users/mac/Documents/GitHub/SOEN7481/defects4j/project_repos/closure-compiler.git
     Commit db: /Users/mac/Documents/GitHub/SOEN7481/defects4j/framework/projects/Closure/commit-db
Number of bugs: 132
--------------------------------------------------------------------------------

Summary for Bug: 93
--------------------------------------------------------------------------------
Root cause in triggering tests:
 - com.google.javascript.jscomp.ProcessClosurePrimitivesTest::testProvideInIndependentModules4
   --> junit.framework.AssertionFailedError: 
--------------------------------------------------------------------------------
List of modified sources:
 - com.google.javascript.jscomp.ProcessClosurePrimitives
--------------------------------------------------------------------------------
<end>
<start>
Summary of configuration for Project: Closure
--------------------------------------------------------------------------------
    Script dir: /Users/mac/Documents/GitHub/SOEN7481/defects4j/framework
      Base dir: /Users/mac/Documents/GitHub/SOEN7481/defects4j
    Major root: /Users/mac/Documents/GitHub/SOEN7481/defects4j/major
      Repo dir: /Users/mac/Documents/GitHub/SOEN7481/defects4j/project_repos
--------------------------------------------------------------------------------
    Project ID: Closure
       Program: closure-compiler
    Build file: /Users/mac/Documents/GitHub/SOEN7481/defects4j/framework/build-scripts/Closure/Closure.build.xml
--------------------------------------------------------------------------------
           Vcs: Vcs::Git
    Repository: /Users/mac/Documents/GitHub/SOEN7481/defects4j/project_repos/closure-compiler.git
     Commit db: /Users/mac/Documents/GitHub/SOEN7481/defects4j/framework/projects/Closure/commit-db
Number of bugs: 132
--------------------------------------------------------------------------------

Summary for Bug: 94
--------------------------------------------------------------------------------
Root cause in triggering tests:
 - com.google.javascript.jscomp.NodeUtilTest::testValidDefine
   --> junit.framework.AssertionFailedError
 - com.google.javascript.jscomp.ProcessDefinesTest::testOverridingString1
   --> junit.framework.AssertionFailedError: Unexpected error(s): JSC_INVALID_DEFINE_INIT_ERROR. illegal initialization of @define variable DEF_OVERRIDE_STRING at testcode line 1 : 54 expected:<0> but was:<1>
 - com.google.javascript.jscomp.ProcessDefinesTest::testOverridingString3
   --> junit.framework.AssertionFailedError: Unexpected error(s): JSC_INVALID_DEFINE_INIT_ERROR. illegal initialization of @define variable DEF_OVERRIDE_STRING at testcode line 1 : 54 expected:<0> but was:<1>
--------------------------------------------------------------------------------
List of modified sources:
 - com.google.javascript.jscomp.NodeUtil
--------------------------------------------------------------------------------
<end>
<start>
Summary of configuration for Project: Closure
--------------------------------------------------------------------------------
    Script dir: /Users/mac/Documents/GitHub/SOEN7481/defects4j/framework
      Base dir: /Users/mac/Documents/GitHub/SOEN7481/defects4j
    Major root: /Users/mac/Documents/GitHub/SOEN7481/defects4j/major
      Repo dir: /Users/mac/Documents/GitHub/SOEN7481/defects4j/project_repos
--------------------------------------------------------------------------------
    Project ID: Closure
       Program: closure-compiler
    Build file: /Users/mac/Documents/GitHub/SOEN7481/defects4j/framework/build-scripts/Closure/Closure.build.xml
--------------------------------------------------------------------------------
           Vcs: Vcs::Git
    Repository: /Users/mac/Documents/GitHub/SOEN7481/defects4j/project_repos/closure-compiler.git
     Commit db: /Users/mac/Documents/GitHub/SOEN7481/defects4j/framework/projects/Closure/commit-db
Number of bugs: 132
--------------------------------------------------------------------------------

Summary for Bug: 95
--------------------------------------------------------------------------------
Root cause in triggering tests:
 - com.google.javascript.jscomp.TypeCheckTest::testFunctionArguments16
   --> junit.framework.AssertionFailedError: expected a warning
--------------------------------------------------------------------------------
List of modified sources:
 - com.google.javascript.jscomp.TypeCheck
--------------------------------------------------------------------------------
<end>
<start>
Summary of configuration for Project: Closure
--------------------------------------------------------------------------------
    Script dir: /Users/mac/Documents/GitHub/SOEN7481/defects4j/framework
      Base dir: /Users/mac/Documents/GitHub/SOEN7481/defects4j
    Major root: /Users/mac/Documents/GitHub/SOEN7481/defects4j/major
      Repo dir: /Users/mac/Documents/GitHub/SOEN7481/defects4j/project_repos
--------------------------------------------------------------------------------
    Project ID: Closure
       Program: closure-compiler
    Build file: /Users/mac/Documents/GitHub/SOEN7481/defects4j/framework/build-scripts/Closure/Closure.build.xml
--------------------------------------------------------------------------------
           Vcs: Vcs::Git
    Repository: /Users/mac/Documents/GitHub/SOEN7481/defects4j/project_repos/closure-compiler.git
     Commit db: /Users/mac/Documents/GitHub/SOEN7481/defects4j/framework/projects/Closure/commit-db
Number of bugs: 132
--------------------------------------------------------------------------------

Summary for Bug: 96
--------------------------------------------------------------------------------
Root cause in triggering tests:
 - com.google.javascript.jscomp.PeepholeFoldConstantsTest::testFoldBitShifts
   --> junit.framework.AssertionFailedError: 
--------------------------------------------------------------------------------
List of modified sources:
 - com.google.javascript.jscomp.PeepholeFoldConstants
--------------------------------------------------------------------------------
<end>
<start>
Summary of configuration for Project: Closure
--------------------------------------------------------------------------------
    Script dir: /Users/mac/Documents/GitHub/SOEN7481/defects4j/framework
      Base dir: /Users/mac/Documents/GitHub/SOEN7481/defects4j
    Major root: /Users/mac/Documents/GitHub/SOEN7481/defects4j/major
      Repo dir: /Users/mac/Documents/GitHub/SOEN7481/defects4j/project_repos
--------------------------------------------------------------------------------
    Project ID: Closure
       Program: closure-compiler
    Build file: /Users/mac/Documents/GitHub/SOEN7481/defects4j/framework/build-scripts/Closure/Closure.build.xml
--------------------------------------------------------------------------------
           Vcs: Vcs::Git
    Repository: /Users/mac/Documents/GitHub/SOEN7481/defects4j/project_repos/closure-compiler.git
     Commit db: /Users/mac/Documents/GitHub/SOEN7481/defects4j/framework/projects/Closure/commit-db
Number of bugs: 132
--------------------------------------------------------------------------------

Summary for Bug: 97
--------------------------------------------------------------------------------
Root cause in triggering tests:
 - com.google.javascript.jscomp.InlineVariablesTest::testNoInlineAliasesInLoop
   --> junit.framework.AssertionFailedError: 
--------------------------------------------------------------------------------
List of modified sources:
 - com.google.javascript.jscomp.ReferenceCollectingCallback
 - com.google.javascript.jscomp.InlineVariables
 - com.google.javascript.jscomp.CollapseProperties
--------------------------------------------------------------------------------
<end>
<start>
Summary of configuration for Project: Closure
--------------------------------------------------------------------------------
    Script dir: /Users/mac/Documents/GitHub/SOEN7481/defects4j/framework
      Base dir: /Users/mac/Documents/GitHub/SOEN7481/defects4j
    Major root: /Users/mac/Documents/GitHub/SOEN7481/defects4j/major
      Repo dir: /Users/mac/Documents/GitHub/SOEN7481/defects4j/project_repos
--------------------------------------------------------------------------------
    Project ID: Closure
       Program: closure-compiler
    Build file: /Users/mac/Documents/GitHub/SOEN7481/defects4j/framework/build-scripts/Closure/Closure.build.xml
--------------------------------------------------------------------------------
           Vcs: Vcs::Git
    Repository: /Users/mac/Documents/GitHub/SOEN7481/defects4j/project_repos/closure-compiler.git
     Commit db: /Users/mac/Documents/GitHub/SOEN7481/defects4j/framework/projects/Closure/commit-db
Number of bugs: 132
--------------------------------------------------------------------------------

Summary for Bug: 98
--------------------------------------------------------------------------------
Root cause in triggering tests:
 - com.google.javascript.jscomp.CheckGlobalThisTest::testPropertyOfMethod
   --> junit.framework.AssertionFailedError: There should be one error.  expected:<1> but was:<0>
 - com.google.javascript.jscomp.CheckGlobalThisTest::testMethod4
   --> junit.framework.AssertionFailedError: Unexpected error(s): JSC_USED_GLOBAL_THIS. dangerous use of the global this object at testcode line 1 : 39 expected:<0> but was:<1>
 - com.google.javascript.jscomp.CheckGlobalThisTest::testInterface1
   --> junit.framework.AssertionFailedError: Unexpected error(s): JSC_USED_GLOBAL_THIS. dangerous use of the global this object at testcode line 1 : 54 expected:<0> but was:<1>
--------------------------------------------------------------------------------
List of modified sources:
 - com.google.javascript.jscomp.CheckGlobalThis
--------------------------------------------------------------------------------
<end>
<start>
Summary of configuration for Project: Closure
--------------------------------------------------------------------------------
    Script dir: /Users/mac/Documents/GitHub/SOEN7481/defects4j/framework
      Base dir: /Users/mac/Documents/GitHub/SOEN7481/defects4j
    Major root: /Users/mac/Documents/GitHub/SOEN7481/defects4j/major
      Repo dir: /Users/mac/Documents/GitHub/SOEN7481/defects4j/project_repos
--------------------------------------------------------------------------------
    Project ID: Closure
       Program: closure-compiler
    Build file: /Users/mac/Documents/GitHub/SOEN7481/defects4j/framework/build-scripts/Closure/Closure.build.xml
--------------------------------------------------------------------------------
           Vcs: Vcs::Git
    Repository: /Users/mac/Documents/GitHub/SOEN7481/defects4j/project_repos/closure-compiler.git
     Commit db: /Users/mac/Documents/GitHub/SOEN7481/defects4j/framework/projects/Closure/commit-db
Number of bugs: 132
--------------------------------------------------------------------------------

Summary for Bug: 99
--------------------------------------------------------------------------------
Root cause in triggering tests:
 - com.google.javascript.jscomp.CheckGlobalThisTest::testStaticFunction6
   --> junit.framework.AssertionFailedError: Unexpected error(s): JSC_USED_GLOBAL_THIS. dangerous use of the global this object at testcode line 1 : 35 expected:<0> but was:<1>
 - com.google.javascript.jscomp.CheckGlobalThisTest::testStaticFunction7
   --> junit.framework.AssertionFailedError: Unexpected error(s): JSC_USED_GLOBAL_THIS. dangerous use of the global this object at testcode line 1 : 41 expected:<0> but was:<1>
 - com.google.javascript.jscomp.CheckGlobalThisTest::testStaticFunction8
   --> junit.framework.AssertionFailedError: There should be one error.  expected:<1> but was:<0>
 - com.google.javascript.jscomp.CheckGlobalThisTest::testGlobalThis7
   --> junit.framework.AssertionFailedError: There should be one error.  expected:<1> but was:<0>
 - com.google.javascript.jscomp.CheckGlobalThisTest::testStaticMethod2
   --> junit.framework.AssertionFailedError: Unexpected error(s): JSC_USED_GLOBAL_THIS. dangerous use of the global this object at testcode line 1 : 39 expected:<0> but was:<1>
 - com.google.javascript.jscomp.CheckGlobalThisTest::testStaticMethod3
   --> junit.framework.AssertionFailedError: Unexpected error(s): JSC_USED_GLOBAL_THIS. dangerous use of the global this object at testcode line 1 : 41 expected:<0> but was:<1>
 - com.google.javascript.jscomp.CheckGlobalThisTest::testInnerFunction1
   --> junit.framework.AssertionFailedError: There should be one error.  expected:<1> but was:<0>
 - com.google.javascript.jscomp.CheckGlobalThisTest::testInnerFunction2
   --> junit.framework.AssertionFailedError: There should be one error.  expected:<1> but was:<0>
 - com.google.javascript.jscomp.CheckGlobalThisTest::testInnerFunction3
   --> junit.framework.AssertionFailedError: There should be one error.  expected:<1> but was:<0>
--------------------------------------------------------------------------------
List of modified sources:
 - com.google.javascript.jscomp.deps.SortedDependencies
 - com.google.javascript.jscomp.DefaultCodingConvention
 - com.google.javascript.jscomp.deps.SimpleDependencyInfo
 - com.google.javascript.jscomp.TypedCodeGenerator
 - com.google.javascript.jscomp.JsMessageExtractor
 - com.google.javascript.jscomp.AbstractCommandLineRunner
 - com.google.javascript.jscomp.CodingConvention
 - com.google.javascript.jscomp.deps.DepsFileParser
 - com.google.javascript.jscomp.JSModuleGraph
 - com.google.javascript.jscomp.SanityCheck
 - com.google.javascript.rhino.jstype.ObjectType
 - com.google.javascript.jscomp.parsing.ParserRunner
 - com.google.javascript.rhino.jstype.FunctionType
 - com.google.javascript.rhino.jstype.FunctionPrototypeType
 - com.google.javascript.jscomp.LinkedFlowScope
 - com.google.javascript.rhino.jstype.ProxyObjectType
 - com.google.javascript.jscomp.SourceFile
 - com.google.javascript.jscomp.deps.DependencyInfo
 - com.google.javascript.jscomp.CheckGlobalThis
 - com.google.javascript.rhino.jstype.UnresolvedTypeExpression
 - com.google.javascript.jscomp.parsing.JsDocInfoParser
 - com.google.javascript.jscomp.deps.JsFileParser
 - com.google.javascript.rhino.jstype.InstanceObjectType
 - com.google.javascript.jscomp.deps.JsFileLineParser
 - com.google.javascript.rhino.jstype.RecordTypeBuilder
 - com.google.javascript.rhino.jstype.NamedType
 - com.google.javascript.rhino.jstype.JSTypeRegistry
 - com.google.javascript.jscomp.Tracer
--------------------------------------------------------------------------------
<end>
<start>
Summary of configuration for Project: Closure
--------------------------------------------------------------------------------
    Script dir: /Users/mac/Documents/GitHub/SOEN7481/defects4j/framework
      Base dir: /Users/mac/Documents/GitHub/SOEN7481/defects4j
    Major root: /Users/mac/Documents/GitHub/SOEN7481/defects4j/major
      Repo dir: /Users/mac/Documents/GitHub/SOEN7481/defects4j/project_repos
--------------------------------------------------------------------------------
    Project ID: Closure
       Program: closure-compiler
    Build file: /Users/mac/Documents/GitHub/SOEN7481/defects4j/framework/build-scripts/Closure/Closure.build.xml
--------------------------------------------------------------------------------
           Vcs: Vcs::Git
    Repository: /Users/mac/Documents/GitHub/SOEN7481/defects4j/project_repos/closure-compiler.git
     Commit db: /Users/mac/Documents/GitHub/SOEN7481/defects4j/framework/projects/Closure/commit-db
Number of bugs: 132
--------------------------------------------------------------------------------

Summary for Bug: 100
--------------------------------------------------------------------------------
Root cause in triggering tests:
 - com.google.javascript.jscomp.CommandLineRunnerTest::testProcessClosurePrimitives
   --> junit.framework.AssertionFailedError: 
--------------------------------------------------------------------------------
List of modified sources:
 - com.google.javascript.jscomp.CommandLineRunner
 - com.google.javascript.jscomp.CodingConvention
--------------------------------------------------------------------------------
<end>
<start>
Summary of configuration for Project: Closure
--------------------------------------------------------------------------------
    Script dir: /Users/mac/Documents/GitHub/SOEN7481/defects4j/framework
      Base dir: /Users/mac/Documents/GitHub/SOEN7481/defects4j
    Major root: /Users/mac/Documents/GitHub/SOEN7481/defects4j/major
      Repo dir: /Users/mac/Documents/GitHub/SOEN7481/defects4j/project_repos
--------------------------------------------------------------------------------
    Project ID: Closure
       Program: closure-compiler
    Build file: /Users/mac/Documents/GitHub/SOEN7481/defects4j/framework/build-scripts/Closure/Closure.build.xml
--------------------------------------------------------------------------------
           Vcs: Vcs::Git
    Repository: /Users/mac/Documents/GitHub/SOEN7481/defects4j/project_repos/closure-compiler.git
     Commit db: /Users/mac/Documents/GitHub/SOEN7481/defects4j/framework/projects/Closure/commit-db
Number of bugs: 132
--------------------------------------------------------------------------------

Summary for Bug: 101
--------------------------------------------------------------------------------
Root cause in triggering tests:
 - com.google.javascript.jscomp.CompilerRunnerTest::testIssue115
   --> junit.framework.AssertionFailedError: 
--------------------------------------------------------------------------------
List of modified sources:
 - com.google.javascript.jscomp.SyntacticScopeCreator
 - com.google.javascript.jscomp.Normalize
--------------------------------------------------------------------------------
<end>
<start>
Summary of configuration for Project: Closure
--------------------------------------------------------------------------------
    Script dir: /Users/mac/Documents/GitHub/SOEN7481/defects4j/framework
      Base dir: /Users/mac/Documents/GitHub/SOEN7481/defects4j
    Major root: /Users/mac/Documents/GitHub/SOEN7481/defects4j/major
      Repo dir: /Users/mac/Documents/GitHub/SOEN7481/defects4j/project_repos
--------------------------------------------------------------------------------
    Project ID: Closure
       Program: closure-compiler
    Build file: /Users/mac/Documents/GitHub/SOEN7481/defects4j/framework/build-scripts/Closure/Closure.build.xml
--------------------------------------------------------------------------------
           Vcs: Vcs::Git
    Repository: /Users/mac/Documents/GitHub/SOEN7481/defects4j/project_repos/closure-compiler.git
     Commit db: /Users/mac/Documents/GitHub/SOEN7481/defects4j/framework/projects/Closure/commit-db
Number of bugs: 132
--------------------------------------------------------------------------------

Summary for Bug: 102
--------------------------------------------------------------------------------
Root cause in triggering tests:
 - com.google.javascript.jscomp.CheckUnreachableCodeTest::testInstanceOfThrowsException
   --> junit.framework.AssertionFailedError: Unexpected error(s): JSC_UNREACHABLE_CODE. unreachable code at testcode line 1 expected:<0> but was:<1>
 - com.google.javascript.jscomp.ControlFlowAnalysisTest::testInstanceOf
   --> junit.framework.AssertionFailedError: No cross edges found
 - com.google.javascript.jscomp.DisambiguatePropertiesTest::testSupertypeReferenceOfSubtypeProperty
   --> junit.framework.AssertionFailedError: 
--------------------------------------------------------------------------------
List of modified sources:
 - com.google.javascript.jscomp.DisambiguateProperties
 - com.google.javascript.jscomp.ControlFlowAnalysis
--------------------------------------------------------------------------------
<end>
<start>
Summary of configuration for Project: Closure
--------------------------------------------------------------------------------
    Script dir: /Users/mac/Documents/GitHub/SOEN7481/defects4j/framework
      Base dir: /Users/mac/Documents/GitHub/SOEN7481/defects4j
    Major root: /Users/mac/Documents/GitHub/SOEN7481/defects4j/major
      Repo dir: /Users/mac/Documents/GitHub/SOEN7481/defects4j/project_repos
--------------------------------------------------------------------------------
    Project ID: Closure
       Program: closure-compiler
    Build file: /Users/mac/Documents/GitHub/SOEN7481/defects4j/framework/build-scripts/Closure/Closure.build.xml
--------------------------------------------------------------------------------
           Vcs: Vcs::Git
    Repository: /Users/mac/Documents/GitHub/SOEN7481/defects4j/project_repos/closure-compiler.git
     Commit db: /Users/mac/Documents/GitHub/SOEN7481/defects4j/framework/projects/Closure/commit-db
Number of bugs: 132
--------------------------------------------------------------------------------

Summary for Bug: 103
--------------------------------------------------------------------------------
Root cause in triggering tests:
 - com.google.javascript.rhino.jstype.UnionTypeTest::testGreatestSubtypeUnionTypes5
   --> junit.framework.AssertionFailedError: expected:<NoObject> but was:<None>
--------------------------------------------------------------------------------
List of modified sources:
 - com.google.javascript.rhino.jstype.UnionType
--------------------------------------------------------------------------------
<end>
<start>
Summary of configuration for Project: Closure
--------------------------------------------------------------------------------
    Script dir: /Users/mac/Documents/GitHub/SOEN7481/defects4j/framework
      Base dir: /Users/mac/Documents/GitHub/SOEN7481/defects4j
    Major root: /Users/mac/Documents/GitHub/SOEN7481/defects4j/major
      Repo dir: /Users/mac/Documents/GitHub/SOEN7481/defects4j/project_repos
--------------------------------------------------------------------------------
    Project ID: Closure
       Program: closure-compiler
    Build file: /Users/mac/Documents/GitHub/SOEN7481/defects4j/framework/build-scripts/Closure/Closure.build.xml
--------------------------------------------------------------------------------
           Vcs: Vcs::Git
    Repository: /Users/mac/Documents/GitHub/SOEN7481/defects4j/project_repos/closure-compiler.git
     Commit db: /Users/mac/Documents/GitHub/SOEN7481/defects4j/framework/projects/Closure/commit-db
Number of bugs: 132
--------------------------------------------------------------------------------

Summary for Bug: 104
--------------------------------------------------------------------------------
Root cause in triggering tests:
 - com.google.javascript.jscomp.FoldConstantsTest::testStringJoinAdd
   --> junit.framework.AssertionFailedError: 
--------------------------------------------------------------------------------
List of modified sources:
 - com.google.javascript.jscomp.FoldConstants
--------------------------------------------------------------------------------
<end>
<start>
Summary of configuration for Project: Closure
--------------------------------------------------------------------------------
    Script dir: /Users/mac/Documents/GitHub/SOEN7481/defects4j/framework
      Base dir: /Users/mac/Documents/GitHub/SOEN7481/defects4j
    Major root: /Users/mac/Documents/GitHub/SOEN7481/defects4j/major
      Repo dir: /Users/mac/Documents/GitHub/SOEN7481/defects4j/project_repos
--------------------------------------------------------------------------------
    Project ID: Closure
       Program: closure-compiler
    Build file: /Users/mac/Documents/GitHub/SOEN7481/defects4j/framework/build-scripts/Closure/Closure.build.xml
--------------------------------------------------------------------------------
           Vcs: Vcs::Git
    Repository: /Users/mac/Documents/GitHub/SOEN7481/defects4j/project_repos/closure-compiler.git
     Commit db: /Users/mac/Documents/GitHub/SOEN7481/defects4j/framework/projects/Closure/commit-db
Number of bugs: 132
--------------------------------------------------------------------------------

Summary for Bug: 105
--------------------------------------------------------------------------------
Root cause in triggering tests:
 - com.google.javascript.jscomp.CheckSideEffectsTest::testJSDocComments
   --> junit.framework.AssertionFailedError: Unexpected error(s): JSC_USELESS_CODE. Suspicious code. This code lacks side-effects. Is there a bug? at testcode line 1 expected:<0> but was:<1>
 - com.google.javascript.jscomp.CollapsePropertiesTest::testTwinReferenceCancelsChildCollapsing
   --> junit.framework.AssertionFailedError: 
 - com.google.javascript.jscomp.CollapsePropertiesTest::testCrashInNestedAssign
   --> junit.framework.AssertionFailedError: 
 - com.google.javascript.jscomp.CollapsePropertiesTest::testCrashInCommaOperator
   --> java.lang.IllegalArgumentException
--------------------------------------------------------------------------------
List of modified sources:
 - com.google.javascript.rhino.JSDocInfoBuilder
 - com.google.javascript.jscomp.GlobalNamespace
--------------------------------------------------------------------------------
<end>
<start>
Summary of configuration for Project: Closure
--------------------------------------------------------------------------------
    Script dir: /Users/mac/Documents/GitHub/SOEN7481/defects4j/framework
      Base dir: /Users/mac/Documents/GitHub/SOEN7481/defects4j
    Major root: /Users/mac/Documents/GitHub/SOEN7481/defects4j/major
      Repo dir: /Users/mac/Documents/GitHub/SOEN7481/defects4j/project_repos
--------------------------------------------------------------------------------
    Project ID: Closure
       Program: closure-compiler
    Build file: /Users/mac/Documents/GitHub/SOEN7481/defects4j/framework/build-scripts/Closure/Closure.build.xml
--------------------------------------------------------------------------------
           Vcs: Vcs::Git
    Repository: /Users/mac/Documents/GitHub/SOEN7481/defects4j/project_repos/closure-compiler.git
     Commit db: /Users/mac/Documents/GitHub/SOEN7481/defects4j/framework/projects/Closure/commit-db
Number of bugs: 132
--------------------------------------------------------------------------------

Summary for Bug: 106
--------------------------------------------------------------------------------
Root cause in triggering tests:
 - com.google.javascript.jscomp.CommandLineRunnerTest::testGetMsgWiringNoWarnings
   --> junit.framework.AssertionFailedError: Expected no warnings or errors
--------------------------------------------------------------------------------
List of modified sources:
 - com.google.javascript.jscomp.DefaultPassConfig
 - com.google.javascript.jscomp.CommandLineRunner
 - com.google.javascript.jscomp.JsMessageVisitor
--------------------------------------------------------------------------------
<end>
<start>
Summary of configuration for Project: Closure
--------------------------------------------------------------------------------
    Script dir: /Users/mac/Documents/GitHub/SOEN7481/defects4j/framework
      Base dir: /Users/mac/Documents/GitHub/SOEN7481/defects4j
    Major root: /Users/mac/Documents/GitHub/SOEN7481/defects4j/major
      Repo dir: /Users/mac/Documents/GitHub/SOEN7481/defects4j/project_repos
--------------------------------------------------------------------------------
    Project ID: Closure
       Program: closure-compiler
    Build file: /Users/mac/Documents/GitHub/SOEN7481/defects4j/framework/build-scripts/Closure/Closure.build.xml
--------------------------------------------------------------------------------
           Vcs: Vcs::Git
    Repository: /Users/mac/Documents/GitHub/SOEN7481/defects4j/project_repos/closure-compiler.git
     Commit db: /Users/mac/Documents/GitHub/SOEN7481/defects4j/framework/projects/Closure/commit-db
Number of bugs: 132
--------------------------------------------------------------------------------

Summary for Bug: 107
--------------------------------------------------------------------------------
Root cause in triggering tests:
 - com.google.javascript.jscomp.ScopedAliasesTest::testIssue1144
   --> java.lang.IllegalStateException
--------------------------------------------------------------------------------
List of modified sources:
 - com.google.javascript.jscomp.ScopedAliases
--------------------------------------------------------------------------------
<end>
<start>
Summary of configuration for Project: Closure
--------------------------------------------------------------------------------
    Script dir: /Users/mac/Documents/GitHub/SOEN7481/defects4j/framework
      Base dir: /Users/mac/Documents/GitHub/SOEN7481/defects4j
    Major root: /Users/mac/Documents/GitHub/SOEN7481/defects4j/major
      Repo dir: /Users/mac/Documents/GitHub/SOEN7481/defects4j/project_repos
--------------------------------------------------------------------------------
    Project ID: Closure
       Program: closure-compiler
    Build file: /Users/mac/Documents/GitHub/SOEN7481/defects4j/framework/build-scripts/Closure/Closure.build.xml
--------------------------------------------------------------------------------
           Vcs: Vcs::Git
    Repository: /Users/mac/Documents/GitHub/SOEN7481/defects4j/project_repos/closure-compiler.git
     Commit db: /Users/mac/Documents/GitHub/SOEN7481/defects4j/framework/projects/Closure/commit-db
Number of bugs: 132
--------------------------------------------------------------------------------

Summary for Bug: 108
--------------------------------------------------------------------------------
Root cause in triggering tests:
 - com.google.javascript.jscomp.parsing.JsDocInfoParserTest::testStructuralConstructor2
   --> junit.framework.AssertionFailedError: extra warning: Bad type annotation. type not recognized due to syntax error
 - com.google.javascript.jscomp.parsing.JsDocInfoParserTest::testStructuralConstructor3
   --> junit.framework.AssertionFailedError: extra warning: Bad type annotation. type not recognized due to syntax error
--------------------------------------------------------------------------------
List of modified sources:
 - com.google.javascript.jscomp.parsing.JsDocInfoParser
--------------------------------------------------------------------------------
<end>
<start>
Summary of configuration for Project: Closure
--------------------------------------------------------------------------------
    Script dir: /Users/mac/Documents/GitHub/SOEN7481/defects4j/framework
      Base dir: /Users/mac/Documents/GitHub/SOEN7481/defects4j
    Major root: /Users/mac/Documents/GitHub/SOEN7481/defects4j/major
      Repo dir: /Users/mac/Documents/GitHub/SOEN7481/defects4j/project_repos
--------------------------------------------------------------------------------
    Project ID: Closure
       Program: closure-compiler
    Build file: /Users/mac/Documents/GitHub/SOEN7481/defects4j/framework/build-scripts/Closure/Closure.build.xml
--------------------------------------------------------------------------------
           Vcs: Vcs::Git
    Repository: /Users/mac/Documents/GitHub/SOEN7481/defects4j/project_repos/closure-compiler.git
     Commit db: /Users/mac/Documents/GitHub/SOEN7481/defects4j/framework/projects/Closure/commit-db
Number of bugs: 132
--------------------------------------------------------------------------------

Summary for Bug: 109
--------------------------------------------------------------------------------
Root cause in triggering tests:
 - com.google.javascript.jscomp.ScopedAliasesTest::testHoistedFunctionDeclaration
   --> junit.framework.AssertionFailedError: Unexpected error(s): JSC_GOOG_SCOPE_NON_ALIAS_LOCAL. The local variable f is in a goog.scope and is not an alias. at testcode line 1 : 39 expected:<0> but was:<1>
 - com.google.javascript.jscomp.ScopedAliasesTest::testFunctionDeclaration
   --> junit.framework.AssertionFailedError: Unexpected error(s): JSC_GOOG_SCOPE_NON_ALIAS_LOCAL. The local variable f is in a goog.scope and is not an alias. at testcode line 1 : 41 expected:<0> but was:<1>
--------------------------------------------------------------------------------
List of modified sources:
 - com.google.javascript.rhino.Node
 - com.google.javascript.jscomp.ScopedAliases
--------------------------------------------------------------------------------
<end>
<start>
Summary of configuration for Project: Closure
--------------------------------------------------------------------------------
    Script dir: /Users/mac/Documents/GitHub/SOEN7481/defects4j/framework
      Base dir: /Users/mac/Documents/GitHub/SOEN7481/defects4j
    Major root: /Users/mac/Documents/GitHub/SOEN7481/defects4j/major
      Repo dir: /Users/mac/Documents/GitHub/SOEN7481/defects4j/project_repos
--------------------------------------------------------------------------------
    Project ID: Closure
       Program: closure-compiler
    Build file: /Users/mac/Documents/GitHub/SOEN7481/defects4j/framework/build-scripts/Closure/Closure.build.xml
--------------------------------------------------------------------------------
           Vcs: Vcs::Git
    Repository: /Users/mac/Documents/GitHub/SOEN7481/defects4j/project_repos/closure-compiler.git
     Commit db: /Users/mac/Documents/GitHub/SOEN7481/defects4j/framework/projects/Closure/commit-db
Number of bugs: 132
--------------------------------------------------------------------------------

Summary for Bug: 110
--------------------------------------------------------------------------------
Root cause in triggering tests:
 - com.google.javascript.jscomp.ClosureReverseAbstractInterpreterTest::testGoogIsArray2
   --> junit.framework.AssertionFailedError: Expected: Array
--------------------------------------------------------------------------------
List of modified sources:
 - com.google.javascript.jscomp.type.ClosureReverseAbstractInterpreter
--------------------------------------------------------------------------------
<end>
<start>
Summary of configuration for Project: Closure
--------------------------------------------------------------------------------
    Script dir: /Users/mac/Documents/GitHub/SOEN7481/defects4j/framework
      Base dir: /Users/mac/Documents/GitHub/SOEN7481/defects4j
    Major root: /Users/mac/Documents/GitHub/SOEN7481/defects4j/major
      Repo dir: /Users/mac/Documents/GitHub/SOEN7481/defects4j/project_repos
--------------------------------------------------------------------------------
    Project ID: Closure
       Program: closure-compiler
    Build file: /Users/mac/Documents/GitHub/SOEN7481/defects4j/framework/build-scripts/Closure/Closure.build.xml
--------------------------------------------------------------------------------
           Vcs: Vcs::Git
    Repository: /Users/mac/Documents/GitHub/SOEN7481/defects4j/project_repos/closure-compiler.git
     Commit db: /Users/mac/Documents/GitHub/SOEN7481/defects4j/framework/projects/Closure/commit-db
Number of bugs: 132
--------------------------------------------------------------------------------

Summary for Bug: 111
--------------------------------------------------------------------------------
Root cause in triggering tests:
 - com.google.javascript.jscomp.TypeCheckTest::testIssue1058
   --> junit.framework.AssertionFailedError: unexpected warnings(s):
 - com.google.javascript.jscomp.TypeCheckTest::testTemplatized11
   --> junit.framework.AssertionFailedError: unexpected warnings(s):
--------------------------------------------------------------------------------
List of modified sources:
 - com.google.javascript.jscomp.TypeInference
--------------------------------------------------------------------------------
<end>
<start>
Summary of configuration for Project: Closure
--------------------------------------------------------------------------------
    Script dir: /Users/mac/Documents/GitHub/SOEN7481/defects4j/framework
      Base dir: /Users/mac/Documents/GitHub/SOEN7481/defects4j
    Major root: /Users/mac/Documents/GitHub/SOEN7481/defects4j/major
      Repo dir: /Users/mac/Documents/GitHub/SOEN7481/defects4j/project_repos
--------------------------------------------------------------------------------
    Project ID: Closure
       Program: closure-compiler
    Build file: /Users/mac/Documents/GitHub/SOEN7481/defects4j/framework/build-scripts/Closure/Closure.build.xml
--------------------------------------------------------------------------------
           Vcs: Vcs::Git
    Repository: /Users/mac/Documents/GitHub/SOEN7481/defects4j/project_repos/closure-compiler.git
     Commit db: /Users/mac/Documents/GitHub/SOEN7481/defects4j/framework/projects/Closure/commit-db
Number of bugs: 132
--------------------------------------------------------------------------------

Summary for Bug: 112
--------------------------------------------------------------------------------
Root cause in triggering tests:
 - com.google.javascript.jscomp.VarCheckTest::testNoUndeclaredVarWhenUsingClosurePass
   --> junit.framework.AssertionFailedError: There should be one error. required "namespace.Class1" namespace never provided
--------------------------------------------------------------------------------
List of modified sources:
 - com.google.javascript.jscomp.ProcessClosurePrimitives
--------------------------------------------------------------------------------
<end>
<start>
Summary of configuration for Project: Closure
--------------------------------------------------------------------------------
    Script dir: /Users/mac/Documents/GitHub/SOEN7481/defects4j/framework
      Base dir: /Users/mac/Documents/GitHub/SOEN7481/defects4j
    Major root: /Users/mac/Documents/GitHub/SOEN7481/defects4j/major
      Repo dir: /Users/mac/Documents/GitHub/SOEN7481/defects4j/project_repos
--------------------------------------------------------------------------------
    Project ID: Closure
       Program: closure-compiler
    Build file: /Users/mac/Documents/GitHub/SOEN7481/defects4j/framework/build-scripts/Closure/Closure.build.xml
--------------------------------------------------------------------------------
           Vcs: Vcs::Git
    Repository: /Users/mac/Documents/GitHub/SOEN7481/defects4j/project_repos/closure-compiler.git
     Commit db: /Users/mac/Documents/GitHub/SOEN7481/defects4j/framework/projects/Closure/commit-db
Number of bugs: 132
--------------------------------------------------------------------------------

Summary for Bug: 113
--------------------------------------------------------------------------------
Root cause in triggering tests:
 - com.google.javascript.jscomp.NameAnalyzerTest::testAssignWithCall
   --> junit.framework.AssertionFailedError: 
--------------------------------------------------------------------------------
List of modified sources:
 - com.google.javascript.jscomp.NameAnalyzer
--------------------------------------------------------------------------------
<end>
<start>
Summary of configuration for Project: Closure
--------------------------------------------------------------------------------
    Script dir: /Users/mac/Documents/GitHub/SOEN7481/defects4j/framework
      Base dir: /Users/mac/Documents/GitHub/SOEN7481/defects4j
    Major root: /Users/mac/Documents/GitHub/SOEN7481/defects4j/major
      Repo dir: /Users/mac/Documents/GitHub/SOEN7481/defects4j/project_repos
--------------------------------------------------------------------------------
    Project ID: Closure
       Program: closure-compiler
    Build file: /Users/mac/Documents/GitHub/SOEN7481/defects4j/framework/build-scripts/Closure/Closure.build.xml
--------------------------------------------------------------------------------
           Vcs: Vcs::Git
    Repository: /Users/mac/Documents/GitHub/SOEN7481/defects4j/project_repos/closure-compiler.git
     Commit db: /Users/mac/Documents/GitHub/SOEN7481/defects4j/framework/projects/Closure/commit-db
Number of bugs: 132
--------------------------------------------------------------------------------

Summary for Bug: 114
--------------------------------------------------------------------------------
Root cause in triggering tests:
 - com.google.javascript.jscomp.InlineFunctionsTest::testBug4944818
   --> junit.framework.AssertionFailedError: 
 - com.google.javascript.jscomp.InlineFunctionsTest::testDoubleInlining1
   --> junit.framework.AssertionFailedError: 
 - com.google.javascript.jscomp.InlineFunctionsTest::testNoInlineIfParametersModified8
   --> junit.framework.AssertionFailedError: 
 - com.google.javascript.jscomp.InlineFunctionsTest::testNoInlineIfParametersModified9
   --> junit.framework.AssertionFailedError: 
 - com.google.javascript.jscomp.InlineFunctionsTest::testInlineFunctions22
   --> junit.framework.AssertionFailedError: 
 - com.google.javascript.jscomp.InlineFunctionsTest::testInlineFunctions23
   --> junit.framework.AssertionFailedError: 
 - com.google.javascript.jscomp.InlineFunctionsTest::testInlineFunctions6
   --> junit.framework.AssertionFailedError: 
--------------------------------------------------------------------------------
List of modified sources:
 - com.google.javascript.jscomp.FunctionInjector
--------------------------------------------------------------------------------
<end>
<start>
Summary of configuration for Project: Closure
--------------------------------------------------------------------------------
    Script dir: /Users/mac/Documents/GitHub/SOEN7481/defects4j/framework
      Base dir: /Users/mac/Documents/GitHub/SOEN7481/defects4j
    Major root: /Users/mac/Documents/GitHub/SOEN7481/defects4j/major
      Repo dir: /Users/mac/Documents/GitHub/SOEN7481/defects4j/project_repos
--------------------------------------------------------------------------------
    Project ID: Closure
       Program: closure-compiler
    Build file: /Users/mac/Documents/GitHub/SOEN7481/defects4j/framework/build-scripts/Closure/Closure.build.xml
--------------------------------------------------------------------------------
           Vcs: Vcs::Git
    Repository: /Users/mac/Documents/GitHub/SOEN7481/defects4j/project_repos/closure-compiler.git
     Commit db: /Users/mac/Documents/GitHub/SOEN7481/defects4j/framework/projects/Closure/commit-db
Number of bugs: 132
--------------------------------------------------------------------------------

Summary for Bug: 115
--------------------------------------------------------------------------------
Root cause in triggering tests:
 - com.google.javascript.jscomp.FunctionInjectorTest::testIssue1101a
   --> junit.framework.AssertionFailedError: expected:<NO> but was:<YES>
 - com.google.javascript.jscomp.FunctionInjectorTest::testIssue1101b
   --> junit.framework.AssertionFailedError: expected:<NO> but was:<YES>
 - com.google.javascript.jscomp.InlineFunctionsTest::testBug4944818
   --> junit.framework.AssertionFailedError: 
 - com.google.javascript.jscomp.InlineFunctionsTest::testDoubleInlining2
   --> junit.framework.AssertionFailedError: 
 - com.google.javascript.jscomp.InlineFunctionsTest::testIssue1101
   --> junit.framework.AssertionFailedError: 
 - com.google.javascript.jscomp.InlineFunctionsTest::testInlineIfParametersModified8
   --> junit.framework.AssertionFailedError: 
 - com.google.javascript.jscomp.InlineFunctionsTest::testInlineIfParametersModified9
   --> junit.framework.AssertionFailedError: 
 - com.google.javascript.jscomp.InlineFunctionsTest::testInlineFunctions6
   --> junit.framework.AssertionFailedError: 
--------------------------------------------------------------------------------
List of modified sources:
 - com.google.javascript.jscomp.FunctionInjector
--------------------------------------------------------------------------------
<end>
<start>
Summary of configuration for Project: Closure
--------------------------------------------------------------------------------
    Script dir: /Users/mac/Documents/GitHub/SOEN7481/defects4j/framework
      Base dir: /Users/mac/Documents/GitHub/SOEN7481/defects4j
    Major root: /Users/mac/Documents/GitHub/SOEN7481/defects4j/major
      Repo dir: /Users/mac/Documents/GitHub/SOEN7481/defects4j/project_repos
--------------------------------------------------------------------------------
    Project ID: Closure
       Program: closure-compiler
    Build file: /Users/mac/Documents/GitHub/SOEN7481/defects4j/framework/build-scripts/Closure/Closure.build.xml
--------------------------------------------------------------------------------
           Vcs: Vcs::Git
    Repository: /Users/mac/Documents/GitHub/SOEN7481/defects4j/project_repos/closure-compiler.git
     Commit db: /Users/mac/Documents/GitHub/SOEN7481/defects4j/framework/projects/Closure/commit-db
Number of bugs: 132
--------------------------------------------------------------------------------

Summary for Bug: 116
--------------------------------------------------------------------------------
Root cause in triggering tests:
 - com.google.javascript.jscomp.TypeCheckTest::testIssue1047
   --> junit.framework.ComparisonFailure: expected:<...p never defined on C[2]> but was:<...p never defined on C[3.c2_]>
--------------------------------------------------------------------------------
List of modified sources:
 - com.google.javascript.jscomp.TypeValidator
--------------------------------------------------------------------------------
<end>
<start>
Summary of configuration for Project: Closure
--------------------------------------------------------------------------------
    Script dir: /Users/mac/Documents/GitHub/SOEN7481/defects4j/framework
      Base dir: /Users/mac/Documents/GitHub/SOEN7481/defects4j
    Major root: /Users/mac/Documents/GitHub/SOEN7481/defects4j/major
      Repo dir: /Users/mac/Documents/GitHub/SOEN7481/defects4j/project_repos
--------------------------------------------------------------------------------
    Project ID: Closure
       Program: closure-compiler
    Build file: /Users/mac/Documents/GitHub/SOEN7481/defects4j/framework/build-scripts/Closure/Closure.build.xml
--------------------------------------------------------------------------------
           Vcs: Vcs::Git
    Repository: /Users/mac/Documents/GitHub/SOEN7481/defects4j/project_repos/closure-compiler.git
     Commit db: /Users/mac/Documents/GitHub/SOEN7481/defects4j/framework/projects/Closure/commit-db
Number of bugs: 132
--------------------------------------------------------------------------------

Summary for Bug: 117
--------------------------------------------------------------------------------
Root cause in triggering tests:
 - com.google.javascript.jscomp.DisambiguatePropertiesTest::testOneType4
   --> junit.framework.ComparisonFailure: expected:<{[]}> but was:<{[a=[[Foo.prototype]]]}>
 - com.google.javascript.jscomp.DisambiguatePropertiesTest::testTwoTypes4
   --> junit.framework.AssertionFailedError: 
--------------------------------------------------------------------------------
List of modified sources:
 - com.google.javascript.jscomp.DisambiguateProperties
--------------------------------------------------------------------------------
<end>
<start>
Summary of configuration for Project: Closure
--------------------------------------------------------------------------------
    Script dir: /Users/mac/Documents/GitHub/SOEN7481/defects4j/framework
      Base dir: /Users/mac/Documents/GitHub/SOEN7481/defects4j
    Major root: /Users/mac/Documents/GitHub/SOEN7481/defects4j/major
      Repo dir: /Users/mac/Documents/GitHub/SOEN7481/defects4j/project_repos
--------------------------------------------------------------------------------
    Project ID: Closure
       Program: closure-compiler
    Build file: /Users/mac/Documents/GitHub/SOEN7481/defects4j/framework/build-scripts/Closure/Closure.build.xml
--------------------------------------------------------------------------------
           Vcs: Vcs::Git
    Repository: /Users/mac/Documents/GitHub/SOEN7481/defects4j/project_repos/closure-compiler.git
     Commit db: /Users/mac/Documents/GitHub/SOEN7481/defects4j/framework/projects/Closure/commit-db
Number of bugs: 132
--------------------------------------------------------------------------------

Summary for Bug: 118
--------------------------------------------------------------------------------
Root cause in triggering tests:
 - com.google.javascript.jscomp.CheckGlobalNamesTest::testGlobalCatch
   --> junit.framework.AssertionFailedError: Unexpected warning(s): JSC_UNDEFINED_NAME. e is never defined at testcode line 1 : 48
--------------------------------------------------------------------------------
List of modified sources:
 - com.google.javascript.jscomp.GlobalNamespace
--------------------------------------------------------------------------------
<end>
<start>
Summary of configuration for Project: Closure
--------------------------------------------------------------------------------
    Script dir: /Users/mac/Documents/GitHub/SOEN7481/defects4j/framework
      Base dir: /Users/mac/Documents/GitHub/SOEN7481/defects4j
    Major root: /Users/mac/Documents/GitHub/SOEN7481/defects4j/major
      Repo dir: /Users/mac/Documents/GitHub/SOEN7481/defects4j/project_repos
--------------------------------------------------------------------------------
    Project ID: Closure
       Program: closure-compiler
    Build file: /Users/mac/Documents/GitHub/SOEN7481/defects4j/framework/build-scripts/Closure/Closure.build.xml
--------------------------------------------------------------------------------
           Vcs: Vcs::Git
    Repository: /Users/mac/Documents/GitHub/SOEN7481/defects4j/project_repos/closure-compiler.git
     Commit db: /Users/mac/Documents/GitHub/SOEN7481/defects4j/framework/projects/Closure/commit-db
Number of bugs: 132
--------------------------------------------------------------------------------

Summary for Bug: 119
--------------------------------------------------------------------------------
Root cause in triggering tests:
 - com.google.javascript.jscomp.InlineVariablesTest::testExternalIssue1053
   --> junit.framework.AssertionFailedError: 
--------------------------------------------------------------------------------
List of modified sources:
 - com.google.javascript.jscomp.ReferenceCollectingCallback
--------------------------------------------------------------------------------
<end>
<start>
Summary of configuration for Project: Closure
--------------------------------------------------------------------------------
    Script dir: /Users/mac/Documents/GitHub/SOEN7481/defects4j/framework
      Base dir: /Users/mac/Documents/GitHub/SOEN7481/defects4j
    Major root: /Users/mac/Documents/GitHub/SOEN7481/defects4j/major
      Repo dir: /Users/mac/Documents/GitHub/SOEN7481/defects4j/project_repos
--------------------------------------------------------------------------------
    Project ID: Closure
       Program: closure-compiler
    Build file: /Users/mac/Documents/GitHub/SOEN7481/defects4j/framework/build-scripts/Closure/Closure.build.xml
--------------------------------------------------------------------------------
           Vcs: Vcs::Git
    Repository: /Users/mac/Documents/GitHub/SOEN7481/defects4j/project_repos/closure-compiler.git
     Commit db: /Users/mac/Documents/GitHub/SOEN7481/defects4j/framework/projects/Closure/commit-db
Number of bugs: 132
--------------------------------------------------------------------------------

Summary for Bug: 120
--------------------------------------------------------------------------------
Root cause in triggering tests:
 - com.google.javascript.jscomp.InlineVariablesTest::testExternalIssue1053
   --> junit.framework.AssertionFailedError: 
--------------------------------------------------------------------------------
List of modified sources:
 - com.google.javascript.jscomp.ReferenceCollectingCallback
 - com.google.javascript.jscomp.InlineVariables
--------------------------------------------------------------------------------
<end>
<start>
Summary of configuration for Project: Closure
--------------------------------------------------------------------------------
    Script dir: /Users/mac/Documents/GitHub/SOEN7481/defects4j/framework
      Base dir: /Users/mac/Documents/GitHub/SOEN7481/defects4j
    Major root: /Users/mac/Documents/GitHub/SOEN7481/defects4j/major
      Repo dir: /Users/mac/Documents/GitHub/SOEN7481/defects4j/project_repos
--------------------------------------------------------------------------------
    Project ID: Closure
       Program: closure-compiler
    Build file: /Users/mac/Documents/GitHub/SOEN7481/defects4j/framework/build-scripts/Closure/Closure.build.xml
--------------------------------------------------------------------------------
           Vcs: Vcs::Git
    Repository: /Users/mac/Documents/GitHub/SOEN7481/defects4j/project_repos/closure-compiler.git
     Commit db: /Users/mac/Documents/GitHub/SOEN7481/defects4j/framework/projects/Closure/commit-db
Number of bugs: 132
--------------------------------------------------------------------------------

Summary for Bug: 121
--------------------------------------------------------------------------------
Root cause in triggering tests:
 - com.google.javascript.jscomp.parsing.ParserTest::testSuspiciousBlockCommentWarning3
   --> junit.framework.AssertionFailedError
 - com.google.javascript.jscomp.parsing.ParserTest::testSuspiciousBlockCommentWarning4
   --> junit.framework.AssertionFailedError
 - com.google.javascript.jscomp.parsing.ParserTest::testSuspiciousBlockCommentWarning5
   --> junit.framework.AssertionFailedError
--------------------------------------------------------------------------------
List of modified sources:
 - com.google.javascript.jscomp.parsing.IRFactory
--------------------------------------------------------------------------------
<end>
<start>
Summary of configuration for Project: Closure
--------------------------------------------------------------------------------
    Script dir: /Users/mac/Documents/GitHub/SOEN7481/defects4j/framework
      Base dir: /Users/mac/Documents/GitHub/SOEN7481/defects4j
    Major root: /Users/mac/Documents/GitHub/SOEN7481/defects4j/major
      Repo dir: /Users/mac/Documents/GitHub/SOEN7481/defects4j/project_repos
--------------------------------------------------------------------------------
    Project ID: Closure
       Program: closure-compiler
    Build file: /Users/mac/Documents/GitHub/SOEN7481/defects4j/framework/build-scripts/Closure/Closure.build.xml
--------------------------------------------------------------------------------
           Vcs: Vcs::Git
    Repository: /Users/mac/Documents/GitHub/SOEN7481/defects4j/project_repos/closure-compiler.git
     Commit db: /Users/mac/Documents/GitHub/SOEN7481/defects4j/framework/projects/Closure/commit-db
Number of bugs: 132
--------------------------------------------------------------------------------

Summary for Bug: 122
--------------------------------------------------------------------------------
Root cause in triggering tests:
 - com.google.javascript.jscomp.CodePrinterTest::testPrintInOperatorInForLoop
   --> junit.framework.ComparisonFailure: expected:<for(a=c?0:[(0 in d)];;)foo()> but was:<for(a=c?0:[0 in d];;)foo()>
--------------------------------------------------------------------------------
List of modified sources:
 - com.google.javascript.jscomp.CodeGenerator
--------------------------------------------------------------------------------
<end>
<start>
Summary of configuration for Project: Closure
--------------------------------------------------------------------------------
    Script dir: /Users/mac/Documents/GitHub/SOEN7481/defects4j/framework
      Base dir: /Users/mac/Documents/GitHub/SOEN7481/defects4j
    Major root: /Users/mac/Documents/GitHub/SOEN7481/defects4j/major
      Repo dir: /Users/mac/Documents/GitHub/SOEN7481/defects4j/project_repos
--------------------------------------------------------------------------------
    Project ID: Closure
       Program: closure-compiler
    Build file: /Users/mac/Documents/GitHub/SOEN7481/defects4j/framework/build-scripts/Closure/Closure.build.xml
--------------------------------------------------------------------------------
           Vcs: Vcs::Git
    Repository: /Users/mac/Documents/GitHub/SOEN7481/defects4j/project_repos/closure-compiler.git
     Commit db: /Users/mac/Documents/GitHub/SOEN7481/defects4j/framework/projects/Closure/commit-db
Number of bugs: 132
--------------------------------------------------------------------------------

Summary for Bug: 123
--------------------------------------------------------------------------------
Root cause in triggering tests:
 - com.google.javascript.jscomp.ExploitAssignsTest::testIssue1017
   --> junit.framework.AssertionFailedError: 
--------------------------------------------------------------------------------
List of modified sources:
 - com.google.javascript.jscomp.ExploitAssigns
--------------------------------------------------------------------------------
<end>
<start>
Summary of configuration for Project: Closure
--------------------------------------------------------------------------------
    Script dir: /Users/mac/Documents/GitHub/SOEN7481/defects4j/framework
      Base dir: /Users/mac/Documents/GitHub/SOEN7481/defects4j
    Major root: /Users/mac/Documents/GitHub/SOEN7481/defects4j/major
      Repo dir: /Users/mac/Documents/GitHub/SOEN7481/defects4j/project_repos
--------------------------------------------------------------------------------
    Project ID: Closure
       Program: closure-compiler
    Build file: /Users/mac/Documents/GitHub/SOEN7481/defects4j/framework/build-scripts/Closure/Closure.build.xml
--------------------------------------------------------------------------------
           Vcs: Vcs::Git
    Repository: /Users/mac/Documents/GitHub/SOEN7481/defects4j/project_repos/closure-compiler.git
     Commit db: /Users/mac/Documents/GitHub/SOEN7481/defects4j/framework/projects/Closure/commit-db
Number of bugs: 132
--------------------------------------------------------------------------------

Summary for Bug: 124
--------------------------------------------------------------------------------
Root cause in triggering tests:
 - com.google.javascript.jscomp.TypeCheckTest::testIssue1002
   --> java.lang.IllegalStateException
--------------------------------------------------------------------------------
List of modified sources:
 - com.google.javascript.jscomp.TypeCheck
--------------------------------------------------------------------------------
<end>
<start>
Summary of configuration for Project: Closure
--------------------------------------------------------------------------------
    Script dir: /Users/mac/Documents/GitHub/SOEN7481/defects4j/framework
      Base dir: /Users/mac/Documents/GitHub/SOEN7481/defects4j
    Major root: /Users/mac/Documents/GitHub/SOEN7481/defects4j/major
      Repo dir: /Users/mac/Documents/GitHub/SOEN7481/defects4j/project_repos
--------------------------------------------------------------------------------
    Project ID: Closure
       Program: closure-compiler
    Build file: /Users/mac/Documents/GitHub/SOEN7481/defects4j/framework/build-scripts/Closure/Closure.build.xml
--------------------------------------------------------------------------------
           Vcs: Vcs::Git
    Repository: /Users/mac/Documents/GitHub/SOEN7481/defects4j/project_repos/closure-compiler.git
     Commit db: /Users/mac/Documents/GitHub/SOEN7481/defects4j/framework/projects/Closure/commit-db
Number of bugs: 132
--------------------------------------------------------------------------------

Summary for Bug: 125
--------------------------------------------------------------------------------
Root cause in triggering tests:
 - com.google.javascript.jscomp.MinimizeExitPointsTest::testDontRemoveBreakInTryFinally
   --> junit.framework.AssertionFailedError: 
 - com.google.javascript.jscomp.MinimizeExitPointsTest::testFunctionReturnOptimization
   --> junit.framework.AssertionFailedError: 
--------------------------------------------------------------------------------
List of modified sources:
 - com.google.javascript.jscomp.MinimizeExitPoints
 - com.google.javascript.jscomp.RemoveTryCatch
--------------------------------------------------------------------------------
<end>
<start>
Summary of configuration for Project: Closure
--------------------------------------------------------------------------------
    Script dir: /Users/mac/Documents/GitHub/SOEN7481/defects4j/framework
      Base dir: /Users/mac/Documents/GitHub/SOEN7481/defects4j
    Major root: /Users/mac/Documents/GitHub/SOEN7481/defects4j/major
      Repo dir: /Users/mac/Documents/GitHub/SOEN7481/defects4j/project_repos
--------------------------------------------------------------------------------
    Project ID: Closure
       Program: closure-compiler
    Build file: /Users/mac/Documents/GitHub/SOEN7481/defects4j/framework/build-scripts/Closure/Closure.build.xml
--------------------------------------------------------------------------------
           Vcs: Vcs::Git
    Repository: /Users/mac/Documents/GitHub/SOEN7481/defects4j/project_repos/closure-compiler.git
     Commit db: /Users/mac/Documents/GitHub/SOEN7481/defects4j/framework/projects/Closure/commit-db
Number of bugs: 132
--------------------------------------------------------------------------------

Summary for Bug: 126
--------------------------------------------------------------------------------
Root cause in triggering tests:
 - com.google.javascript.jscomp.UnreachableCodeEliminationTest::testIssue4177428_return
   --> junit.framework.AssertionFailedError: 
 - com.google.javascript.jscomp.UnreachableCodeEliminationTest::testDontRemoveBreakInTryFinally
   --> junit.framework.AssertionFailedError: 
 - com.google.javascript.jscomp.UnreachableCodeEliminationTest::testIssue4177428_continue
   --> junit.framework.AssertionFailedError: 
 - com.google.javascript.jscomp.UnreachableCodeEliminationTest::testDontRemoveBreakInTryFinallySwitch
   --> junit.framework.AssertionFailedError: 
 - com.google.javascript.jscomp.UnreachableCodeEliminationTest::testIssue4177428a
   --> junit.framework.AssertionFailedError: 
 - com.google.javascript.jscomp.UnreachableCodeEliminationTest::testIssue4177428c
   --> junit.framework.AssertionFailedError: 
--------------------------------------------------------------------------------
List of modified sources:
 - com.google.javascript.jscomp.UnreachableCodeElimination
--------------------------------------------------------------------------------
<end>
<start>
Summary of configuration for Project: Closure
--------------------------------------------------------------------------------
    Script dir: /Users/mac/Documents/GitHub/SOEN7481/defects4j/framework
      Base dir: /Users/mac/Documents/GitHub/SOEN7481/defects4j
    Major root: /Users/mac/Documents/GitHub/SOEN7481/defects4j/major
      Repo dir: /Users/mac/Documents/GitHub/SOEN7481/defects4j/project_repos
--------------------------------------------------------------------------------
    Project ID: Closure
       Program: closure-compiler
    Build file: /Users/mac/Documents/GitHub/SOEN7481/defects4j/framework/build-scripts/Closure/Closure.build.xml
--------------------------------------------------------------------------------
           Vcs: Vcs::Git
    Repository: /Users/mac/Documents/GitHub/SOEN7481/defects4j/project_repos/closure-compiler.git
     Commit db: /Users/mac/Documents/GitHub/SOEN7481/defects4j/framework/projects/Closure/commit-db
Number of bugs: 132
--------------------------------------------------------------------------------

Summary for Bug: 127
--------------------------------------------------------------------------------
Root cause in triggering tests:
 - com.google.javascript.jscomp.CodePrinterTest::testIssue942
   --> junit.framework.ComparisonFailure: expected:<var x={[0]:1}> but was:<var x={["0"]:1}>
--------------------------------------------------------------------------------
List of modified sources:
 - com.google.javascript.jscomp.CodeGenerator
--------------------------------------------------------------------------------
<end>
<start>
Summary of configuration for Project: Closure
--------------------------------------------------------------------------------
    Script dir: /Users/mac/Documents/GitHub/SOEN7481/defects4j/framework
      Base dir: /Users/mac/Documents/GitHub/SOEN7481/defects4j
    Major root: /Users/mac/Documents/GitHub/SOEN7481/defects4j/major
      Repo dir: /Users/mac/Documents/GitHub/SOEN7481/defects4j/project_repos
--------------------------------------------------------------------------------
    Project ID: Closure
       Program: closure-compiler
    Build file: /Users/mac/Documents/GitHub/SOEN7481/defects4j/framework/build-scripts/Closure/Closure.build.xml
--------------------------------------------------------------------------------
           Vcs: Vcs::Git
    Repository: /Users/mac/Documents/GitHub/SOEN7481/defects4j/project_repos/closure-compiler.git
     Commit db: /Users/mac/Documents/GitHub/SOEN7481/defects4j/framework/projects/Closure/commit-db
Number of bugs: 132
--------------------------------------------------------------------------------

Summary for Bug: 128
--------------------------------------------------------------------------------
Root cause in triggering tests:
 - com.google.javascript.jscomp.IntegrationTest::testIssue937
   --> junit.framework.AssertionFailedError: 
--------------------------------------------------------------------------------
List of modified sources:
 - com.google.javascript.jscomp.PrepareAst
--------------------------------------------------------------------------------
<end>
<start>
Summary of configuration for Project: Closure
--------------------------------------------------------------------------------
    Script dir: /Users/mac/Documents/GitHub/SOEN7481/defects4j/framework
      Base dir: /Users/mac/Documents/GitHub/SOEN7481/defects4j
    Major root: /Users/mac/Documents/GitHub/SOEN7481/defects4j/major
      Repo dir: /Users/mac/Documents/GitHub/SOEN7481/defects4j/project_repos
--------------------------------------------------------------------------------
    Project ID: Closure
       Program: closure-compiler
    Build file: /Users/mac/Documents/GitHub/SOEN7481/defects4j/framework/build-scripts/Closure/Closure.build.xml
--------------------------------------------------------------------------------
           Vcs: Vcs::Git
    Repository: /Users/mac/Documents/GitHub/SOEN7481/defects4j/project_repos/closure-compiler.git
     Commit db: /Users/mac/Documents/GitHub/SOEN7481/defects4j/framework/projects/Closure/commit-db
Number of bugs: 132
--------------------------------------------------------------------------------

Summary for Bug: 129
--------------------------------------------------------------------------------
Root cause in triggering tests:
 - com.google.javascript.jscomp.CollapsePropertiesTest::testIssue931
   --> junit.framework.AssertionFailedError: 
--------------------------------------------------------------------------------
List of modified sources:
 - com.google.javascript.jscomp.CollapseProperties
--------------------------------------------------------------------------------
<end>
<start>
Summary of configuration for Project: Closure
--------------------------------------------------------------------------------
    Script dir: /Users/mac/Documents/GitHub/SOEN7481/defects4j/framework
      Base dir: /Users/mac/Documents/GitHub/SOEN7481/defects4j
    Major root: /Users/mac/Documents/GitHub/SOEN7481/defects4j/major
      Repo dir: /Users/mac/Documents/GitHub/SOEN7481/defects4j/project_repos
--------------------------------------------------------------------------------
    Project ID: Closure
       Program: closure-compiler
    Build file: /Users/mac/Documents/GitHub/SOEN7481/defects4j/framework/build-scripts/Closure/Closure.build.xml
--------------------------------------------------------------------------------
           Vcs: Vcs::Git
    Repository: /Users/mac/Documents/GitHub/SOEN7481/defects4j/project_repos/closure-compiler.git
     Commit db: /Users/mac/Documents/GitHub/SOEN7481/defects4j/framework/projects/Closure/commit-db
Number of bugs: 132
--------------------------------------------------------------------------------

Summary for Bug: 130
--------------------------------------------------------------------------------
Root cause in triggering tests:
 - com.google.javascript.jscomp.ConvertToDottedPropertiesTest::testQuotedProps
   --> junit.framework.AssertionFailedError: 
 - com.google.javascript.jscomp.ConvertToDottedPropertiesTest::testDoNotConvert
   --> junit.framework.AssertionFailedError: 
--------------------------------------------------------------------------------
List of modified sources:
 - com.google.javascript.rhino.TokenStream
--------------------------------------------------------------------------------
<end>
<start>
Summary of configuration for Project: Closure
--------------------------------------------------------------------------------
    Script dir: /Users/mac/Documents/GitHub/SOEN7481/defects4j/framework
      Base dir: /Users/mac/Documents/GitHub/SOEN7481/defects4j
    Major root: /Users/mac/Documents/GitHub/SOEN7481/defects4j/major
      Repo dir: /Users/mac/Documents/GitHub/SOEN7481/defects4j/project_repos
--------------------------------------------------------------------------------
    Project ID: Closure
       Program: closure-compiler
    Build file: /Users/mac/Documents/GitHub/SOEN7481/defects4j/framework/build-scripts/Closure/Closure.build.xml
--------------------------------------------------------------------------------
           Vcs: Vcs::Git
    Repository: /Users/mac/Documents/GitHub/SOEN7481/defects4j/project_repos/closure-compiler.git
     Commit db: /Users/mac/Documents/GitHub/SOEN7481/defects4j/framework/projects/Closure/commit-db
Number of bugs: 132
--------------------------------------------------------------------------------

Summary for Bug: 131
--------------------------------------------------------------------------------
Root cause in triggering tests:
 - com.google.javascript.jscomp.PeepholeSubstituteAlternateSyntaxTest::testIssue925
   --> junit.framework.AssertionFailedError: 
--------------------------------------------------------------------------------
List of modified sources:
 - com.google.javascript.jscomp.PeepholeSubstituteAlternateSyntax
--------------------------------------------------------------------------------
<end>
<start>
Summary of configuration for Project: Closure
--------------------------------------------------------------------------------
    Script dir: /Users/mac/Documents/GitHub/SOEN7481/defects4j/framework
      Base dir: /Users/mac/Documents/GitHub/SOEN7481/defects4j
    Major root: /Users/mac/Documents/GitHub/SOEN7481/defects4j/major
      Repo dir: /Users/mac/Documents/GitHub/SOEN7481/defects4j/project_repos
--------------------------------------------------------------------------------
    Project ID: Closure
       Program: closure-compiler
    Build file: /Users/mac/Documents/GitHub/SOEN7481/defects4j/framework/build-scripts/Closure/Closure.build.xml
--------------------------------------------------------------------------------
           Vcs: Vcs::Git
    Repository: /Users/mac/Documents/GitHub/SOEN7481/defects4j/project_repos/closure-compiler.git
     Commit db: /Users/mac/Documents/GitHub/SOEN7481/defects4j/framework/projects/Closure/commit-db
Number of bugs: 132
--------------------------------------------------------------------------------

Summary for Bug: 132
--------------------------------------------------------------------------------
Root cause in triggering tests:
 - com.google.javascript.jscomp.parsing.JsDocInfoParserTest::testTextExtents
   --> java.lang.IllegalStateException: Recorded bad position information
--------------------------------------------------------------------------------
List of modified sources:
 - com.google.javascript.jscomp.parsing.JsDocInfoParser
--------------------------------------------------------------------------------
<end>
<start>
<end>
