<start>
Summary of configuration for Project: Mockito
--------------------------------------------------------------------------------
    Script dir: /Users/mac/Documents/GitHub/SOEN7481/defects4j/framework
      Base dir: /Users/mac/Documents/GitHub/SOEN7481/defects4j
    Major root: /Users/mac/Documents/GitHub/SOEN7481/defects4j/major
      Repo dir: /Users/mac/Documents/GitHub/SOEN7481/defects4j/project_repos
--------------------------------------------------------------------------------
    Project ID: Mockito
       Program: mockito
    Build file: /Users/mac/Documents/GitHub/SOEN7481/defects4j/framework/build-scripts/Mockito/Mockito.build.xml
--------------------------------------------------------------------------------
           Vcs: Vcs::Git
    Repository: /Users/mac/Documents/GitHub/SOEN7481/defects4j/project_repos/mockito.git
     Commit db: /Users/mac/Documents/GitHub/SOEN7481/defects4j/framework/projects/Mockito/commit-db
Number of bugs: 38
--------------------------------------------------------------------------------

Summary for Bug: 1
--------------------------------------------------------------------------------
Root cause in triggering tests:
 - org.mockito.internal.invocation.InvocationMatcherTest::should_capture_arguments_when_args_count_does_NOT_match
   --> java.lang.UnsupportedOperationException
 - org.mockito.internal.util.reflection.FieldInitializerTest::can_instantiate_class_with_parameterized_constructor
   --> java.lang.UnsupportedOperationException
 - org.mockito.internal.util.reflection.ParameterizedConstructorInstantiatorTest::should_report_failure_if_constructor_throws_exception
   --> java.lang.UnsupportedOperationException
 - org.mockito.internal.util.reflection.ParameterizedConstructorInstantiatorTest::should_fail_if_an_argument_instance_type_do_not_match_wanted_type
   --> java.lang.UnsupportedOperationException
 - org.mockito.internal.util.reflection.ParameterizedConstructorInstantiatorTest::should_instantiate_type_with_vararg_constructor
   --> java.lang.UnsupportedOperationException
 - org.mockito.internal.util.reflection.ParameterizedConstructorInstantiatorTest::should_instantiate_type_if_resolver_provide_matching_types
   --> java.lang.UnsupportedOperationException
 - org.mockitousage.basicapi.ResetTest::shouldRemoveAllStubbing
   --> java.lang.UnsupportedOperationException
 - org.mockitousage.basicapi.UsingVarargsTest::shouldVerifyWithNullVarArgArray
   --> java.lang.UnsupportedOperationException
 - org.mockitousage.basicapi.UsingVarargsTest::shouldVerifyWithAnyObject
   --> java.lang.UnsupportedOperationException
 - org.mockitousage.basicapi.UsingVarargsTest::shouldStubBooleanVarargs
   --> java.lang.UnsupportedOperationException
 - org.mockitousage.basicapi.UsingVarargsTest::shouldMatchEasilyEmptyVararg
   --> java.lang.UnsupportedOperationException
 - org.mockitousage.basicapi.UsingVarargsTest::shouldVerifyBooleanVarargs
   --> java.lang.UnsupportedOperationException
 - org.mockitousage.basicapi.UsingVarargsTest::shouldStubCorrectlyWhenMixedVarargsUsed
   --> java.lang.UnsupportedOperationException
 - org.mockitousage.basicapi.UsingVarargsTest::shouldStubStringVarargs
   --> java.lang.UnsupportedOperationException
 - org.mockitousage.basicapi.UsingVarargsTest::shouldStubCorrectlyWhenDoubleStringAndMixedVarargsUsed
   --> java.lang.UnsupportedOperationException
 - org.mockitousage.basicapi.UsingVarargsTest::shouldVerifyStringVarargs
   --> java.lang.UnsupportedOperationException
 - org.mockitousage.basicapi.UsingVarargsTest::shouldVerifyObjectVarargs
   --> java.lang.UnsupportedOperationException
 - org.mockitousage.bugs.VarargsErrorWhenCallingRealMethodTest::shouldNotThrowAnyException
   --> java.lang.UnsupportedOperationException
 - org.mockitousage.bugs.varargs.VarargsAndAnyObjectPicksUpExtraInvocationsTest::shouldVerifyCorrectlyWithAnyVarargs
   --> java.lang.UnsupportedOperationException
 - org.mockitousage.bugs.varargs.VarargsAndAnyObjectPicksUpExtraInvocationsTest::shouldVerifyCorrectlyNumberOfInvocationsUsingAnyVarargAndEqualArgument
   --> java.lang.UnsupportedOperationException
 - org.mockitousage.bugs.varargs.VarargsNotPlayingWithAnyObjectTest::shouldStubUsingAnyVarargs
   --> java.lang.UnsupportedOperationException
 - org.mockitousage.matchers.VerificationAndStubbingUsingMatchersTest::shouldVerifyUsingMatchers
   --> java.lang.UnsupportedOperationException
 - org.mockitousage.stubbing.BasicStubbingTest::test_stub_only_not_verifiable
   --> java.lang.UnsupportedOperationException
 - org.mockitousage.stubbing.BasicStubbingTest::should_evaluate_latest_stubbing_first
   --> java.lang.UnsupportedOperationException
 - org.mockitousage.stubbing.DeprecatedStubbingTest::shouldEvaluateLatestStubbingFirst
   --> java.lang.UnsupportedOperationException
 - org.mockitousage.verification.VerificationInOrderMixedWithOrdiraryVerificationTest::shouldUseEqualsToVerifyMethodVarargs
   --> java.lang.UnsupportedOperationException
--------------------------------------------------------------------------------
List of modified sources:
 - org.mockito.internal.invocation.InvocationMatcher
--------------------------------------------------------------------------------
<end>
<start>
Summary of configuration for Project: Mockito
--------------------------------------------------------------------------------
    Script dir: /Users/mac/Documents/GitHub/SOEN7481/defects4j/framework
      Base dir: /Users/mac/Documents/GitHub/SOEN7481/defects4j
    Major root: /Users/mac/Documents/GitHub/SOEN7481/defects4j/major
      Repo dir: /Users/mac/Documents/GitHub/SOEN7481/defects4j/project_repos
--------------------------------------------------------------------------------
    Project ID: Mockito
       Program: mockito
    Build file: /Users/mac/Documents/GitHub/SOEN7481/defects4j/framework/build-scripts/Mockito/Mockito.build.xml
--------------------------------------------------------------------------------
           Vcs: Vcs::Git
    Repository: /Users/mac/Documents/GitHub/SOEN7481/defects4j/project_repos/mockito.git
     Commit db: /Users/mac/Documents/GitHub/SOEN7481/defects4j/framework/projects/Mockito/commit-db
Number of bugs: 38
--------------------------------------------------------------------------------

Summary for Bug: 2
--------------------------------------------------------------------------------
Root cause in triggering tests:
 - org.mockito.internal.util.TimerTest::should_throw_friendly_reminder_exception_when_duration_is_negative
   --> junit.framework.AssertionFailedError: It is forbidden to create timer with negative value of timer's duration.
 - org.mockito.verification.NegativeDurationTest::should_throw_exception_when_duration_is_negative_for_timeout_method
   --> junit.framework.AssertionFailedError: It is forbidden to invoke Mockito.timeout() with negative value.
 - org.mockito.verification.NegativeDurationTest::should_throw_exception_when_duration_is_negative_for_after_method
   --> junit.framework.AssertionFailedError: It is forbidden to invoke Mockito.after() with negative value.
--------------------------------------------------------------------------------
List of modified sources:
 - org.mockito.internal.util.Timer
 - org.mockito.exceptions.Reporter
--------------------------------------------------------------------------------
<end>
<start>
Summary of configuration for Project: Mockito
--------------------------------------------------------------------------------
    Script dir: /Users/mac/Documents/GitHub/SOEN7481/defects4j/framework
      Base dir: /Users/mac/Documents/GitHub/SOEN7481/defects4j
    Major root: /Users/mac/Documents/GitHub/SOEN7481/defects4j/major
      Repo dir: /Users/mac/Documents/GitHub/SOEN7481/defects4j/project_repos
--------------------------------------------------------------------------------
    Project ID: Mockito
       Program: mockito
    Build file: /Users/mac/Documents/GitHub/SOEN7481/defects4j/framework/build-scripts/Mockito/Mockito.build.xml
--------------------------------------------------------------------------------
           Vcs: Vcs::Git
    Repository: /Users/mac/Documents/GitHub/SOEN7481/defects4j/project_repos/mockito.git
     Commit db: /Users/mac/Documents/GitHub/SOEN7481/defects4j/framework/projects/Mockito/commit-db
Number of bugs: 38
--------------------------------------------------------------------------------

Summary for Bug: 3
--------------------------------------------------------------------------------
Root cause in triggering tests:
 - org.concurrentmockito.ThreadsRunAllTestsHalfManualTest::shouldRunInMultipleThreads
   --> junit.framework.AssertionFailedError: Run in multiple thread failed
 - org.mockito.internal.invocation.InvocationMatcherTest::should_capture_varargs_as_vararg
   --> junit.framework.AssertionFailedError: expected:<[['a', 'b']]> but was:<[[1]]>
 - org.mockitousage.bugs.varargs.VarargsAndAnyObjectPicksUpExtraInvocationsTest::shouldVerifyCorrectlyNumberOfInvocationsWithVarargs
   --> java.lang.ArrayIndexOutOfBoundsException: 2
 - org.mockitousage.bugs.varargs.VarargsNotPlayingWithAnyObjectTest::shouldMatchAnyVararg
   --> java.lang.ArrayIndexOutOfBoundsException: 1
 - org.mockitousage.matchers.CapturingArgumentsTest::should_capture_all_vararg
   --> junit.framework.AssertionFailedError: expected:<[['a', 'b', 'c', 'again ?!']]> but was:<[[42, 42]]>
 - org.mockitousage.matchers.CapturingArgumentsTest::captures_correctly_when_captor_used_multiple_times
   --> java.lang.ArrayIndexOutOfBoundsException: 2
 - org.mockitousage.matchers.CapturingArgumentsTest::should_capture_vararg
   --> junit.framework.AssertionFailedError: expected:<[['a', 'b', 'c']]> but was:<[[42]]>
 - org.mockitousage.matchers.CapturingArgumentsTest::captures_correctly_when_captor_used_on_pure_vararg_method
   --> java.lang.ArrayIndexOutOfBoundsException: 1
 - org.mockitousage.matchers.CapturingArgumentsTest::should_capture_byte_vararg_by_creating_captor_with_primitive_wrapper
   --> java.lang.ClassCastException: [B cannot be cast to java.lang.Byte
 - org.mockitousage.matchers.CapturingArgumentsTest::should_capture_byte_vararg_by_creating_captor_with_primitive
   --> java.lang.ClassCastException: [B cannot be cast to java.lang.Byte
--------------------------------------------------------------------------------
List of modified sources:
 - org.mockito.internal.invocation.InvocationMatcher
--------------------------------------------------------------------------------
<end>
<start>
Summary of configuration for Project: Mockito
--------------------------------------------------------------------------------
    Script dir: /Users/mac/Documents/GitHub/SOEN7481/defects4j/framework
      Base dir: /Users/mac/Documents/GitHub/SOEN7481/defects4j
    Major root: /Users/mac/Documents/GitHub/SOEN7481/defects4j/major
      Repo dir: /Users/mac/Documents/GitHub/SOEN7481/defects4j/project_repos
--------------------------------------------------------------------------------
    Project ID: Mockito
       Program: mockito
    Build file: /Users/mac/Documents/GitHub/SOEN7481/defects4j/framework/build-scripts/Mockito/Mockito.build.xml
--------------------------------------------------------------------------------
           Vcs: Vcs::Git
    Repository: /Users/mac/Documents/GitHub/SOEN7481/defects4j/project_repos/mockito.git
     Commit db: /Users/mac/Documents/GitHub/SOEN7481/defects4j/framework/projects/Mockito/commit-db
Number of bugs: 38
--------------------------------------------------------------------------------

Summary for Bug: 4
--------------------------------------------------------------------------------
Root cause in triggering tests:
 - org.mockito.exceptions.ReporterTest::can_use_print_mock_name_even_when_mock_bogus_default_answer_and_when_reporting_no_more_interaction_wanted_in_order
   --> java.lang.Exception: Unexpected exception, expected<org.mockito.exceptions.verification.VerificationInOrderFailure> but was<java.lang.ClassCastException>
 - org.mockito.exceptions.ReporterTest::can_use_print_mock_name_even_when_mock_bogus_default_answer_and_when_reporting_injection_failure
   --> java.lang.Exception: Unexpected exception, expected<org.mockito.exceptions.base.MockitoException> but was<java.lang.NullPointerException>
 - org.mockito.exceptions.ReporterTest::can_use_mock_name_even_when_mock_bogus_default_answer_and_when_reporting_no_more_interaction_wanted
   --> java.lang.Exception: Unexpected exception, expected<org.mockito.exceptions.verification.NoInteractionsWanted> but was<java.lang.ClassCastException>
 - org.mockitousage.bugs.ClassCastExOnVerifyZeroInteractionsTest::should_not_throw_a_ClassCastException
   --> java.lang.Exception: Unexpected exception, expected<org.mockito.exceptions.verification.NoInteractionsWanted> but was<java.lang.ClassCastException>
--------------------------------------------------------------------------------
List of modified sources:
 - org.mockito.exceptions.Reporter
--------------------------------------------------------------------------------
<end>
<start>
Summary of configuration for Project: Mockito
--------------------------------------------------------------------------------
    Script dir: /Users/mac/Documents/GitHub/SOEN7481/defects4j/framework
      Base dir: /Users/mac/Documents/GitHub/SOEN7481/defects4j
    Major root: /Users/mac/Documents/GitHub/SOEN7481/defects4j/major
      Repo dir: /Users/mac/Documents/GitHub/SOEN7481/defects4j/project_repos
--------------------------------------------------------------------------------
    Project ID: Mockito
       Program: mockito
    Build file: /Users/mac/Documents/GitHub/SOEN7481/defects4j/framework/build-scripts/Mockito/Mockito.build.xml
--------------------------------------------------------------------------------
           Vcs: Vcs::Git
    Repository: /Users/mac/Documents/GitHub/SOEN7481/defects4j/project_repos/mockito.git
     Commit db: /Users/mac/Documents/GitHub/SOEN7481/defects4j/framework/projects/Mockito/commit-db
Number of bugs: 38
--------------------------------------------------------------------------------

Summary for Bug: 5
--------------------------------------------------------------------------------
Root cause in triggering tests:
 - org.mockitointegration.NoJUnitDependenciesTest::pure_mockito_should_not_depend_JUnit
   --> junit.framework.AssertionFailedError: 'org.mockito.internal.verification.VerificationOverTimeImpl' has some dependency to JUnit
--------------------------------------------------------------------------------
List of modified sources:
 - org.mockito.internal.verification.VerificationOverTimeImpl
--------------------------------------------------------------------------------
<end>
<start>
Summary of configuration for Project: Mockito
--------------------------------------------------------------------------------
    Script dir: /Users/mac/Documents/GitHub/SOEN7481/defects4j/framework
      Base dir: /Users/mac/Documents/GitHub/SOEN7481/defects4j
    Major root: /Users/mac/Documents/GitHub/SOEN7481/defects4j/major
      Repo dir: /Users/mac/Documents/GitHub/SOEN7481/defects4j/project_repos
--------------------------------------------------------------------------------
    Project ID: Mockito
       Program: mockito
    Build file: /Users/mac/Documents/GitHub/SOEN7481/defects4j/framework/build-scripts/Mockito/Mockito.build.xml
--------------------------------------------------------------------------------
           Vcs: Vcs::Git
    Repository: /Users/mac/Documents/GitHub/SOEN7481/defects4j/project_repos/mockito.git
     Commit db: /Users/mac/Documents/GitHub/SOEN7481/defects4j/framework/projects/Mockito/commit-db
Number of bugs: 38
--------------------------------------------------------------------------------

Summary for Bug: 6
--------------------------------------------------------------------------------
Root cause in triggering tests:
 - org.mockitousage.matchers.AnyXMatchersAcceptNullsTest::shouldNotAcceptNullInAllAnyPrimitiveWrapperMatchers
   --> junit.framework.ComparisonFailure: expected:<null> but was:<0>
 - org.mockitousage.matchers.AnyXMatchersAcceptNullsTest::shouldNotAcceptNullInAnyXMatchers
   --> junit.framework.ComparisonFailure: expected:<null> but was:<0>
 - org.mockitousage.matchers.MatchersTest::anyStringMatcher
   --> junit.framework.ComparisonFailure: expected:<null> but was:<matched>
 - org.mockitousage.matchers.NewMatchersTest::shouldAllowAnyCollection
   --> junit.framework.ComparisonFailure: expected:<null> but was:<matched>
 - org.mockitousage.matchers.NewMatchersTest::shouldAllowAnyList
   --> junit.framework.ComparisonFailure: expected:<null> but was:<matched>
 - org.mockitousage.matchers.NewMatchersTest::shouldAllowAnyMap
   --> junit.framework.ComparisonFailure: expected:<null> but was:<matched>
 - org.mockitousage.matchers.NewMatchersTest::shouldAllowAnySet
   --> junit.framework.ComparisonFailure: expected:<null> but was:<matched>
--------------------------------------------------------------------------------
List of modified sources:
 - org.mockito.internal.matchers.Any
 - org.mockito.Matchers
--------------------------------------------------------------------------------
<end>
<start>
Summary of configuration for Project: Mockito
--------------------------------------------------------------------------------
    Script dir: /Users/mac/Documents/GitHub/SOEN7481/defects4j/framework
      Base dir: /Users/mac/Documents/GitHub/SOEN7481/defects4j
    Major root: /Users/mac/Documents/GitHub/SOEN7481/defects4j/major
      Repo dir: /Users/mac/Documents/GitHub/SOEN7481/defects4j/project_repos
--------------------------------------------------------------------------------
    Project ID: Mockito
       Program: mockito
    Build file: /Users/mac/Documents/GitHub/SOEN7481/defects4j/framework/build-scripts/Mockito/Mockito.build.xml
--------------------------------------------------------------------------------
           Vcs: Vcs::Git
    Repository: /Users/mac/Documents/GitHub/SOEN7481/defects4j/project_repos/mockito.git
     Commit db: /Users/mac/Documents/GitHub/SOEN7481/defects4j/framework/projects/Mockito/commit-db
Number of bugs: 38
--------------------------------------------------------------------------------

Summary for Bug: 7
--------------------------------------------------------------------------------
Root cause in triggering tests:
 - org.mockitousage.bugs.deepstubs.DeepStubFailingWhenGenricNestedAsRawTypeTest::discoverDeepMockingOfGenerics
   --> org.mockito.exceptions.base.MockitoException: Raw extraction not supported for : 'null'
--------------------------------------------------------------------------------
List of modified sources:
 - org.mockito.internal.util.reflection.GenericMetadataSupport
--------------------------------------------------------------------------------
<end>
<start>
Summary of configuration for Project: Mockito
--------------------------------------------------------------------------------
    Script dir: /Users/mac/Documents/GitHub/SOEN7481/defects4j/framework
      Base dir: /Users/mac/Documents/GitHub/SOEN7481/defects4j
    Major root: /Users/mac/Documents/GitHub/SOEN7481/defects4j/major
      Repo dir: /Users/mac/Documents/GitHub/SOEN7481/defects4j/project_repos
--------------------------------------------------------------------------------
    Project ID: Mockito
       Program: mockito
    Build file: /Users/mac/Documents/GitHub/SOEN7481/defects4j/framework/build-scripts/Mockito/Mockito.build.xml
--------------------------------------------------------------------------------
           Vcs: Vcs::Git
    Repository: /Users/mac/Documents/GitHub/SOEN7481/defects4j/project_repos/mockito.git
     Commit db: /Users/mac/Documents/GitHub/SOEN7481/defects4j/framework/projects/Mockito/commit-db
Number of bugs: 38
--------------------------------------------------------------------------------

Summary for Bug: 8
--------------------------------------------------------------------------------
Root cause in triggering tests:
 - org.mockito.internal.util.reflection.GenericMetadataSupportTest::typeVariable_of_self_type
   --> java.lang.StackOverflowError
--------------------------------------------------------------------------------
List of modified sources:
 - org.mockito.internal.util.reflection.GenericMetadataSupport
--------------------------------------------------------------------------------
<end>
<start>
Summary of configuration for Project: Mockito
--------------------------------------------------------------------------------
    Script dir: /Users/mac/Documents/GitHub/SOEN7481/defects4j/framework
      Base dir: /Users/mac/Documents/GitHub/SOEN7481/defects4j
    Major root: /Users/mac/Documents/GitHub/SOEN7481/defects4j/major
      Repo dir: /Users/mac/Documents/GitHub/SOEN7481/defects4j/project_repos
--------------------------------------------------------------------------------
    Project ID: Mockito
       Program: mockito
    Build file: /Users/mac/Documents/GitHub/SOEN7481/defects4j/framework/build-scripts/Mockito/Mockito.build.xml
--------------------------------------------------------------------------------
           Vcs: Vcs::Git
    Repository: /Users/mac/Documents/GitHub/SOEN7481/defects4j/project_repos/mockito.git
     Commit db: /Users/mac/Documents/GitHub/SOEN7481/defects4j/framework/projects/Mockito/commit-db
Number of bugs: 38
--------------------------------------------------------------------------------

Summary for Bug: 9
--------------------------------------------------------------------------------
Root cause in triggering tests:
 - org.mockitousage.constructor.CreatingMocksWithConstructorTest::abstractMethodStubbed
   --> org.mockito.exceptions.base.MockitoException: 
 - org.mockitousage.constructor.CreatingMocksWithConstructorTest::testCallsRealInterfaceMethod
   --> org.mockito.exceptions.base.MockitoException: 
 - org.mockitousage.constructor.CreatingMocksWithConstructorTest::abstractMethodReturnsDefault
   --> org.mockito.exceptions.base.MockitoException: 
--------------------------------------------------------------------------------
List of modified sources:
 - org.mockito.internal.stubbing.answers.CallsRealMethods
--------------------------------------------------------------------------------
<end>
<start>
Summary of configuration for Project: Mockito
--------------------------------------------------------------------------------
    Script dir: /Users/mac/Documents/GitHub/SOEN7481/defects4j/framework
      Base dir: /Users/mac/Documents/GitHub/SOEN7481/defects4j
    Major root: /Users/mac/Documents/GitHub/SOEN7481/defects4j/major
      Repo dir: /Users/mac/Documents/GitHub/SOEN7481/defects4j/project_repos
--------------------------------------------------------------------------------
    Project ID: Mockito
       Program: mockito
    Build file: /Users/mac/Documents/GitHub/SOEN7481/defects4j/framework/build-scripts/Mockito/Mockito.build.xml
--------------------------------------------------------------------------------
           Vcs: Vcs::Git
    Repository: /Users/mac/Documents/GitHub/SOEN7481/defects4j/project_repos/mockito.git
     Commit db: /Users/mac/Documents/GitHub/SOEN7481/defects4j/framework/projects/Mockito/commit-db
Number of bugs: 38
--------------------------------------------------------------------------------

Summary for Bug: 10
--------------------------------------------------------------------------------
Root cause in triggering tests:
 - org.mockitousage.bugs.DeepStubsWronglyReportsSerializationProblemsTest::should_not_raise_a_mockito_exception_about_serialization_when_accessing_deep_stub
   --> org.mockito.exceptions.base.MockitoException: 
--------------------------------------------------------------------------------
List of modified sources:
 - org.mockito.internal.stubbing.defaultanswers.ReturnsDeepStubs
--------------------------------------------------------------------------------
<end>
<start>
Summary of configuration for Project: Mockito
--------------------------------------------------------------------------------
    Script dir: /Users/mac/Documents/GitHub/SOEN7481/defects4j/framework
      Base dir: /Users/mac/Documents/GitHub/SOEN7481/defects4j
    Major root: /Users/mac/Documents/GitHub/SOEN7481/defects4j/major
      Repo dir: /Users/mac/Documents/GitHub/SOEN7481/defects4j/project_repos
--------------------------------------------------------------------------------
    Project ID: Mockito
       Program: mockito
    Build file: /Users/mac/Documents/GitHub/SOEN7481/defects4j/framework/build-scripts/Mockito/Mockito.build.xml
--------------------------------------------------------------------------------
           Vcs: Vcs::Git
    Repository: /Users/mac/Documents/GitHub/SOEN7481/defects4j/project_repos/mockito.git
     Commit db: /Users/mac/Documents/GitHub/SOEN7481/defects4j/framework/projects/Mockito/commit-db
Number of bugs: 38
--------------------------------------------------------------------------------

Summary for Bug: 11
--------------------------------------------------------------------------------
Root cause in triggering tests:
 - org.mockito.internal.creation.DelegatingMethodTest::equals_should_return_true_when_equal
   --> junit.framework.AssertionFailedError
 - org.mockito.internal.creation.DelegatingMethodTest::equals_should_return_true_when_self
   --> junit.framework.AssertionFailedError
--------------------------------------------------------------------------------
List of modified sources:
 - org.mockito.internal.creation.DelegatingMethod
--------------------------------------------------------------------------------
<end>
<start>
Summary of configuration for Project: Mockito
--------------------------------------------------------------------------------
    Script dir: /Users/mac/Documents/GitHub/SOEN7481/defects4j/framework
      Base dir: /Users/mac/Documents/GitHub/SOEN7481/defects4j
    Major root: /Users/mac/Documents/GitHub/SOEN7481/defects4j/major
      Repo dir: /Users/mac/Documents/GitHub/SOEN7481/defects4j/project_repos
--------------------------------------------------------------------------------
    Project ID: Mockito
       Program: mockito
    Build file: /Users/mac/Documents/GitHub/SOEN7481/defects4j/framework/build-scripts/Mockito/Mockito.build.xml
--------------------------------------------------------------------------------
           Vcs: Vcs::Git
    Repository: /Users/mac/Documents/GitHub/SOEN7481/defects4j/project_repos/mockito.git
     Commit db: /Users/mac/Documents/GitHub/SOEN7481/defects4j/framework/projects/Mockito/commit-db
Number of bugs: 38
--------------------------------------------------------------------------------

Summary for Bug: 12
--------------------------------------------------------------------------------
Root cause in triggering tests:
 - org.mockito.internal.util.reflection.GenericMasterTest::shouldDealWithNestedGenerics
   --> java.lang.ClassCastException: sun.reflect.generics.reflectiveObjects.ParameterizedTypeImpl cannot be cast to java.lang.Class
 - org.mockitousage.annotation.CaptorAnnotationBasicTest::shouldUseAnnotatedCaptor
   --> java.lang.ClassCastException: sun.reflect.generics.reflectiveObjects.ParameterizedTypeImpl cannot be cast to java.lang.Class
 - org.mockitousage.annotation.CaptorAnnotationBasicTest::shouldUseCaptorInOrdinaryWay
   --> java.lang.ClassCastException: sun.reflect.generics.reflectiveObjects.ParameterizedTypeImpl cannot be cast to java.lang.Class
 - org.mockitousage.annotation.CaptorAnnotationBasicTest::shouldCaptureGenericList
   --> java.lang.ClassCastException: sun.reflect.generics.reflectiveObjects.ParameterizedTypeImpl cannot be cast to java.lang.Class
 - org.mockitousage.annotation.CaptorAnnotationBasicTest::shouldUseGenericlessAnnotatedCaptor
   --> java.lang.ClassCastException: sun.reflect.generics.reflectiveObjects.ParameterizedTypeImpl cannot be cast to java.lang.Class
 - org.mockitousage.annotation.CaptorAnnotationTest::shouldScreamWhenWrongTypeForCaptor
   --> java.lang.ClassCastException: sun.reflect.generics.reflectiveObjects.ParameterizedTypeImpl cannot be cast to java.lang.Class
 - org.mockitousage.annotation.CaptorAnnotationTest::testNormalUsage
   --> java.lang.ClassCastException: sun.reflect.generics.reflectiveObjects.ParameterizedTypeImpl cannot be cast to java.lang.Class
 - org.mockitousage.annotation.CaptorAnnotationTest::shouldScreamWhenMoreThanOneMockitoAnnotaton
   --> java.lang.ClassCastException: sun.reflect.generics.reflectiveObjects.ParameterizedTypeImpl cannot be cast to java.lang.Class
 - org.mockitousage.annotation.CaptorAnnotationTest::shouldScreamWhenInitializingCaptorsForNullClass
   --> java.lang.ClassCastException: sun.reflect.generics.reflectiveObjects.ParameterizedTypeImpl cannot be cast to java.lang.Class
 - org.mockitousage.annotation.CaptorAnnotationTest::shouldLookForAnnotatedCaptorsInSuperClasses
   --> java.lang.ClassCastException: sun.reflect.generics.reflectiveObjects.ParameterizedTypeImpl cannot be cast to java.lang.Class
--------------------------------------------------------------------------------
List of modified sources:
 - org.mockito.internal.util.reflection.GenericMaster
--------------------------------------------------------------------------------
<end>
<start>
Summary of configuration for Project: Mockito
--------------------------------------------------------------------------------
    Script dir: /Users/mac/Documents/GitHub/SOEN7481/defects4j/framework
      Base dir: /Users/mac/Documents/GitHub/SOEN7481/defects4j
    Major root: /Users/mac/Documents/GitHub/SOEN7481/defects4j/major
      Repo dir: /Users/mac/Documents/GitHub/SOEN7481/defects4j/project_repos
--------------------------------------------------------------------------------
    Project ID: Mockito
       Program: mockito
    Build file: /Users/mac/Documents/GitHub/SOEN7481/defects4j/framework/build-scripts/Mockito/Mockito.build.xml
--------------------------------------------------------------------------------
           Vcs: Vcs::Git
    Repository: /Users/mac/Documents/GitHub/SOEN7481/defects4j/project_repos/mockito.git
     Commit db: /Users/mac/Documents/GitHub/SOEN7481/defects4j/framework/projects/Mockito/commit-db
Number of bugs: 38
--------------------------------------------------------------------------------

Summary for Bug: 13
--------------------------------------------------------------------------------
Root cause in triggering tests:
 - org.mockitousage.bugs.VerifyingWithAnExtraCallToADifferentMockTest::shouldAllowVerifyingWhenOtherMockCallIsInTheSameLine
   --> junit.framework.AssertionFailedError
--------------------------------------------------------------------------------
List of modified sources:
 - org.mockito.internal.MockHandler
--------------------------------------------------------------------------------
<end>
<start>
Summary of configuration for Project: Mockito
--------------------------------------------------------------------------------
    Script dir: /Users/mac/Documents/GitHub/SOEN7481/defects4j/framework
      Base dir: /Users/mac/Documents/GitHub/SOEN7481/defects4j
    Major root: /Users/mac/Documents/GitHub/SOEN7481/defects4j/major
      Repo dir: /Users/mac/Documents/GitHub/SOEN7481/defects4j/project_repos
--------------------------------------------------------------------------------
    Project ID: Mockito
       Program: mockito
    Build file: /Users/mac/Documents/GitHub/SOEN7481/defects4j/framework/build-scripts/Mockito/Mockito.build.xml
--------------------------------------------------------------------------------
           Vcs: Vcs::Git
    Repository: /Users/mac/Documents/GitHub/SOEN7481/defects4j/project_repos/mockito.git
     Commit db: /Users/mac/Documents/GitHub/SOEN7481/defects4j/framework/projects/Mockito/commit-db
Number of bugs: 38
--------------------------------------------------------------------------------

Summary for Bug: 14
--------------------------------------------------------------------------------
Root cause in triggering tests:
 - org.mockitousage.bugs.VerifyingWithAnExtraCallToADifferentMockTest::shouldAllowVerifyingWhenOtherMockCallIsInTheSameLine
   --> junit.framework.AssertionFailedError: 
--------------------------------------------------------------------------------
List of modified sources:
 - org.mockito.internal.MockHandler
 - org.mockito.internal.MockitoCore
 - org.mockito.internal.verification.MockAwareVerificationMode
--------------------------------------------------------------------------------
<end>
<start>
Summary of configuration for Project: Mockito
--------------------------------------------------------------------------------
    Script dir: /Users/mac/Documents/GitHub/SOEN7481/defects4j/framework
      Base dir: /Users/mac/Documents/GitHub/SOEN7481/defects4j
    Major root: /Users/mac/Documents/GitHub/SOEN7481/defects4j/major
      Repo dir: /Users/mac/Documents/GitHub/SOEN7481/defects4j/project_repos
--------------------------------------------------------------------------------
    Project ID: Mockito
       Program: mockito
    Build file: /Users/mac/Documents/GitHub/SOEN7481/defects4j/framework/build-scripts/Mockito/Mockito.build.xml
--------------------------------------------------------------------------------
           Vcs: Vcs::Git
    Repository: /Users/mac/Documents/GitHub/SOEN7481/defects4j/project_repos/mockito.git
     Commit db: /Users/mac/Documents/GitHub/SOEN7481/defects4j/framework/projects/Mockito/commit-db
Number of bugs: 38
--------------------------------------------------------------------------------

Summary for Bug: 15
--------------------------------------------------------------------------------
Root cause in triggering tests:
 - org.mockitousage.bugs.InjectMocksShouldTryPropertySettersFirstBeforeFieldAccessTest::shouldInjectUsingPropertySetterIfAvailable
   --> junit.framework.AssertionFailedError
--------------------------------------------------------------------------------
List of modified sources:
 - org.mockito.internal.configuration.injection.FinalMockCandidateFilter
 - org.mockito.internal.configuration.injection.TypeBasedCandidateFilter
 - org.mockito.internal.configuration.injection.MockCandidateFilter
 - org.mockito.internal.configuration.injection.OngoingInjecter
 - org.mockito.internal.util.reflection.BeanPropertySetter
 - org.mockito.internal.configuration.injection.NameBasedCandidateFilter
 - src.org.mockito.internal.configuration.injection.Injecter
 - org.mockito.internal.configuration.DefaultInjectionEngine
--------------------------------------------------------------------------------
<end>
<start>
Summary of configuration for Project: Mockito
--------------------------------------------------------------------------------
    Script dir: /Users/mac/Documents/GitHub/SOEN7481/defects4j/framework
      Base dir: /Users/mac/Documents/GitHub/SOEN7481/defects4j
    Major root: /Users/mac/Documents/GitHub/SOEN7481/defects4j/major
      Repo dir: /Users/mac/Documents/GitHub/SOEN7481/defects4j/project_repos
--------------------------------------------------------------------------------
    Project ID: Mockito
       Program: mockito
    Build file: /Users/mac/Documents/GitHub/SOEN7481/defects4j/framework/build-scripts/Mockito/Mockito.build.xml
--------------------------------------------------------------------------------
           Vcs: Vcs::Git
    Repository: /Users/mac/Documents/GitHub/SOEN7481/defects4j/project_repos/mockito.git
     Commit db: /Users/mac/Documents/GitHub/SOEN7481/defects4j/framework/projects/Mockito/commit-db
Number of bugs: 38
--------------------------------------------------------------------------------

Summary for Bug: 16
--------------------------------------------------------------------------------
Root cause in triggering tests:
 - org.mockitousage.bugs.StubbingMocksThatAreConfiguredToReturnMocksTest::shouldAllowStubbingMocksConfiguredWithRETURNS_MOCKS
   --> org.mockito.exceptions.misusing.MissingMethodInvocationException: 
--------------------------------------------------------------------------------
List of modified sources:
 - org.mockito.internal.MockitoCore
 - org.mockito.Mockito
 - org.mockito.internal.stubbing.defaultanswers.ReturnsMocks
--------------------------------------------------------------------------------
<end>
<start>
Summary of configuration for Project: Mockito
--------------------------------------------------------------------------------
    Script dir: /Users/mac/Documents/GitHub/SOEN7481/defects4j/framework
      Base dir: /Users/mac/Documents/GitHub/SOEN7481/defects4j
    Major root: /Users/mac/Documents/GitHub/SOEN7481/defects4j/major
      Repo dir: /Users/mac/Documents/GitHub/SOEN7481/defects4j/project_repos
--------------------------------------------------------------------------------
    Project ID: Mockito
       Program: mockito
    Build file: /Users/mac/Documents/GitHub/SOEN7481/defects4j/framework/build-scripts/Mockito/Mockito.build.xml
--------------------------------------------------------------------------------
           Vcs: Vcs::Git
    Repository: /Users/mac/Documents/GitHub/SOEN7481/defects4j/project_repos/mockito.git
     Commit db: /Users/mac/Documents/GitHub/SOEN7481/defects4j/framework/projects/Mockito/commit-db
Number of bugs: 38
--------------------------------------------------------------------------------

Summary for Bug: 17
--------------------------------------------------------------------------------
Root cause in triggering tests:
 - org.mockitousage.basicapi.MocksSerializationTest::shouldBeSerializeAndHaveExtraInterfaces
   --> java.io.NotSerializableException: org.mockitousage.IMethods$$EnhancerByMockitoWithCGLIB$$3a0bdfbc
--------------------------------------------------------------------------------
List of modified sources:
 - org.mockito.internal.creation.MockSettingsImpl
 - org.mockito.internal.util.MockUtil
 - org.mockito.internal.util.ArrayUtils
--------------------------------------------------------------------------------
<end>
<start>
Summary of configuration for Project: Mockito
--------------------------------------------------------------------------------
    Script dir: /Users/mac/Documents/GitHub/SOEN7481/defects4j/framework
      Base dir: /Users/mac/Documents/GitHub/SOEN7481/defects4j
    Major root: /Users/mac/Documents/GitHub/SOEN7481/defects4j/major
      Repo dir: /Users/mac/Documents/GitHub/SOEN7481/defects4j/project_repos
--------------------------------------------------------------------------------
    Project ID: Mockito
       Program: mockito
    Build file: /Users/mac/Documents/GitHub/SOEN7481/defects4j/framework/build-scripts/Mockito/Mockito.build.xml
--------------------------------------------------------------------------------
           Vcs: Vcs::Git
    Repository: /Users/mac/Documents/GitHub/SOEN7481/defects4j/project_repos/mockito.git
     Commit db: /Users/mac/Documents/GitHub/SOEN7481/defects4j/framework/projects/Mockito/commit-db
Number of bugs: 38
--------------------------------------------------------------------------------

Summary for Bug: 18
--------------------------------------------------------------------------------
Root cause in triggering tests:
 - org.concurrentmockito.ThreadsRunAllTestsHalfManualTest::shouldRunInMultipleThreads
   --> junit.framework.AssertionFailedError: Run in multiple thread failed
 - org.mockito.internal.stubbing.defaultanswers.ReturnsEmptyValuesTest::should_return_empty_iterable
   --> java.lang.NullPointerException
--------------------------------------------------------------------------------
List of modified sources:
 - org.mockito.internal.stubbing.defaultanswers.ReturnsEmptyValues
--------------------------------------------------------------------------------
<end>
<start>
Summary of configuration for Project: Mockito
--------------------------------------------------------------------------------
    Script dir: /Users/mac/Documents/GitHub/SOEN7481/defects4j/framework
      Base dir: /Users/mac/Documents/GitHub/SOEN7481/defects4j
    Major root: /Users/mac/Documents/GitHub/SOEN7481/defects4j/major
      Repo dir: /Users/mac/Documents/GitHub/SOEN7481/defects4j/project_repos
--------------------------------------------------------------------------------
    Project ID: Mockito
       Program: mockito
    Build file: /Users/mac/Documents/GitHub/SOEN7481/defects4j/framework/build-scripts/Mockito/Mockito.build.xml
--------------------------------------------------------------------------------
           Vcs: Vcs::Git
    Repository: /Users/mac/Documents/GitHub/SOEN7481/defects4j/project_repos/mockito.git
     Commit db: /Users/mac/Documents/GitHub/SOEN7481/defects4j/framework/projects/Mockito/commit-db
Number of bugs: 38
--------------------------------------------------------------------------------

Summary for Bug: 19
--------------------------------------------------------------------------------
Root cause in triggering tests:
 - org.mockitousage.annotation.MockInjectionUsingSetterOrPropertyTest::shouldInsertFieldWithCorrectNameWhenMultipleTypesAvailable
   --> junit.framework.AssertionFailedError: Expected: <null> but was: candidate2
--------------------------------------------------------------------------------
List of modified sources:
 - org.mockito.internal.configuration.injection.filter.MockCandidateFilter
 - org.mockito.internal.configuration.injection.filter.FinalMockCandidateFilter
 - org.mockito.internal.configuration.injection.filter.NameBasedCandidateFilter
 - org.mockito.internal.configuration.injection.filter.TypeBasedCandidateFilter
 - org.mockito.internal.configuration.injection.PropertyAndSetterInjection
--------------------------------------------------------------------------------
<end>
<start>
Summary of configuration for Project: Mockito
--------------------------------------------------------------------------------
    Script dir: /Users/mac/Documents/GitHub/SOEN7481/defects4j/framework
      Base dir: /Users/mac/Documents/GitHub/SOEN7481/defects4j
    Major root: /Users/mac/Documents/GitHub/SOEN7481/defects4j/major
      Repo dir: /Users/mac/Documents/GitHub/SOEN7481/defects4j/project_repos
--------------------------------------------------------------------------------
    Project ID: Mockito
       Program: mockito
    Build file: /Users/mac/Documents/GitHub/SOEN7481/defects4j/framework/build-scripts/Mockito/Mockito.build.xml
--------------------------------------------------------------------------------
           Vcs: Vcs::Git
    Repository: /Users/mac/Documents/GitHub/SOEN7481/defects4j/project_repos/mockito.git
     Commit db: /Users/mac/Documents/GitHub/SOEN7481/defects4j/framework/projects/Mockito/commit-db
Number of bugs: 38
--------------------------------------------------------------------------------

Summary for Bug: 20
--------------------------------------------------------------------------------
Root cause in triggering tests:
 - org.mockitousage.annotation.SpyAnnotationTest::should_spy_inner_class
   --> junit.framework.ComparisonFailure: expected:<[inner] strength> but was:<[null] strength>
 - org.mockitousage.annotation.SpyAnnotationTest::should_report_when_constructor_is_explosive
   --> junit.framework.AssertionFailedError
 - org.mockitousage.constructor.CreatingMocksWithConstructorTest::can_spy_abstract_classes
   --> junit.framework.ComparisonFailure: expected:<hey!> but was:<null>
 - org.mockitousage.constructor.CreatingMocksWithConstructorTest::exception_message_when_constructor_not_found
   --> junit.framework.AssertionFailedError
 - org.mockitousage.constructor.CreatingMocksWithConstructorTest::can_create_mock_with_constructor
   --> junit.framework.ComparisonFailure: expected:<hey!> but was:<null>
 - org.mockitousage.constructor.CreatingMocksWithConstructorTest::can_mock_inner_classes
   --> junit.framework.ComparisonFailure: expected:<hey!> but was:<null>
 - org.mockitousage.constructor.CreatingMocksWithConstructorTest::mocking_inner_classes_with_wrong_outer_instance
   --> junit.framework.AssertionFailedError
 - org.mockitousage.constructor.CreatingMocksWithConstructorTest::can_mock_abstract_classes
   --> junit.framework.ComparisonFailure: expected:<hey!> but was:<null>
--------------------------------------------------------------------------------
List of modified sources:
 - org.mockito.internal.creation.bytebuddy.MockBytecodeGenerator
 - org.mockito.internal.creation.bytebuddy.ByteBuddyMockMaker
--------------------------------------------------------------------------------
<end>
<start>
Summary of configuration for Project: Mockito
--------------------------------------------------------------------------------
    Script dir: /Users/mac/Documents/GitHub/SOEN7481/defects4j/framework
      Base dir: /Users/mac/Documents/GitHub/SOEN7481/defects4j
    Major root: /Users/mac/Documents/GitHub/SOEN7481/defects4j/major
      Repo dir: /Users/mac/Documents/GitHub/SOEN7481/defects4j/project_repos
--------------------------------------------------------------------------------
    Project ID: Mockito
       Program: mockito
    Build file: /Users/mac/Documents/GitHub/SOEN7481/defects4j/framework/build-scripts/Mockito/Mockito.build.xml
--------------------------------------------------------------------------------
           Vcs: Vcs::Git
    Repository: /Users/mac/Documents/GitHub/SOEN7481/defects4j/project_repos/mockito.git
     Commit db: /Users/mac/Documents/GitHub/SOEN7481/defects4j/framework/projects/Mockito/commit-db
Number of bugs: 38
--------------------------------------------------------------------------------

Summary for Bug: 21
--------------------------------------------------------------------------------
Root cause in triggering tests:
 - org.mockito.internal.creation.instance.ConstructorInstantiatorTest::creates_instances_of_inner_classes
   --> org.mockito.internal.creation.instance.InstantationException: Unable to create mock instance of 'SomeInnerClass'.
--------------------------------------------------------------------------------
List of modified sources:
 - org.mockito.internal.creation.instance.ConstructorInstantiator
--------------------------------------------------------------------------------
<end>
<start>
Summary of configuration for Project: Mockito
--------------------------------------------------------------------------------
    Script dir: /Users/mac/Documents/GitHub/SOEN7481/defects4j/framework
      Base dir: /Users/mac/Documents/GitHub/SOEN7481/defects4j
    Major root: /Users/mac/Documents/GitHub/SOEN7481/defects4j/major
      Repo dir: /Users/mac/Documents/GitHub/SOEN7481/defects4j/project_repos
--------------------------------------------------------------------------------
    Project ID: Mockito
       Program: mockito
    Build file: /Users/mac/Documents/GitHub/SOEN7481/defects4j/framework/build-scripts/Mockito/Mockito.build.xml
--------------------------------------------------------------------------------
           Vcs: Vcs::Git
    Repository: /Users/mac/Documents/GitHub/SOEN7481/defects4j/project_repos/mockito.git
     Commit db: /Users/mac/Documents/GitHub/SOEN7481/defects4j/framework/projects/Mockito/commit-db
Number of bugs: 38
--------------------------------------------------------------------------------

Summary for Bug: 22
--------------------------------------------------------------------------------
Root cause in triggering tests:
 - org.mockito.internal.matchers.EqualityTest::shouldKnowIfObjectsAreEqual
   --> java.lang.RuntimeException
--------------------------------------------------------------------------------
List of modified sources:
 - org.mockito.internal.matchers.Equality
--------------------------------------------------------------------------------
<end>
<start>
Summary of configuration for Project: Mockito
--------------------------------------------------------------------------------
    Script dir: /Users/mac/Documents/GitHub/SOEN7481/defects4j/framework
      Base dir: /Users/mac/Documents/GitHub/SOEN7481/defects4j
    Major root: /Users/mac/Documents/GitHub/SOEN7481/defects4j/major
      Repo dir: /Users/mac/Documents/GitHub/SOEN7481/defects4j/project_repos
--------------------------------------------------------------------------------
    Project ID: Mockito
       Program: mockito
    Build file: /Users/mac/Documents/GitHub/SOEN7481/defects4j/framework/build-scripts/Mockito/Mockito.build.xml
--------------------------------------------------------------------------------
           Vcs: Vcs::Git
    Repository: /Users/mac/Documents/GitHub/SOEN7481/defects4j/project_repos/mockito.git
     Commit db: /Users/mac/Documents/GitHub/SOEN7481/defects4j/framework/projects/Mockito/commit-db
Number of bugs: 38
--------------------------------------------------------------------------------

Summary for Bug: 23
--------------------------------------------------------------------------------
Root cause in triggering tests:
 - org.mockitousage.stubbing.DeepStubsSerializableTest::should_serialize_and_deserialize_mock_created_by_deep_stubs
   --> java.io.NotSerializableException: org.mockito.internal.stubbing.defaultanswers.ReturnsDeepStubs$2
--------------------------------------------------------------------------------
List of modified sources:
 - org.mockito.internal.stubbing.defaultanswers.ReturnsDeepStubs
 - org.mockito.internal.MockitoCore
 - org.mockito.internal.util.reflection.GenericMetadataSupport
 - org.mockito.internal.util.MockUtil
--------------------------------------------------------------------------------
<end>
<start>
Summary of configuration for Project: Mockito
--------------------------------------------------------------------------------
    Script dir: /Users/mac/Documents/GitHub/SOEN7481/defects4j/framework
      Base dir: /Users/mac/Documents/GitHub/SOEN7481/defects4j
    Major root: /Users/mac/Documents/GitHub/SOEN7481/defects4j/major
      Repo dir: /Users/mac/Documents/GitHub/SOEN7481/defects4j/project_repos
--------------------------------------------------------------------------------
    Project ID: Mockito
       Program: mockito
    Build file: /Users/mac/Documents/GitHub/SOEN7481/defects4j/framework/build-scripts/Mockito/Mockito.build.xml
--------------------------------------------------------------------------------
           Vcs: Vcs::Git
    Repository: /Users/mac/Documents/GitHub/SOEN7481/defects4j/project_repos/mockito.git
     Commit db: /Users/mac/Documents/GitHub/SOEN7481/defects4j/framework/projects/Mockito/commit-db
Number of bugs: 38
--------------------------------------------------------------------------------

Summary for Bug: 24
--------------------------------------------------------------------------------
Root cause in triggering tests:
 - org.concurrentmockito.ThreadsRunAllTestsHalfManualTest::shouldRunInMultipleThreads
   --> junit.framework.AssertionFailedError: Run in multiple thread failed
 - org.mockito.internal.stubbing.defaultanswers.ReturnsEmptyValuesTest::should_return_zero_if_mock_is_compared_to_itself
   --> junit.framework.AssertionFailedError: expected:<0> but was:<1>
 - org.mockitousage.bugs.ShouldMocksCompareToBeConsistentWithEqualsTest::should_compare_to_be_consistent_with_equals_when_comparing_the_same_reference
   --> junit.framework.AssertionFailedError: expected:<1> but was:<2>
--------------------------------------------------------------------------------
List of modified sources:
 - org.mockito.internal.stubbing.defaultanswers.ReturnsEmptyValues
--------------------------------------------------------------------------------
<end>
<start>
Summary of configuration for Project: Mockito
--------------------------------------------------------------------------------
    Script dir: /Users/mac/Documents/GitHub/SOEN7481/defects4j/framework
      Base dir: /Users/mac/Documents/GitHub/SOEN7481/defects4j
    Major root: /Users/mac/Documents/GitHub/SOEN7481/defects4j/major
      Repo dir: /Users/mac/Documents/GitHub/SOEN7481/defects4j/project_repos
--------------------------------------------------------------------------------
    Project ID: Mockito
       Program: mockito
    Build file: /Users/mac/Documents/GitHub/SOEN7481/defects4j/framework/build-scripts/Mockito/Mockito.build.xml
--------------------------------------------------------------------------------
           Vcs: Vcs::Git
    Repository: /Users/mac/Documents/GitHub/SOEN7481/defects4j/project_repos/mockito.git
     Commit db: /Users/mac/Documents/GitHub/SOEN7481/defects4j/framework/projects/Mockito/commit-db
Number of bugs: 38
--------------------------------------------------------------------------------

Summary for Bug: 25
--------------------------------------------------------------------------------
Root cause in triggering tests:
 - org.concurrentmockito.ThreadsRunAllTestsHalfManualTest::shouldRunInMultipleThreads
   --> junit.framework.AssertionFailedError: Run in multiple thread failed
 - org.mockito.internal.stubbing.defaultanswers.ReturnsGenericDeepStubsTest::will_return_default_value_on_non_mockable_nested_generic
   --> java.lang.ClassCastException: org.mockito.internal.creation.jmock.ClassImposterizer$ClassWithSuperclassToWorkAroundCglibBug$$EnhancerByMockitoWithCGLIB$$c14e755e cannot be cast to java.lang.String
 - org.mockito.internal.stubbing.defaultanswers.ReturnsGenericDeepStubsTest::can_create_mock_from_multiple_type_variable_bounds_when_return_type_of_parameterized_method_is_a_typevar_that_is_referencing_a_typevar_on_class
   --> java.lang.ClassCastException: $java.lang.Comparable$$EnhancerByMockitoWithCGLIB$$e317f21e cannot be cast to java.lang.Cloneable
 - org.mockito.internal.stubbing.defaultanswers.ReturnsGenericDeepStubsTest::can_create_mock_from_return_types_declared_with_a_bounded_wildcard
   --> java.lang.ClassCastException: org.mockito.internal.creation.jmock.ClassImposterizer$ClassWithSuperclassToWorkAroundCglibBug$$EnhancerByMockitoWithCGLIB$$c14e755e cannot be cast to java.lang.Number
 - org.mockito.internal.stubbing.defaultanswers.ReturnsGenericDeepStubsTest::can_create_mock_from_multiple_type_variable_bounds_when_return_type_of_parameterized_method_is_a_parameterizedtype_that_is_referencing_a_typevar_on_class
   --> java.lang.ClassCastException: org.mockito.internal.creation.jmock.ClassImposterizer$ClassWithSuperclassToWorkAroundCglibBug$$EnhancerByMockitoWithCGLIB$$c14e755e cannot be cast to java.lang.Cloneable
 - org.mockito.internal.stubbing.defaultanswers.ReturnsGenericDeepStubsTest::generic_deep_mock_frenzy__look_at_these_chained_calls
   --> java.lang.ClassCastException: org.mockito.internal.creation.jmock.ClassImposterizer$ClassWithSuperclassToWorkAroundCglibBug$$EnhancerByMockitoWithCGLIB$$c14e755e cannot be cast to java.util.Map$Entry
 - org.mockito.internal.stubbing.defaultanswers.ReturnsGenericDeepStubsTest::can_create_mock_from_multiple_type_variable_bounds_when_method_return_type_is_referencing_a_typevar_on_class
   --> java.lang.ClassCastException: $java.lang.Comparable$$EnhancerByMockitoWithCGLIB$$e317f21e cannot be cast to java.lang.Cloneable
--------------------------------------------------------------------------------
List of modified sources:
 - org.mockito.internal.creation.MockSettingsImpl
 - org.mockito.internal.util.ConsoleMockitoLogger
 - org.mockito.exceptions.Reporter
 - org.mockito.internal.creation.settings.CreationSettings
 - org.mockito.internal.stubbing.defaultanswers.ReturnsDeepStubs
 - org.mockito.internal.util.reflection.GenericMetadataSupport
 - org.mockito.internal.util.reflection.GenericMaster
--------------------------------------------------------------------------------
<end>
<start>
Summary of configuration for Project: Mockito
--------------------------------------------------------------------------------
    Script dir: /Users/mac/Documents/GitHub/SOEN7481/defects4j/framework
      Base dir: /Users/mac/Documents/GitHub/SOEN7481/defects4j
    Major root: /Users/mac/Documents/GitHub/SOEN7481/defects4j/major
      Repo dir: /Users/mac/Documents/GitHub/SOEN7481/defects4j/project_repos
--------------------------------------------------------------------------------
    Project ID: Mockito
       Program: mockito
    Build file: /Users/mac/Documents/GitHub/SOEN7481/defects4j/framework/build-scripts/Mockito/Mockito.build.xml
--------------------------------------------------------------------------------
           Vcs: Vcs::Git
    Repository: /Users/mac/Documents/GitHub/SOEN7481/defects4j/project_repos/mockito.git
     Commit db: /Users/mac/Documents/GitHub/SOEN7481/defects4j/framework/projects/Mockito/commit-db
Number of bugs: 38
--------------------------------------------------------------------------------

Summary for Bug: 26
--------------------------------------------------------------------------------
Root cause in triggering tests:
 - org.concurrentmockito.ThreadsRunAllTestsHalfManualTest::shouldRunInMultipleThreads
   --> junit.framework.AssertionFailedError: Run in multiple thread failed
 - org.mockito.internal.progress.HandyReturnValuesTest::should_default_values_for_primitive
   --> java.lang.ClassCastException: java.lang.Integer cannot be cast to java.lang.Character
 - org.mockito.internal.stubbing.defaultanswers.ReturnsEmptyValuesTest::should_return_primitive
   --> junit.framework.AssertionFailedError: expected:<0> but was:<0>
 - org.mockito.internal.stubbing.defaultanswers.ReturnsMocksTest::should_return_the_usual_default_values_for_primitives
   --> junit.framework.AssertionFailedError: expected:<0> but was:<0>
 - org.mockito.internal.stubbing.defaultanswers.ReturnsSmartNullsTest::should_return_the_usual_default_values_for_primitives
   --> junit.framework.AssertionFailedError: expected:<0> but was:<0>
--------------------------------------------------------------------------------
List of modified sources:
 - org.mockito.internal.util.Primitives
 - org.mockito.internal.stubbing.defaultanswers.ReturnsEmptyValues
--------------------------------------------------------------------------------
<end>
<start>
Summary of configuration for Project: Mockito
--------------------------------------------------------------------------------
    Script dir: /Users/mac/Documents/GitHub/SOEN7481/defects4j/framework
      Base dir: /Users/mac/Documents/GitHub/SOEN7481/defects4j
    Major root: /Users/mac/Documents/GitHub/SOEN7481/defects4j/major
      Repo dir: /Users/mac/Documents/GitHub/SOEN7481/defects4j/project_repos
--------------------------------------------------------------------------------
    Project ID: Mockito
       Program: mockito
    Build file: /Users/mac/Documents/GitHub/SOEN7481/defects4j/framework/build-scripts/Mockito/Mockito.build.xml
--------------------------------------------------------------------------------
           Vcs: Vcs::Git
    Repository: /Users/mac/Documents/GitHub/SOEN7481/defects4j/project_repos/mockito.git
     Commit db: /Users/mac/Documents/GitHub/SOEN7481/defects4j/framework/projects/Mockito/commit-db
Number of bugs: 38
--------------------------------------------------------------------------------

Summary for Bug: 27
--------------------------------------------------------------------------------
Root cause in triggering tests:
 - org.mockitousage.bugs.ListenersLostOnResetMockTest::listener
   --> junit.framework.AssertionFailedError: 
--------------------------------------------------------------------------------
List of modified sources:
 - org.mockito.internal.util.MockUtil
--------------------------------------------------------------------------------
<end>
<start>
Summary of configuration for Project: Mockito
--------------------------------------------------------------------------------
    Script dir: /Users/mac/Documents/GitHub/SOEN7481/defects4j/framework
      Base dir: /Users/mac/Documents/GitHub/SOEN7481/defects4j
    Major root: /Users/mac/Documents/GitHub/SOEN7481/defects4j/major
      Repo dir: /Users/mac/Documents/GitHub/SOEN7481/defects4j/project_repos
--------------------------------------------------------------------------------
    Project ID: Mockito
       Program: mockito
    Build file: /Users/mac/Documents/GitHub/SOEN7481/defects4j/framework/build-scripts/Mockito/Mockito.build.xml
--------------------------------------------------------------------------------
           Vcs: Vcs::Git
    Repository: /Users/mac/Documents/GitHub/SOEN7481/defects4j/project_repos/mockito.git
     Commit db: /Users/mac/Documents/GitHub/SOEN7481/defects4j/framework/projects/Mockito/commit-db
Number of bugs: 38
--------------------------------------------------------------------------------

Summary for Bug: 28
--------------------------------------------------------------------------------
Root cause in triggering tests:
 - org.mockitousage.bugs.InjectionByTypeShouldFirstLookForExactTypeThenAncestorTest::mock_should_be_injected_once_and_in_the_best_matching_type
   --> junit.framework.AssertionFailedError: expected same:<java.lang.Object@6cc90398> was not:<mockedBean>
--------------------------------------------------------------------------------
List of modified sources:
 - org.mockito.internal.configuration.injection.FinalMockCandidateFilter
 - org.mockito.internal.configuration.injection.OngoingInjecter
 - org.mockito.internal.configuration.DefaultInjectionEngine
--------------------------------------------------------------------------------
<end>
<start>
Summary of configuration for Project: Mockito
--------------------------------------------------------------------------------
    Script dir: /Users/mac/Documents/GitHub/SOEN7481/defects4j/framework
      Base dir: /Users/mac/Documents/GitHub/SOEN7481/defects4j
    Major root: /Users/mac/Documents/GitHub/SOEN7481/defects4j/major
      Repo dir: /Users/mac/Documents/GitHub/SOEN7481/defects4j/project_repos
--------------------------------------------------------------------------------
    Project ID: Mockito
       Program: mockito
    Build file: /Users/mac/Documents/GitHub/SOEN7481/defects4j/framework/build-scripts/Mockito/Mockito.build.xml
--------------------------------------------------------------------------------
           Vcs: Vcs::Git
    Repository: /Users/mac/Documents/GitHub/SOEN7481/defects4j/project_repos/mockito.git
     Commit db: /Users/mac/Documents/GitHub/SOEN7481/defects4j/framework/projects/Mockito/commit-db
Number of bugs: 38
--------------------------------------------------------------------------------

Summary for Bug: 29
--------------------------------------------------------------------------------
Root cause in triggering tests:
 - org.mockitousage.bugs.NPEWithCertainMatchersTest::shouldNotThrowNPEWhenNullPassedToSame
   --> java.lang.Exception: Unexpected exception, expected<java.lang.AssertionError> but was<java.lang.NullPointerException>
--------------------------------------------------------------------------------
List of modified sources:
 - org.mockito.internal.matchers.Same
--------------------------------------------------------------------------------
<end>
<start>
Summary of configuration for Project: Mockito
--------------------------------------------------------------------------------
    Script dir: /Users/mac/Documents/GitHub/SOEN7481/defects4j/framework
      Base dir: /Users/mac/Documents/GitHub/SOEN7481/defects4j
    Major root: /Users/mac/Documents/GitHub/SOEN7481/defects4j/major
      Repo dir: /Users/mac/Documents/GitHub/SOEN7481/defects4j/project_repos
--------------------------------------------------------------------------------
    Project ID: Mockito
       Program: mockito
    Build file: /Users/mac/Documents/GitHub/SOEN7481/defects4j/framework/build-scripts/Mockito/Mockito.build.xml
--------------------------------------------------------------------------------
           Vcs: Vcs::Git
    Repository: /Users/mac/Documents/GitHub/SOEN7481/defects4j/project_repos/mockito.git
     Commit db: /Users/mac/Documents/GitHub/SOEN7481/defects4j/framework/projects/Mockito/commit-db
Number of bugs: 38
--------------------------------------------------------------------------------

Summary for Bug: 30
--------------------------------------------------------------------------------
Root cause in triggering tests:
 - org.mockito.internal.stubbing.defaultanswers.ReturnsSmartNullsTest::shouldPrintTheParametersOnSmartNullPointerExceptionMessage
   --> junit.framework.AssertionFailedError: Exception message should include oompa and lumpa, but was: 
--------------------------------------------------------------------------------
List of modified sources:
 - org.mockito.internal.stubbing.defaultanswers.ReturnsSmartNulls
 - org.mockito.exceptions.Reporter
--------------------------------------------------------------------------------
<end>
<start>
Summary of configuration for Project: Mockito
--------------------------------------------------------------------------------
    Script dir: /Users/mac/Documents/GitHub/SOEN7481/defects4j/framework
      Base dir: /Users/mac/Documents/GitHub/SOEN7481/defects4j
    Major root: /Users/mac/Documents/GitHub/SOEN7481/defects4j/major
      Repo dir: /Users/mac/Documents/GitHub/SOEN7481/defects4j/project_repos
--------------------------------------------------------------------------------
    Project ID: Mockito
       Program: mockito
    Build file: /Users/mac/Documents/GitHub/SOEN7481/defects4j/framework/build-scripts/Mockito/Mockito.build.xml
--------------------------------------------------------------------------------
           Vcs: Vcs::Git
    Repository: /Users/mac/Documents/GitHub/SOEN7481/defects4j/project_repos/mockito.git
     Commit db: /Users/mac/Documents/GitHub/SOEN7481/defects4j/framework/projects/Mockito/commit-db
Number of bugs: 38
--------------------------------------------------------------------------------

Summary for Bug: 31
--------------------------------------------------------------------------------
Root cause in triggering tests:
 - org.mockito.internal.stubbing.defaultanswers.ReturnsSmartNullsTest::shouldPrintTheParametersWhenCallingAMethodWithArgs
   --> junit.framework.ComparisonFailure: expected:<... unstubbed withArgs([oompa, lumpa]) method on mock> but was:<... unstubbed withArgs([]) method on mock>
--------------------------------------------------------------------------------
List of modified sources:
 - org.mockito.internal.stubbing.defaultanswers.ReturnsSmartNulls
--------------------------------------------------------------------------------
<end>
<start>
Summary of configuration for Project: Mockito
--------------------------------------------------------------------------------
    Script dir: /Users/mac/Documents/GitHub/SOEN7481/defects4j/framework
      Base dir: /Users/mac/Documents/GitHub/SOEN7481/defects4j
    Major root: /Users/mac/Documents/GitHub/SOEN7481/defects4j/major
      Repo dir: /Users/mac/Documents/GitHub/SOEN7481/defects4j/project_repos
--------------------------------------------------------------------------------
    Project ID: Mockito
       Program: mockito
    Build file: /Users/mac/Documents/GitHub/SOEN7481/defects4j/framework/build-scripts/Mockito/Mockito.build.xml
--------------------------------------------------------------------------------
           Vcs: Vcs::Git
    Repository: /Users/mac/Documents/GitHub/SOEN7481/defects4j/project_repos/mockito.git
     Commit db: /Users/mac/Documents/GitHub/SOEN7481/defects4j/framework/projects/Mockito/commit-db
Number of bugs: 38
--------------------------------------------------------------------------------

Summary for Bug: 32
--------------------------------------------------------------------------------
Root cause in triggering tests:
 - org.mockitousage.bugs.SpyShouldHaveNiceNameTest::shouldPrintNiceName
   --> junit.framework.AssertionFailedError: <'
--------------------------------------------------------------------------------
List of modified sources:
 - org.mockito.internal.configuration.SpyAnnotationEngine
--------------------------------------------------------------------------------
<end>
<start>
Summary of configuration for Project: Mockito
--------------------------------------------------------------------------------
    Script dir: /Users/mac/Documents/GitHub/SOEN7481/defects4j/framework
      Base dir: /Users/mac/Documents/GitHub/SOEN7481/defects4j
    Major root: /Users/mac/Documents/GitHub/SOEN7481/defects4j/major
      Repo dir: /Users/mac/Documents/GitHub/SOEN7481/defects4j/project_repos
--------------------------------------------------------------------------------
    Project ID: Mockito
       Program: mockito
    Build file: /Users/mac/Documents/GitHub/SOEN7481/defects4j/framework/build-scripts/Mockito/Mockito.build.xml
--------------------------------------------------------------------------------
           Vcs: Vcs::Git
    Repository: /Users/mac/Documents/GitHub/SOEN7481/defects4j/project_repos/mockito.git
     Commit db: /Users/mac/Documents/GitHub/SOEN7481/defects4j/framework/projects/Mockito/commit-db
Number of bugs: 38
--------------------------------------------------------------------------------

Summary for Bug: 33
--------------------------------------------------------------------------------
Root cause in triggering tests:
 - org.mockitousage.bugs.InheritedGenericsPolimorphicCallTest::shouldStubbingWork
   --> junit.framework.AssertionFailedError
 - org.mockitousage.bugs.InheritedGenericsPolimorphicCallTest::shouldVerificationWorks
   --> junit.framework.AssertionFailedError: 
--------------------------------------------------------------------------------
List of modified sources:
 - org.mockito.internal.invocation.InvocationMatcher
--------------------------------------------------------------------------------
<end>
<start>
Summary of configuration for Project: Mockito
--------------------------------------------------------------------------------
    Script dir: /Users/mac/Documents/GitHub/SOEN7481/defects4j/framework
      Base dir: /Users/mac/Documents/GitHub/SOEN7481/defects4j
    Major root: /Users/mac/Documents/GitHub/SOEN7481/defects4j/major
      Repo dir: /Users/mac/Documents/GitHub/SOEN7481/defects4j/project_repos
--------------------------------------------------------------------------------
    Project ID: Mockito
       Program: mockito
    Build file: /Users/mac/Documents/GitHub/SOEN7481/defects4j/framework/build-scripts/Mockito/Mockito.build.xml
--------------------------------------------------------------------------------
           Vcs: Vcs::Git
    Repository: /Users/mac/Documents/GitHub/SOEN7481/defects4j/project_repos/mockito.git
     Commit db: /Users/mac/Documents/GitHub/SOEN7481/defects4j/framework/projects/Mockito/commit-db
Number of bugs: 38
--------------------------------------------------------------------------------

Summary for Bug: 34
--------------------------------------------------------------------------------
Root cause in triggering tests:
 - org.concurrentmockito.ThreadsRunAllTestsHalfManualTest::shouldRunInMultipleThreads
   --> junit.framework.AssertionFailedError: Run in multiple thread failed
 - org.mockito.internal.invocation.InvocationMatcherTest::shouldMatchCaptureArgumentsWhenArgsCountDoesNOTMatch
   --> java.lang.ArrayIndexOutOfBoundsException: 0
 - org.mockitousage.basicapi.UsingVarargsTest::shouldMatchEasilyEmptyVararg
   --> java.lang.ArrayIndexOutOfBoundsException: 0
--------------------------------------------------------------------------------
List of modified sources:
 - org.mockito.internal.invocation.InvocationMatcher
--------------------------------------------------------------------------------
<end>
<start>
Summary of configuration for Project: Mockito
--------------------------------------------------------------------------------
    Script dir: /Users/mac/Documents/GitHub/SOEN7481/defects4j/framework
      Base dir: /Users/mac/Documents/GitHub/SOEN7481/defects4j
    Major root: /Users/mac/Documents/GitHub/SOEN7481/defects4j/major
      Repo dir: /Users/mac/Documents/GitHub/SOEN7481/defects4j/project_repos
--------------------------------------------------------------------------------
    Project ID: Mockito
       Program: mockito
    Build file: /Users/mac/Documents/GitHub/SOEN7481/defects4j/framework/build-scripts/Mockito/Mockito.build.xml
--------------------------------------------------------------------------------
           Vcs: Vcs::Git
    Repository: /Users/mac/Documents/GitHub/SOEN7481/defects4j/project_repos/mockito.git
     Commit db: /Users/mac/Documents/GitHub/SOEN7481/defects4j/framework/projects/Mockito/commit-db
Number of bugs: 38
--------------------------------------------------------------------------------

Summary for Bug: 35
--------------------------------------------------------------------------------
Root cause in triggering tests:
 - org.mockitousage.bugs.NPEWithCertainMatchersTest::shouldNotThrowNPEWhenIntPassed
   --> java.lang.NullPointerException
 - org.mockitousage.bugs.NPEWithCertainMatchersTest::shouldNotThrowNPEWhenIntegerPassed
   --> java.lang.NullPointerException
 - org.mockitousage.bugs.NPEWithCertainMatchersTest::shouldNotThrowNPEWhenIntegerPassedToEq
   --> java.lang.NullPointerException
 - org.mockitousage.bugs.NPEWithCertainMatchersTest::shouldNotThrowNPEWhenIntegerPassedToSame
   --> java.lang.NullPointerException
--------------------------------------------------------------------------------
List of modified sources:
 - org.mockito.Matchers
 - org.mockito.internal.progress.HandyReturnValues
 - org.mockito.internal.util.Primitives
--------------------------------------------------------------------------------
<end>
<start>
Summary of configuration for Project: Mockito
--------------------------------------------------------------------------------
    Script dir: /Users/mac/Documents/GitHub/SOEN7481/defects4j/framework
      Base dir: /Users/mac/Documents/GitHub/SOEN7481/defects4j
    Major root: /Users/mac/Documents/GitHub/SOEN7481/defects4j/major
      Repo dir: /Users/mac/Documents/GitHub/SOEN7481/defects4j/project_repos
--------------------------------------------------------------------------------
    Project ID: Mockito
       Program: mockito
    Build file: /Users/mac/Documents/GitHub/SOEN7481/defects4j/framework/build-scripts/Mockito/Mockito.build.xml
--------------------------------------------------------------------------------
           Vcs: Vcs::Git
    Repository: /Users/mac/Documents/GitHub/SOEN7481/defects4j/project_repos/mockito.git
     Commit db: /Users/mac/Documents/GitHub/SOEN7481/defects4j/framework/projects/Mockito/commit-db
Number of bugs: 38
--------------------------------------------------------------------------------

Summary for Bug: 36
--------------------------------------------------------------------------------
Root cause in triggering tests:
 - org.concurrentmockito.ThreadsRunAllTestsHalfManualTest::shouldRunInMultipleThreads
   --> junit.framework.AssertionFailedError: Run in multiple thread failed
 - org.mockito.internal.invocation.InvocationTest::shouldScreamWhenCallingRealMethodOnInterface
   --> java.lang.NullPointerException
 - org.mockitousage.spies.SpyingOnInterfacesTest::shouldFailInRuntimeWhenCallingRealMethodOnInterface
   --> java.lang.NoSuchMethodError: java.lang.Object.get(I)Ljava/lang/Object;
--------------------------------------------------------------------------------
List of modified sources:
 - org.mockito.internal.invocation.Invocation
--------------------------------------------------------------------------------
<end>
<start>
Summary of configuration for Project: Mockito
--------------------------------------------------------------------------------
    Script dir: /Users/mac/Documents/GitHub/SOEN7481/defects4j/framework
      Base dir: /Users/mac/Documents/GitHub/SOEN7481/defects4j
    Major root: /Users/mac/Documents/GitHub/SOEN7481/defects4j/major
      Repo dir: /Users/mac/Documents/GitHub/SOEN7481/defects4j/project_repos
--------------------------------------------------------------------------------
    Project ID: Mockito
       Program: mockito
    Build file: /Users/mac/Documents/GitHub/SOEN7481/defects4j/framework/build-scripts/Mockito/Mockito.build.xml
--------------------------------------------------------------------------------
           Vcs: Vcs::Git
    Repository: /Users/mac/Documents/GitHub/SOEN7481/defects4j/project_repos/mockito.git
     Commit db: /Users/mac/Documents/GitHub/SOEN7481/defects4j/framework/projects/Mockito/commit-db
Number of bugs: 38
--------------------------------------------------------------------------------

Summary for Bug: 37
--------------------------------------------------------------------------------
Root cause in triggering tests:
 - org.mockito.internal.stubbing.answers.AnswersValidatorTest::shouldFailWhenCallingRealMethodOnIterface
   --> junit.framework.AssertionFailedError
 - org.mockitousage.spies.SpyingOnInterfacesTest::shouldFailFastWhenCallingRealMethodOnInterface
   --> junit.framework.AssertionFailedError
--------------------------------------------------------------------------------
List of modified sources:
 - org.mockito.internal.invocation.SerializableMockitoMethod
 - org.mockito.internal.stubbing.BaseStubbing
 - org.mockito.internal.stubbing.answers.AnswersValidator
 - org.mockito.exceptions.Reporter
 - org.mockito.internal.invocation.MockitoMethod
--------------------------------------------------------------------------------
<end>
<start>
Summary of configuration for Project: Mockito
--------------------------------------------------------------------------------
    Script dir: /Users/mac/Documents/GitHub/SOEN7481/defects4j/framework
      Base dir: /Users/mac/Documents/GitHub/SOEN7481/defects4j
    Major root: /Users/mac/Documents/GitHub/SOEN7481/defects4j/major
      Repo dir: /Users/mac/Documents/GitHub/SOEN7481/defects4j/project_repos
--------------------------------------------------------------------------------
    Project ID: Mockito
       Program: mockito
    Build file: /Users/mac/Documents/GitHub/SOEN7481/defects4j/framework/build-scripts/Mockito/Mockito.build.xml
--------------------------------------------------------------------------------
           Vcs: Vcs::Git
    Repository: /Users/mac/Documents/GitHub/SOEN7481/defects4j/project_repos/mockito.git
     Commit db: /Users/mac/Documents/GitHub/SOEN7481/defects4j/framework/projects/Mockito/commit-db
Number of bugs: 38
--------------------------------------------------------------------------------

Summary for Bug: 38
--------------------------------------------------------------------------------
Root cause in triggering tests:
 - org.mockito.internal.verification.argumentmatching.ArgumentMatchingToolTest::shouldWorkFineWhenGivenArgIsNull
   --> java.lang.NullPointerException
 - org.mockitousage.bugs.ActualInvocationHasNullArgumentNPEBugTest::shouldAllowPassingNullArgument
   --> java.lang.NullPointerException
--------------------------------------------------------------------------------
List of modified sources:
 - org.mockito.internal.verification.argumentmatching.ArgumentMatchingTool
--------------------------------------------------------------------------------
<end>
